[0.000000] (-) TimerEvent: {}
[0.000499] (-) JobUnselected: {'identifier': 'my_robot'}
[0.000563] (turtlebot3_simulation) JobQueued: {'identifier': 'turtlebot3_simulation', 'dependencies': OrderedDict()}
[0.000614] (turtlebot3_simulation) JobStarted: {'identifier': 'turtlebot3_simulation'}
[0.013664] (turtlebot3_simulation) JobProgress: {'identifier': 'turtlebot3_simulation', 'progress': 'cmake'}
[0.014633] (turtlebot3_simulation) JobProgress: {'identifier': 'turtlebot3_simulation', 'progress': 'build'}
[0.015390] (turtlebot3_simulation) Command: {'cmd': ['/usr/bin/cmake', '--build', '/root/ros2_ws/build/turtlebot3_simulation', '--', '-j8', '-l8'], 'cwd': '/root/ros2_ws/build/turtlebot3_simulation', 'env': OrderedDict([('HOSTNAME', 'fedora'), ('SHLVL', '1'), ('LIBGL_ALWAYS_SOFTWARE', '1'), ('LD_LIBRARY_PATH', '/usr/lib/x86_64-linux-gnu/gazebo-11/plugins:/opt/ros/humble/opt/rviz_ogre_vendor/lib:/opt/ros/humble/lib/x86_64-linux-gnu:/opt/ros/humble/lib'), ('HOME', '/root'), ('OLDPWD', '/root/ros2_ws'), ('ROS_PYTHON_VERSION', '3'), ('ROS_DISTRO', 'humble'), ('_', '/usr/bin/colcon'), ('ROS_VERSION', '2'), ('ROS_LOCALHOST_ONLY', '0'), ('QT_X11_NO_MITSHM', '1'), ('PATH', '/opt/ros/humble/bin:/usr/local/sbin:/usr/local/bin:/usr/sbin:/usr/bin:/sbin:/bin'), ('DISPLAY', ':0'), ('LANG', 'C.UTF-8'), ('AMENT_PREFIX_PATH', '/opt/ros/humble'), ('PWD', '/root/ros2_ws/build/turtlebot3_simulation'), ('LC_ALL', 'C.UTF-8'), ('PYTHONPATH', '/opt/ros/humble/lib/python3.10/site-packages:/opt/ros/humble/local/lib/python3.10/dist-packages'), ('COLCON', '1'), ('CMAKE_PREFIX_PATH', '/opt/ros/humble')]), 'shell': False}
[0.099502] (-) TimerEvent: {}
[0.151318] (turtlebot3_simulation) CommandEnded: {'returncode': 0}
[0.152205] (turtlebot3_simulation) JobProgress: {'identifier': 'turtlebot3_simulation', 'progress': 'install'}
[0.162007] (turtlebot3_simulation) Command: {'cmd': ['/usr/bin/cmake', '--install', '/root/ros2_ws/build/turtlebot3_simulation'], 'cwd': '/root/ros2_ws/build/turtlebot3_simulation', 'env': OrderedDict([('HOSTNAME', 'fedora'), ('SHLVL', '1'), ('LIBGL_ALWAYS_SOFTWARE', '1'), ('LD_LIBRARY_PATH', '/usr/lib/x86_64-linux-gnu/gazebo-11/plugins:/opt/ros/humble/opt/rviz_ogre_vendor/lib:/opt/ros/humble/lib/x86_64-linux-gnu:/opt/ros/humble/lib'), ('HOME', '/root'), ('OLDPWD', '/root/ros2_ws'), ('ROS_PYTHON_VERSION', '3'), ('ROS_DISTRO', 'humble'), ('_', '/usr/bin/colcon'), ('ROS_VERSION', '2'), ('ROS_LOCALHOST_ONLY', '0'), ('QT_X11_NO_MITSHM', '1'), ('PATH', '/opt/ros/humble/bin:/usr/local/sbin:/usr/local/bin:/usr/sbin:/usr/bin:/sbin:/bin'), ('DISPLAY', ':0'), ('LANG', 'C.UTF-8'), ('AMENT_PREFIX_PATH', '/opt/ros/humble'), ('PWD', '/root/ros2_ws/build/turtlebot3_simulation'), ('LC_ALL', 'C.UTF-8'), ('PYTHONPATH', '/opt/ros/humble/lib/python3.10/site-packages:/opt/ros/humble/local/lib/python3.10/dist-packages'), ('COLCON', '1'), ('CMAKE_PREFIX_PATH', '/opt/ros/humble')]), 'shell': False}
[0.170519] (turtlebot3_simulation) StdoutLine: {'line': b'-- Install configuration: ""\n'}
[0.171300] (turtlebot3_simulation) StdoutLine: {'line': b'-- Up-to-date: /root/ros2_ws/install/turtlebot3_simulation/lib/turtlebot3_simulation/velocity_controller.py\n'}
[0.171404] (turtlebot3_simulation) StdoutLine: {'line': b'-- Up-to-date: /root/ros2_ws/install/turtlebot3_simulation/lib/turtlebot3_simulation/teleop_node.py\n'}
[0.171481] (turtlebot3_simulation) StdoutLine: {'line': b'-- Up-to-date: /root/ros2_ws/install/turtlebot3_simulation/lib/turtlebot3_simulation/service_server.py\n'}
[0.171553] (turtlebot3_simulation) StdoutLine: {'line': b'-- Up-to-date: /root/ros2_ws/install/turtlebot3_simulation/lib/turtlebot3_simulation/action_server.py\n'}
[0.172125] (turtlebot3_simulation) StdoutLine: {'line': b'-- Up-to-date: /root/ros2_ws/install/turtlebot3_simulation/lib/turtlebot3_simulation\n'}
[0.172210] (turtlebot3_simulation) StdoutLine: {'line': b'-- Up-to-date: /root/ros2_ws/install/turtlebot3_simulation/lib/turtlebot3_simulation/velocity_controller.py\n'}
[0.172286] (turtlebot3_simulation) StdoutLine: {'line': b'-- Up-to-date: /root/ros2_ws/install/turtlebot3_simulation/lib/turtlebot3_simulation/teleop_node.py\n'}
[0.172370] (turtlebot3_simulation) StdoutLine: {'line': b'-- Up-to-date: /root/ros2_ws/install/turtlebot3_simulation/lib/turtlebot3_simulation/service_server.py\n'}
[0.172681] (turtlebot3_simulation) StdoutLine: {'line': b'-- Up-to-date: /root/ros2_ws/install/turtlebot3_simulation/lib/turtlebot3_simulation/action_server.py\n'}
[0.172759] (turtlebot3_simulation) StdoutLine: {'line': b'-- Up-to-date: /root/ros2_ws/install/turtlebot3_simulation/share/turtlebot3_simulation/launch\n'}
[0.172831] (turtlebot3_simulation) StdoutLine: {'line': b'-- Up-to-date: /root/ros2_ws/install/turtlebot3_simulation/share/turtlebot3_simulation/launch/turtlebot3_simulation.launch.py\n'}
[0.172917] (turtlebot3_simulation) StdoutLine: {'line': b'-- Up-to-date: /root/ros2_ws/install/turtlebot3_simulation/share/turtlebot3_simulation/launch/gazebo_only.launch.py\n'}
[0.172988] (turtlebot3_simulation) StdoutLine: {'line': b'-- Up-to-date: /root/ros2_ws/install/turtlebot3_simulation/share/turtlebot3_simulation/launch/rviz_only.launch.py\n'}
[0.173057] (turtlebot3_simulation) StdoutLine: {'line': b'-- Up-to-date: /root/ros2_ws/install/turtlebot3_simulation/share/turtlebot3_simulation/urdf\n'}
[0.173126] (turtlebot3_simulation) StdoutLine: {'line': b'-- Up-to-date: /root/ros2_ws/install/turtlebot3_simulation/share/turtlebot3_simulation/urdf/turtlebot3_burger.urdf\n'}
[0.173195] (turtlebot3_simulation) StdoutLine: {'line': b'-- Up-to-date: /root/ros2_ws/install/turtlebot3_simulation/share/turtlebot3_simulation/rviz\n'}
[0.173265] (turtlebot3_simulation) StdoutLine: {'line': b'-- Up-to-date: /root/ros2_ws/install/turtlebot3_simulation/share/turtlebot3_simulation/rviz/turtlebot3_view.rviz\n'}
[0.173351] (turtlebot3_simulation) StdoutLine: {'line': b'-- Up-to-date: /root/ros2_ws/install/turtlebot3_simulation/share/turtlebot3_simulation/config\n'}
[0.173421] (turtlebot3_simulation) StdoutLine: {'line': b'-- Up-to-date: /root/ros2_ws/install/turtlebot3_simulation/share/turtlebot3_simulation/config/turtlebot3_params.yaml\n'}
[0.173491] (turtlebot3_simulation) StdoutLine: {'line': b'-- Up-to-date: /root/ros2_ws/install/turtlebot3_simulation/share/turtlebot3_simulation/worlds\n'}
[0.173559] (turtlebot3_simulation) StdoutLine: {'line': b'-- Up-to-date: /root/ros2_ws/install/turtlebot3_simulation/share/turtlebot3_simulation/worlds/empty_world.world\n'}
[0.173641] (turtlebot3_simulation) StdoutLine: {'line': b'-- Up-to-date: /root/ros2_ws/install/turtlebot3_simulation/share/ament_index/resource_index/package_run_dependencies/turtlebot3_simulation\n'}
[0.173748] (turtlebot3_simulation) StdoutLine: {'line': b'-- Up-to-date: /root/ros2_ws/install/turtlebot3_simulation/share/ament_index/resource_index/parent_prefix_path/turtlebot3_simulation\n'}
[0.173868] (turtlebot3_simulation) StdoutLine: {'line': b'-- Up-to-date: /root/ros2_ws/install/turtlebot3_simulation/share/turtlebot3_simulation/environment/ament_prefix_path.sh\n'}
[0.173944] (turtlebot3_simulation) StdoutLine: {'line': b'-- Up-to-date: /root/ros2_ws/install/turtlebot3_simulation/share/turtlebot3_simulation/environment/ament_prefix_path.dsv\n'}
[0.174014] (turtlebot3_simulation) StdoutLine: {'line': b'-- Up-to-date: /root/ros2_ws/install/turtlebot3_simulation/share/turtlebot3_simulation/environment/path.sh\n'}
[0.174084] (turtlebot3_simulation) StdoutLine: {'line': b'-- Up-to-date: /root/ros2_ws/install/turtlebot3_simulation/share/turtlebot3_simulation/environment/path.dsv\n'}
[0.174153] (turtlebot3_simulation) StdoutLine: {'line': b'-- Up-to-date: /root/ros2_ws/install/turtlebot3_simulation/share/turtlebot3_simulation/local_setup.bash\n'}
[0.174453] (turtlebot3_simulation) StdoutLine: {'line': b'-- Up-to-date: /root/ros2_ws/install/turtlebot3_simulation/share/turtlebot3_simulation/local_setup.sh\n'}
[0.175100] (turtlebot3_simulation) StdoutLine: {'line': b'-- Up-to-date: /root/ros2_ws/install/turtlebot3_simulation/share/turtlebot3_simulation/local_setup.zsh\n'}
[0.175300] (turtlebot3_simulation) StdoutLine: {'line': b'-- Up-to-date: /root/ros2_ws/install/turtlebot3_simulation/share/turtlebot3_simulation/local_setup.dsv\n'}
[0.175548] (turtlebot3_simulation) StdoutLine: {'line': b'-- Installing: /root/ros2_ws/install/turtlebot3_simulation/share/turtlebot3_simulation/package.dsv\n'}
[0.175694] (turtlebot3_simulation) StdoutLine: {'line': b'-- Up-to-date: /root/ros2_ws/install/turtlebot3_simulation/share/ament_index/resource_index/packages/turtlebot3_simulation\n'}
[0.175953] (turtlebot3_simulation) StdoutLine: {'line': b'-- Up-to-date: /root/ros2_ws/install/turtlebot3_simulation/share/turtlebot3_simulation/cmake/turtlebot3_simulationConfig.cmake\n'}
[0.176102] (turtlebot3_simulation) StdoutLine: {'line': b'-- Up-to-date: /root/ros2_ws/install/turtlebot3_simulation/share/turtlebot3_simulation/cmake/turtlebot3_simulationConfig-version.cmake\n'}
[0.176316] (turtlebot3_simulation) StdoutLine: {'line': b'-- Up-to-date: /root/ros2_ws/install/turtlebot3_simulation/share/turtlebot3_simulation/package.xml\n'}
[0.176447] (turtlebot3_simulation) CommandEnded: {'returncode': 0}
[0.199668] (-) TimerEvent: {}
[0.207149] (turtlebot3_simulation) JobEnded: {'identifier': 'turtlebot3_simulation', 'rc': 0}
[0.207614] (-) EventReactorShutdown: {}
