[0.017s] Invoking command in '/home/skywalker/ros2_ws/build/my_robot': DEBUGINFOD_URLS=ima:enforcing https://debuginfod.fedoraproject.org/ ima:ignore _=/usr/bin/env /usr/bin/cmake /home/skywalker/ros2_ws/src/my_robot -DCMAKE_INSTALL_PREFIX=/home/skywalker/ros2_ws/install/my_robot
[0.035s] [0mCMake Deprecation Warning at CMakeLists.txt:1 (cmake_minimum_required):
[0.036s]   Compatibility with CMake < 3.10 will be removed from a future version of
[0.036s]   CMake.
[0.036s] 
[0.036s]   Update the VERSION argument <min> value.  Or, use the <min>...<max> syntax
[0.036s]   to tell CMake that the project requires at least <min> but has been updated
[0.037s]   to work with policies introduced by <max> or earlier.
[0.037s] 
[0.037s] [0m
[0.312s] -- The C compiler identification is GNU 15.2.1
[0.633s] -- The CXX compiler identification is GNU 15.2.1
[0.659s] -- Detecting C compiler ABI info
[0.781s] -- Detecting C compiler ABI info - done
[0.804s] -- Check for working C compiler: /usr/bin/cc - skipped
[0.804s] -- Detecting C compile features
[0.804s] -- Detecting C compile features - done
[0.819s] -- Detecting CXX compiler ABI info
[0.983s] -- Detecting CXX compiler ABI info - done
[1.030s] -- Check for working CXX compiler: /usr/bin/c++ - skipped
[1.031s] -- Detecting CXX compile features
[1.033s] -- Detecting CXX compile features - done
[1.070s] [31mCMake Error at CMakeLists.txt:9 (find_package):
[1.070s]   By not providing "Findament_cmake.cmake" in CMAKE_MODULE_PATH this project
[1.070s]   has asked CMake to find a package configuration file provided by
[1.071s]   "ament_cmake", but CMake did not find one.
[1.071s] 
[1.071s]   Could not find a package configuration file provided by "ament_cmake" with
[1.071s]   any of the following names:
[1.072s] 
[1.072s]     ament_cmakeConfig.cmake
[1.072s]     ament_cmake-config.cmake
[1.072s] 
[1.072s]   Add the installation prefix of "ament_cmake" to CMAKE_PREFIX_PATH or set
[1.073s]   "ament_cmake_DIR" to a directory containing one of the above files.  If
[1.073s]   "ament_cmake" provides a separate development package or SDK, be sure it
[1.073s]   has been installed.
[1.073s] 
[1.074s] [0m
[1.074s] -- Configuring incomplete, errors occurred!
[1.081s] Invoked command in '/home/skywalker/ros2_ws/build/my_robot' returned '1': DEBUGINFOD_URLS=ima:enforcing https://debuginfod.fedoraproject.org/ ima:ignore _=/usr/bin/env /usr/bin/cmake /home/skywalker/ros2_ws/src/my_robot -DCMAKE_INSTALL_PREFIX=/home/skywalker/ros2_ws/install/my_robot
