[0.000000] (-) TimerEvent: {}
[0.000129] (my_robot) JobQueued: {'identifier': 'my_robot', 'dependencies': OrderedDict()}
[0.000979] (my_robot) JobStarted: {'identifier': 'my_robot'}
[0.023319] (my_robot) JobProgress: {'identifier': 'my_robot', 'progress': 'cmake'}
[0.024327] (my_robot) Command: {'cmd': ['/usr/bin/cmake', '/root/ros2_ws/src/my_robot', '-DCMAKE_INSTALL_PREFIX=/root/ros2_ws/install/my_robot'], 'cwd': '/root/ros2_ws/build/my_robot', 'env': OrderedDict([('HOSTNAME', 'fedora'), ('SHLVL', '0'), ('LIBGL_ALWAYS_SOFTWARE', '1'), ('LD_LIBRARY_PATH', '/opt/ros/humble/opt/rviz_ogre_vendor/lib:/opt/ros/humble/lib/x86_64-linux-gnu:/opt/ros/humble/lib'), ('HOME', '/root'), ('ROS_PYTHON_VERSION', '3'), ('ROS_DISTRO', 'humble'), ('_', '/usr/bin/colcon'), ('ROS_VERSION', '2'), ('ROS_LOCALHOST_ONLY', '0'), ('QT_X11_NO_MITSHM', '1'), ('PATH', '/opt/ros/humble/bin:/usr/local/sbin:/usr/local/bin:/usr/sbin:/usr/bin:/sbin:/bin'), ('DISPLAY', ':0'), ('LANG', 'C.UTF-8'), ('AMENT_PREFIX_PATH', '/opt/ros/humble'), ('PWD', '/root/ros2_ws/build/my_robot'), ('LC_ALL', 'C.UTF-8'), ('PYTHONPATH', '/opt/ros/humble/lib/python3.10/site-packages:/opt/ros/humble/local/lib/python3.10/dist-packages'), ('COLCON', '1'), ('CMAKE_PREFIX_PATH', '/opt/ros/humble')]), 'shell': False}
[0.099594] (-) TimerEvent: {}
[0.116390] (my_robot) StdoutLine: {'line': b'-- The C compiler identification is GNU 11.4.0\n'}
[0.199708] (my_robot) StdoutLine: {'line': b'-- The CXX compiler identification is GNU 11.4.0\n'}
[0.199908] (-) TimerEvent: {}
[0.215010] (my_robot) StdoutLine: {'line': b'-- Detecting C compiler ABI info\n'}
[0.302446] (-) TimerEvent: {}
[0.308126] (my_robot) StdoutLine: {'line': b'-- Detecting C compiler ABI info - done\n'}
[0.320122] (my_robot) StdoutLine: {'line': b'-- Check for working C compiler: /usr/bin/cc - skipped\n'}
[0.320503] (my_robot) StdoutLine: {'line': b'-- Detecting C compile features\n'}
[0.321079] (my_robot) StdoutLine: {'line': b'-- Detecting C compile features - done\n'}
[0.324690] (my_robot) StdoutLine: {'line': b'-- Detecting CXX compiler ABI info\n'}
[0.402546] (-) TimerEvent: {}
[0.444287] (my_robot) StdoutLine: {'line': b'-- Detecting CXX compiler ABI info - done\n'}
[0.461856] (my_robot) StdoutLine: {'line': b'-- Check for working CXX compiler: /usr/bin/c++ - skipped\n'}
[0.462102] (my_robot) StdoutLine: {'line': b'-- Detecting CXX compile features\n'}
[0.462207] (my_robot) StdoutLine: {'line': b'-- Detecting CXX compile features - done\n'}
[0.467057] (my_robot) StdoutLine: {'line': b'-- Found ament_cmake: 1.3.13 (/opt/ros/humble/share/ament_cmake/cmake)\n'}
[0.502650] (-) TimerEvent: {}
[0.602830] (-) TimerEvent: {}
[0.632156] (my_robot) StdoutLine: {'line': b'-- Found Python3: /usr/bin/python3 (found version "3.10.12") found components: Interpreter \n'}
[0.702955] (-) TimerEvent: {}
[0.731285] (my_robot) StdoutLine: {'line': b'-- Found rclpy: 3.3.20 (/opt/ros/humble/share/rclpy/cmake)\n'}
[0.732481] (my_robot) StdoutLine: {'line': b'-- Found geometry_msgs: 4.9.1 (/opt/ros/humble/share/geometry_msgs/cmake)\n'}
[0.770272] (my_robot) StdoutLine: {'line': b'-- Found rosidl_generator_c: 3.1.8 (/opt/ros/humble/share/rosidl_generator_c/cmake)\n'}
[0.774565] (my_robot) StdoutLine: {'line': b'-- Found rosidl_adapter: 3.1.8 (/opt/ros/humble/share/rosidl_adapter/cmake)\n'}
[0.786740] (my_robot) StdoutLine: {'line': b'-- Found rosidl_generator_cpp: 3.1.8 (/opt/ros/humble/share/rosidl_generator_cpp/cmake)\n'}
[0.798134] (my_robot) StdoutLine: {'line': b'-- Using all available rosidl_typesupport_c: rosidl_typesupport_fastrtps_c;rosidl_typesupport_introspection_c\n'}
[0.803061] (-) TimerEvent: {}
[0.819201] (my_robot) StdoutLine: {'line': b'-- Using all available rosidl_typesupport_cpp: rosidl_typesupport_fastrtps_cpp;rosidl_typesupport_introspection_cpp\n'}
[0.865776] (my_robot) StdoutLine: {'line': b'-- Found sensor_msgs: 4.9.1 (/opt/ros/humble/share/sensor_msgs/cmake)\n'}
[0.903145] (-) TimerEvent: {}
[0.966713] (my_robot) StdoutLine: {'line': b'-- Configuring done\n'}
[0.975866] (my_robot) StdoutLine: {'line': b'-- Generating done\n'}
[0.979298] (my_robot) StdoutLine: {'line': b'-- Build files have been written to: /root/ros2_ws/build/my_robot\n'}
[0.987311] (my_robot) CommandEnded: {'returncode': 0}
[0.988179] (my_robot) JobProgress: {'identifier': 'my_robot', 'progress': 'build'}
[0.988505] (my_robot) Command: {'cmd': ['/usr/bin/cmake', '--build', '/root/ros2_ws/build/my_robot', '--', '-j8', '-l8'], 'cwd': '/root/ros2_ws/build/my_robot', 'env': OrderedDict([('HOSTNAME', 'fedora'), ('SHLVL', '0'), ('LIBGL_ALWAYS_SOFTWARE', '1'), ('LD_LIBRARY_PATH', '/opt/ros/humble/opt/rviz_ogre_vendor/lib:/opt/ros/humble/lib/x86_64-linux-gnu:/opt/ros/humble/lib'), ('HOME', '/root'), ('ROS_PYTHON_VERSION', '3'), ('ROS_DISTRO', 'humble'), ('_', '/usr/bin/colcon'), ('ROS_VERSION', '2'), ('ROS_LOCALHOST_ONLY', '0'), ('QT_X11_NO_MITSHM', '1'), ('PATH', '/opt/ros/humble/bin:/usr/local/sbin:/usr/local/bin:/usr/sbin:/usr/bin:/sbin:/bin'), ('DISPLAY', ':0'), ('LANG', 'C.UTF-8'), ('AMENT_PREFIX_PATH', '/opt/ros/humble'), ('PWD', '/root/ros2_ws/build/my_robot'), ('LC_ALL', 'C.UTF-8'), ('PYTHONPATH', '/opt/ros/humble/lib/python3.10/site-packages:/opt/ros/humble/local/lib/python3.10/dist-packages'), ('COLCON', '1'), ('CMAKE_PREFIX_PATH', '/opt/ros/humble')]), 'shell': False}
[1.003461] (-) TimerEvent: {}
[1.027414] (my_robot) CommandEnded: {'returncode': 0}
[1.027909] (my_robot) JobProgress: {'identifier': 'my_robot', 'progress': 'install'}
[1.039375] (my_robot) Command: {'cmd': ['/usr/bin/cmake', '--install', '/root/ros2_ws/build/my_robot'], 'cwd': '/root/ros2_ws/build/my_robot', 'env': OrderedDict([('HOSTNAME', 'fedora'), ('SHLVL', '0'), ('LIBGL_ALWAYS_SOFTWARE', '1'), ('LD_LIBRARY_PATH', '/opt/ros/humble/opt/rviz_ogre_vendor/lib:/opt/ros/humble/lib/x86_64-linux-gnu:/opt/ros/humble/lib'), ('HOME', '/root'), ('ROS_PYTHON_VERSION', '3'), ('ROS_DISTRO', 'humble'), ('_', '/usr/bin/colcon'), ('ROS_VERSION', '2'), ('ROS_LOCALHOST_ONLY', '0'), ('QT_X11_NO_MITSHM', '1'), ('PATH', '/opt/ros/humble/bin:/usr/local/sbin:/usr/local/bin:/usr/sbin:/usr/bin:/sbin:/bin'), ('DISPLAY', ':0'), ('LANG', 'C.UTF-8'), ('AMENT_PREFIX_PATH', '/opt/ros/humble'), ('PWD', '/root/ros2_ws/build/my_robot'), ('LC_ALL', 'C.UTF-8'), ('PYTHONPATH', '/opt/ros/humble/lib/python3.10/site-packages:/opt/ros/humble/local/lib/python3.10/dist-packages'), ('COLCON', '1'), ('CMAKE_PREFIX_PATH', '/opt/ros/humble')]), 'shell': False}
[1.046580] (my_robot) StdoutLine: {'line': b'-- Install configuration: ""\n'}
[1.047000] (my_robot) StdoutLine: {'line': b'-- Installing: /root/ros2_ws/install/my_robot/share/my_robot/urdf\n'}
[1.047201] (my_robot) StdoutLine: {'line': b'-- Installing: /root/ros2_ws/install/my_robot/share/my_robot/urdf/my_robot.urdf\n'}
[1.047276] (my_robot) StdoutLine: {'line': b'-- Installing: /root/ros2_ws/install/my_robot/share/my_robot/launch\n'}
[1.047367] (my_robot) StdoutLine: {'line': b'-- Installing: /root/ros2_ws/install/my_robot/share/my_robot/launch/rsp.launch.py\n'}
[1.047436] (my_robot) StdoutLine: {'line': b'-- Installing: /root/ros2_ws/install/my_robot/lib/my_robot/walker.py\n'}
[1.047500] (my_robot) StdoutLine: {'line': b'-- Installing: /root/ros2_ws/install/my_robot/share/ament_index/resource_index/package_run_dependencies/my_robot\n'}
[1.047792] (my_robot) StdoutLine: {'line': b'-- Installing: /root/ros2_ws/install/my_robot/share/ament_index/resource_index/parent_prefix_path/my_robot\n'}
[1.047970] (my_robot) StdoutLine: {'line': b'-- Installing: /root/ros2_ws/install/my_robot/share/my_robot/environment/ament_prefix_path.sh\n'}
[1.048155] (my_robot) StdoutLine: {'line': b'-- Installing: /root/ros2_ws/install/my_robot/share/my_robot/environment/ament_prefix_path.dsv\n'}
[1.048284] (my_robot) StdoutLine: {'line': b'-- Installing: /root/ros2_ws/install/my_robot/share/my_robot/environment/path.sh\n'}
[1.048429] (my_robot) StdoutLine: {'line': b'-- Installing: /root/ros2_ws/install/my_robot/share/my_robot/environment/path.dsv\n'}
[1.048632] (my_robot) StdoutLine: {'line': b'-- Installing: /root/ros2_ws/install/my_robot/share/my_robot/local_setup.bash\n'}
[1.048874] (my_robot) StdoutLine: {'line': b'-- Installing: /root/ros2_ws/install/my_robot/share/my_robot/local_setup.sh\n'}
[1.049037] (my_robot) StdoutLine: {'line': b'-- Installing: /root/ros2_ws/install/my_robot/share/my_robot/local_setup.zsh\n'}
[1.049215] (my_robot) StdoutLine: {'line': b'-- Installing: /root/ros2_ws/install/my_robot/share/my_robot/local_setup.dsv\n'}
[1.049421] (my_robot) StdoutLine: {'line': b'-- Installing: /root/ros2_ws/install/my_robot/share/my_robot/package.dsv\n'}
[1.049663] (my_robot) StdoutLine: {'line': b'-- Installing: /root/ros2_ws/install/my_robot/share/ament_index/resource_index/packages/my_robot\n'}
[1.049842] (my_robot) StdoutLine: {'line': b'-- Installing: /root/ros2_ws/install/my_robot/share/my_robot/cmake/my_robotConfig.cmake\n'}
[1.049963] (my_robot) StdoutLine: {'line': b'-- Installing: /root/ros2_ws/install/my_robot/share/my_robot/cmake/my_robotConfig-version.cmake\n'}
[1.050074] (my_robot) StdoutLine: {'line': b'-- Installing: /root/ros2_ws/install/my_robot/share/my_robot/package.xml\n'}
[1.051935] (my_robot) CommandEnded: {'returncode': 0}
[1.075947] (my_robot) JobEnded: {'identifier': 'my_robot', 'rc': 0}
[1.076621] (-) EventReactorShutdown: {}
