[0.000000] (-) TimerEvent: {}
[0.000095] (my_robot) JobQueued: {'identifier': 'my_robot', 'dependencies': OrderedDict()}
[0.000414] (my_robot) JobStarted: {'identifier': 'my_robot'}
[0.015989] (my_robot) JobProgress: {'identifier': 'my_robot', 'progress': 'cmake'}
[0.016729] (my_robot) Command: {'cmd': ['/usr/bin/cmake', '/root/ros2_ws/src/my_robot', '-DCMAKE_INSTALL_PREFIX=/root/ros2_ws/install/my_robot'], 'cwd': '/root/ros2_ws/build/my_robot', 'env': OrderedDict([('HOSTNAME', 'fedora'), ('SHLVL', '0'), ('LIBGL_ALWAYS_SOFTWARE', '1'), ('LD_LIBRARY_PATH', '/opt/ros/humble/opt/rviz_ogre_vendor/lib:/opt/ros/humble/lib/x86_64-linux-gnu:/opt/ros/humble/lib'), ('HOME', '/root'), ('ROS_PYTHON_VERSION', '3'), ('ROS_DISTRO', 'humble'), ('_', '/usr/bin/colcon'), ('ROS_VERSION', '2'), ('ROS_LOCALHOST_ONLY', '0'), ('QT_X11_NO_MITSHM', '1'), ('PATH', '/opt/ros/humble/bin:/usr/local/sbin:/usr/local/bin:/usr/sbin:/usr/bin:/sbin:/bin'), ('DISPLAY', ':0'), ('LANG', 'C.UTF-8'), ('AMENT_PREFIX_PATH', '/opt/ros/humble'), ('PWD', '/root/ros2_ws/build/my_robot'), ('LC_ALL', 'C.UTF-8'), ('PYTHONPATH', '/opt/ros/humble/lib/python3.10/site-packages:/opt/ros/humble/local/lib/python3.10/dist-packages'), ('COLCON', '1'), ('CMAKE_PREFIX_PATH', '/opt/ros/humble')]), 'shell': False}
[0.099575] (-) TimerEvent: {}
[0.121513] (my_robot) StdoutLine: {'line': b'-- The C compiler identification is GNU 11.4.0\n'}
[0.199839] (-) TimerEvent: {}
[0.235612] (my_robot) StdoutLine: {'line': b'-- The CXX compiler identification is GNU 11.4.0\n'}
[0.246219] (my_robot) StdoutLine: {'line': b'-- Detecting C compiler ABI info\n'}
[0.299933] (-) TimerEvent: {}
[0.343181] (my_robot) StdoutLine: {'line': b'-- Detecting C compiler ABI info - done\n'}
[0.361151] (my_robot) StdoutLine: {'line': b'-- Check for working C compiler: /usr/bin/cc - skipped\n'}
[0.362347] (my_robot) StdoutLine: {'line': b'-- Detecting C compile features\n'}
[0.362547] (my_robot) StdoutLine: {'line': b'-- Detecting C compile features - done\n'}
[0.367510] (my_robot) StdoutLine: {'line': b'-- Detecting CXX compiler ABI info\n'}
[0.400100] (-) TimerEvent: {}
[0.485474] (my_robot) StdoutLine: {'line': b'-- Detecting CXX compiler ABI info - done\n'}
[0.498506] (my_robot) StdoutLine: {'line': b'-- Check for working CXX compiler: /usr/bin/c++ - skipped\n'}
[0.498791] (my_robot) StdoutLine: {'line': b'-- Detecting CXX compile features\n'}
[0.499365] (my_robot) StdoutLine: {'line': b'-- Detecting CXX compile features - done\n'}
[0.500161] (-) TimerEvent: {}
[0.503405] (my_robot) StdoutLine: {'line': b'-- Found ament_cmake: 1.3.13 (/opt/ros/humble/share/ament_cmake/cmake)\n'}
[0.600292] (-) TimerEvent: {}
[0.700477] (-) TimerEvent: {}
[0.718640] (my_robot) StdoutLine: {'line': b'-- Found Python3: /usr/bin/python3 (found version "3.10.12") found components: Interpreter \n'}
[0.800615] (-) TimerEvent: {}
[0.842727] (my_robot) StdoutLine: {'line': b'-- Found rclpy: 3.3.20 (/opt/ros/humble/share/rclpy/cmake)\n'}
[0.844501] (my_robot) StdoutLine: {'line': b'-- Found geometry_msgs: 4.9.1 (/opt/ros/humble/share/geometry_msgs/cmake)\n'}
[0.900749] (-) TimerEvent: {}
[0.901072] (my_robot) StdoutLine: {'line': b'-- Found rosidl_generator_c: 3.1.8 (/opt/ros/humble/share/rosidl_generator_c/cmake)\n'}
[0.908313] (my_robot) StdoutLine: {'line': b'-- Found rosidl_adapter: 3.1.8 (/opt/ros/humble/share/rosidl_adapter/cmake)\n'}
[0.920793] (my_robot) StdoutLine: {'line': b'-- Found rosidl_generator_cpp: 3.1.8 (/opt/ros/humble/share/rosidl_generator_cpp/cmake)\n'}
[0.940033] (my_robot) StdoutLine: {'line': b'-- Using all available rosidl_typesupport_c: rosidl_typesupport_fastrtps_c;rosidl_typesupport_introspection_c\n'}
[0.961880] (my_robot) StdoutLine: {'line': b'-- Using all available rosidl_typesupport_cpp: rosidl_typesupport_fastrtps_cpp;rosidl_typesupport_introspection_cpp\n'}
[1.000839] (-) TimerEvent: {}
[1.026142] (my_robot) StdoutLine: {'line': b'-- Found sensor_msgs: 4.9.1 (/opt/ros/humble/share/sensor_msgs/cmake)\n'}
[1.100926] (-) TimerEvent: {}
[1.135783] (my_robot) StdoutLine: {'line': b'-- Configuring done\n'}
[1.141666] (my_robot) StdoutLine: {'line': b'-- Generating done\n'}
[1.145423] (my_robot) StdoutLine: {'line': b'-- Build files have been written to: /root/ros2_ws/build/my_robot\n'}
[1.152316] (my_robot) CommandEnded: {'returncode': 0}
[1.152977] (my_robot) JobProgress: {'identifier': 'my_robot', 'progress': 'build'}
[1.154073] (my_robot) Command: {'cmd': ['/usr/bin/cmake', '--build', '/root/ros2_ws/build/my_robot', '--', '-j8', '-l8'], 'cwd': '/root/ros2_ws/build/my_robot', 'env': OrderedDict([('HOSTNAME', 'fedora'), ('SHLVL', '0'), ('LIBGL_ALWAYS_SOFTWARE', '1'), ('LD_LIBRARY_PATH', '/opt/ros/humble/opt/rviz_ogre_vendor/lib:/opt/ros/humble/lib/x86_64-linux-gnu:/opt/ros/humble/lib'), ('HOME', '/root'), ('ROS_PYTHON_VERSION', '3'), ('ROS_DISTRO', 'humble'), ('_', '/usr/bin/colcon'), ('ROS_VERSION', '2'), ('ROS_LOCALHOST_ONLY', '0'), ('QT_X11_NO_MITSHM', '1'), ('PATH', '/opt/ros/humble/bin:/usr/local/sbin:/usr/local/bin:/usr/sbin:/usr/bin:/sbin:/bin'), ('DISPLAY', ':0'), ('LANG', 'C.UTF-8'), ('AMENT_PREFIX_PATH', '/opt/ros/humble'), ('PWD', '/root/ros2_ws/build/my_robot'), ('LC_ALL', 'C.UTF-8'), ('PYTHONPATH', '/opt/ros/humble/lib/python3.10/site-packages:/opt/ros/humble/local/lib/python3.10/dist-packages'), ('COLCON', '1'), ('CMAKE_PREFIX_PATH', '/opt/ros/humble')]), 'shell': False}
[1.201033] (-) TimerEvent: {}
[1.203398] (my_robot) CommandEnded: {'returncode': 0}
[1.204088] (my_robot) JobProgress: {'identifier': 'my_robot', 'progress': 'install'}
[1.214257] (my_robot) Command: {'cmd': ['/usr/bin/cmake', '--install', '/root/ros2_ws/build/my_robot'], 'cwd': '/root/ros2_ws/build/my_robot', 'env': OrderedDict([('HOSTNAME', 'fedora'), ('SHLVL', '0'), ('LIBGL_ALWAYS_SOFTWARE', '1'), ('LD_LIBRARY_PATH', '/opt/ros/humble/opt/rviz_ogre_vendor/lib:/opt/ros/humble/lib/x86_64-linux-gnu:/opt/ros/humble/lib'), ('HOME', '/root'), ('ROS_PYTHON_VERSION', '3'), ('ROS_DISTRO', 'humble'), ('_', '/usr/bin/colcon'), ('ROS_VERSION', '2'), ('ROS_LOCALHOST_ONLY', '0'), ('QT_X11_NO_MITSHM', '1'), ('PATH', '/opt/ros/humble/bin:/usr/local/sbin:/usr/local/bin:/usr/sbin:/usr/bin:/sbin:/bin'), ('DISPLAY', ':0'), ('LANG', 'C.UTF-8'), ('AMENT_PREFIX_PATH', '/opt/ros/humble'), ('PWD', '/root/ros2_ws/build/my_robot'), ('LC_ALL', 'C.UTF-8'), ('PYTHONPATH', '/opt/ros/humble/lib/python3.10/site-packages:/opt/ros/humble/local/lib/python3.10/dist-packages'), ('COLCON', '1'), ('CMAKE_PREFIX_PATH', '/opt/ros/humble')]), 'shell': False}
[1.225431] (my_robot) StdoutLine: {'line': b'-- Install configuration: ""\n'}
[1.225938] (my_robot) StdoutLine: {'line': b'-- Installing: /root/ros2_ws/install/my_robot/share/my_robot/urdf\n'}
[1.226045] (my_robot) StdoutLine: {'line': b'-- Installing: /root/ros2_ws/install/my_robot/share/my_robot/urdf/my_robot.urdf\n'}
[1.226132] (my_robot) StdoutLine: {'line': b'-- Installing: /root/ros2_ws/install/my_robot/share/my_robot/launch\n'}
[1.226213] (my_robot) StdoutLine: {'line': b'-- Installing: /root/ros2_ws/install/my_robot/share/my_robot/launch/rsp.launch.py\n'}
[1.226413] (my_robot) StdoutLine: {'line': b'-- Installing: /root/ros2_ws/install/my_robot/lib/my_robot/walker.py\n'}
[1.226796] (my_robot) StdoutLine: {'line': b'-- Installing: /root/ros2_ws/install/my_robot/share/ament_index/resource_index/package_run_dependencies/my_robot\n'}
[1.227077] (my_robot) StdoutLine: {'line': b'-- Installing: /root/ros2_ws/install/my_robot/share/ament_index/resource_index/parent_prefix_path/my_robot\n'}
[1.227497] (my_robot) StdoutLine: {'line': b'-- Installing: /root/ros2_ws/install/my_robot/share/my_robot/environment/ament_prefix_path.sh\n'}
[1.227893] (my_robot) StdoutLine: {'line': b'-- Installing: /root/ros2_ws/install/my_robot/share/my_robot/environment/ament_prefix_path.dsv\n'}
[1.228037] (my_robot) StdoutLine: {'line': b'-- Installing: /root/ros2_ws/install/my_robot/share/my_robot/environment/path.sh\n'}
[1.228913] (my_robot) StdoutLine: {'line': b'-- Installing: /root/ros2_ws/install/my_robot/share/my_robot/environment/path.dsv\n'}
[1.229100] (my_robot) StdoutLine: {'line': b'-- Installing: /root/ros2_ws/install/my_robot/share/my_robot/local_setup.bash\n'}
[1.229203] (my_robot) StdoutLine: {'line': b'-- Installing: /root/ros2_ws/install/my_robot/share/my_robot/local_setup.sh\n'}
[1.229388] (my_robot) StdoutLine: {'line': b'-- Installing: /root/ros2_ws/install/my_robot/share/my_robot/local_setup.zsh\n'}
[1.229648] (my_robot) StdoutLine: {'line': b'-- Installing: /root/ros2_ws/install/my_robot/share/my_robot/local_setup.dsv\n'}
[1.229833] (my_robot) StdoutLine: {'line': b'-- Installing: /root/ros2_ws/install/my_robot/share/my_robot/package.dsv\n'}
[1.229914] (my_robot) StdoutLine: {'line': b'-- Installing: /root/ros2_ws/install/my_robot/share/ament_index/resource_index/packages/my_robot\n'}
[1.230001] (my_robot) StdoutLine: {'line': b'-- Installing: /root/ros2_ws/install/my_robot/share/my_robot/cmake/my_robotConfig.cmake\n'}
[1.230084] (my_robot) StdoutLine: {'line': b'-- Installing: /root/ros2_ws/install/my_robot/share/my_robot/cmake/my_robotConfig-version.cmake\n'}
[1.230164] (my_robot) StdoutLine: {'line': b'-- Installing: /root/ros2_ws/install/my_robot/share/my_robot/package.xml\n'}
[1.231670] (my_robot) CommandEnded: {'returncode': 0}
[1.259251] (my_robot) JobEnded: {'identifier': 'my_robot', 'rc': 0}
[1.260023] (-) EventReactorShutdown: {}
