[0.015s] Invoking command in '/root/ros2_ws/build/my_robot': CMAKE_PREFIX_PATH=/opt/ros/humble /usr/bin/cmake --build /root/ros2_ws/build/my_robot -- -j8 -l8
[0.112s] Invoked command in '/root/ros2_ws/build/my_robot' returned '0': CMAKE_PREFIX_PATH=/opt/ros/humble /usr/bin/cmake --build /root/ros2_ws/build/my_robot -- -j8 -l8
[0.126s] Invoking command in '/root/ros2_ws/build/my_robot': CMAKE_PREFIX_PATH=/opt/ros/humble /usr/bin/cmake --install /root/ros2_ws/build/my_robot
[0.133s] -- Install configuration: ""
[0.133s] -- Up-to-date: /root/ros2_ws/install/my_robot/share/my_robot/urdf
[0.134s] -- Up-to-date: /root/ros2_ws/install/my_robot/share/my_robot/urdf/my_robot.urdf
[0.134s] -- Up-to-date: /root/ros2_ws/install/my_robot/share/my_robot/launch
[0.135s] -- Up-to-date: /root/ros2_ws/install/my_robot/share/my_robot/launch/rsp.launch.py
[0.135s] -- Up-to-date: /root/ros2_ws/install/my_robot/share/my_robot/rviz
[0.135s] -- Up-to-date: /root/ros2_ws/install/my_robot/share/my_robot/rviz/urdf_config.rviz
[0.135s] -- Up-to-date: /root/ros2_ws/install/my_robot/lib/my_robot/walker.py
[0.135s] -- Up-to-date: /root/ros2_ws/install/my_robot/share/ament_index/resource_index/package_run_dependencies/my_robot
[0.135s] -- Up-to-date: /root/ros2_ws/install/my_robot/share/ament_index/resource_index/parent_prefix_path/my_robot
[0.135s] -- Up-to-date: /root/ros2_ws/install/my_robot/share/my_robot/environment/ament_prefix_path.sh
[0.136s] -- Up-to-date: /root/ros2_ws/install/my_robot/share/my_robot/environment/ament_prefix_path.dsv
[0.136s] -- Up-to-date: /root/ros2_ws/install/my_robot/share/my_robot/environment/path.sh
[0.136s] -- Up-to-date: /root/ros2_ws/install/my_robot/share/my_robot/environment/path.dsv
[0.136s] -- Up-to-date: /root/ros2_ws/install/my_robot/share/my_robot/local_setup.bash
[0.136s] -- Up-to-date: /root/ros2_ws/install/my_robot/share/my_robot/local_setup.sh
[0.136s] -- Up-to-date: /root/ros2_ws/install/my_robot/share/my_robot/local_setup.zsh
[0.136s] -- Up-to-date: /root/ros2_ws/install/my_robot/share/my_robot/local_setup.dsv
[0.137s] -- Up-to-date: /root/ros2_ws/install/my_robot/share/my_robot/package.dsv
[0.137s] -- Up-to-date: /root/ros2_ws/install/my_robot/share/ament_index/resource_index/packages/my_robot
[0.137s] -- Up-to-date: /root/ros2_ws/install/my_robot/share/my_robot/cmake/my_robotConfig.cmake
[0.138s] -- Up-to-date: /root/ros2_ws/install/my_robot/share/my_robot/cmake/my_robotConfig-version.cmake
[0.138s] -- Up-to-date: /root/ros2_ws/install/my_robot/share/my_robot/package.xml
[0.138s] Invoked command in '/root/ros2_ws/build/my_robot' returned '0': CMAKE_PREFIX_PATH=/opt/ros/humble /usr/bin/cmake --install /root/ros2_ws/build/my_robot
