[0.020s] Invoking command in '/root/ros2_ws/build/my_robot': CMAKE_PREFIX_PATH=/opt/ros/humble /usr/bin/cmake --build /root/ros2_ws/build/my_robot -- -j8 -l8
[0.185s] Invoked command in '/root/ros2_ws/build/my_robot' returned '0': CMAKE_PREFIX_PATH=/opt/ros/humble /usr/bin/cmake --build /root/ros2_ws/build/my_robot -- -j8 -l8
[0.212s] Invoking command in '/root/ros2_ws/build/my_robot': CMAKE_PREFIX_PATH=/opt/ros/humble /usr/bin/cmake --install /root/ros2_ws/build/my_robot
[0.224s] -- Install configuration: ""
[0.224s] -- Up-to-date: /root/ros2_ws/install/my_robot/share/my_robot/urdf
[0.224s] -- Installing: /root/ros2_ws/install/my_robot/share/my_robot/urdf/my_robot.urdf
[0.225s] -- Up-to-date: /root/ros2_ws/install/my_robot/share/my_robot/launch
[0.226s] -- Installing: /root/ros2_ws/install/my_robot/share/my_robot/launch/rsp.launch.py
[0.228s] -- Up-to-date: /root/ros2_ws/install/my_robot/share/my_robot/rviz
[0.228s] -- Installing: /root/ros2_ws/install/my_robot/share/my_robot/rviz/urdf_config.rviz
[0.228s] -- Installing: /root/ros2_ws/install/my_robot/lib/my_robot/walker.py
[0.228s] -- Up-to-date: /root/ros2_ws/install/my_robot/lib/my_robot/simulator.py
[0.229s] -- Up-to-date: /root/ros2_ws/install/my_robot/share/ament_index/resource_index/package_run_dependencies/my_robot
[0.229s] -- Up-to-date: /root/ros2_ws/install/my_robot/share/ament_index/resource_index/parent_prefix_path/my_robot
[0.229s] -- Up-to-date: /root/ros2_ws/install/my_robot/share/my_robot/environment/ament_prefix_path.sh
[0.229s] -- Up-to-date: /root/ros2_ws/install/my_robot/share/my_robot/environment/ament_prefix_path.dsv
[0.229s] -- Up-to-date: /root/ros2_ws/install/my_robot/share/my_robot/environment/path.sh
[0.230s] -- Up-to-date: /root/ros2_ws/install/my_robot/share/my_robot/environment/path.dsv
[0.230s] -- Up-to-date: /root/ros2_ws/install/my_robot/share/my_robot/local_setup.bash
[0.230s] -- Up-to-date: /root/ros2_ws/install/my_robot/share/my_robot/local_setup.sh
[0.230s] -- Up-to-date: /root/ros2_ws/install/my_robot/share/my_robot/local_setup.zsh
[0.230s] -- Up-to-date: /root/ros2_ws/install/my_robot/share/my_robot/local_setup.dsv
[0.230s] -- Up-to-date: /root/ros2_ws/install/my_robot/share/my_robot/package.dsv
[0.231s] -- Up-to-date: /root/ros2_ws/install/my_robot/share/ament_index/resource_index/packages/my_robot
[0.231s] -- Up-to-date: /root/ros2_ws/install/my_robot/share/my_robot/cmake/my_robotConfig.cmake
[0.232s] -- Up-to-date: /root/ros2_ws/install/my_robot/share/my_robot/cmake/my_robotConfig-version.cmake
[0.232s] -- Up-to-date: /root/ros2_ws/install/my_robot/share/my_robot/package.xml
[0.233s] Invoked command in '/root/ros2_ws/build/my_robot' returned '0': CMAKE_PREFIX_PATH=/opt/ros/humble /usr/bin/cmake --install /root/ros2_ws/build/my_robot
