[0.019s] Invoking command in '/root/ros2_ws/build/my_robot': CMAKE_PREFIX_PATH=/opt/ros/humble /usr/bin/cmake --build /root/ros2_ws/build/my_robot -- -j8 -l8
[0.110s] -- Found ament_cmake: 1.3.13 (/opt/ros/humble/share/ament_cmake/cmake)
[0.289s] -- Found rclpy: 3.3.20 (/opt/ros/humble/share/rclpy/cmake)
[0.290s] -- Found geometry_msgs: 4.9.1 (/opt/ros/humble/share/geometry_msgs/cmake)
[0.337s] -- Found rosidl_generator_c: 3.1.8 (/opt/ros/humble/share/rosidl_generator_c/cmake)
[0.341s] -- Found rosidl_adapter: 3.1.8 (/opt/ros/humble/share/rosidl_adapter/cmake)
[0.354s] -- Found rosidl_generator_cpp: 3.1.8 (/opt/ros/humble/share/rosidl_generator_cpp/cmake)
[0.369s] -- Using all available rosidl_typesupport_c: rosidl_typesupport_fastrtps_c;rosidl_typesupport_introspection_c
[0.389s] -- Using all available rosidl_typesupport_cpp: rosidl_typesupport_fastrtps_cpp;rosidl_typesupport_introspection_cpp
[0.451s] -- Found sensor_msgs: 4.9.1 (/opt/ros/humble/share/sensor_msgs/cmake)
[0.485s] -- Found nav_msgs: 4.9.1 (/opt/ros/humble/share/nav_msgs/cmake)
[0.517s] -- Found tf2_ros: 0.25.19 (/opt/ros/humble/share/tf2_ros/cmake)
[0.602s] -- Found rmw_implementation_cmake: 6.1.2 (/opt/ros/humble/share/rmw_implementation_cmake/cmake)
[0.605s] -- Found rmw_fastrtps_cpp: 6.2.10 (/opt/ros/humble/share/rmw_fastrtps_cpp/cmake)
[0.746s] -- Using RMW implementation 'rmw_fastrtps_cpp' as default
[0.990s] -- Configuring done
[0.997s] -- Generating done
[1.001s] -- Build files have been written to: /root/ros2_ws/build/my_robot
[1.031s] Invoked command in '/root/ros2_ws/build/my_robot' returned '0': CMAKE_PREFIX_PATH=/opt/ros/humble /usr/bin/cmake --build /root/ros2_ws/build/my_robot -- -j8 -l8
[1.041s] Invoking command in '/root/ros2_ws/build/my_robot': CMAKE_PREFIX_PATH=/opt/ros/humble /usr/bin/cmake --install /root/ros2_ws/build/my_robot
[1.051s] -- Install configuration: ""
[1.051s] -- Up-to-date: /root/ros2_ws/install/my_robot/share/my_robot/urdf
[1.051s] -- Installing: /root/ros2_ws/install/my_robot/share/my_robot/urdf/my_robot.urdf
[1.052s] -- Up-to-date: /root/ros2_ws/install/my_robot/share/my_robot/launch
[1.052s] -- Installing: /root/ros2_ws/install/my_robot/share/my_robot/launch/rsp.launch.py
[1.052s] -- Up-to-date: /root/ros2_ws/install/my_robot/share/my_robot/rviz
[1.053s] -- Installing: /root/ros2_ws/install/my_robot/share/my_robot/rviz/urdf_config.rviz
[1.053s] -- Installing: /root/ros2_ws/install/my_robot/lib/my_robot/walker.py
[1.053s] -- Installing: /root/ros2_ws/install/my_robot/lib/my_robot/fake_odom.py
[1.053s] -- Installing: /root/ros2_ws/install/my_robot/lib/my_robot/arm_controller.py
[1.053s] -- Installing: /root/ros2_ws/install/my_robot/lib/my_robot/sensor_simulator.py
[1.053s] -- Installing: /root/ros2_ws/install/my_robot/lib/my_robot/pick_controller.py
[1.053s] -- Installing: /root/ros2_ws/install/my_robot/share/ament_index/resource_index/package_run_dependencies/my_robot
[1.053s] -- Up-to-date: /root/ros2_ws/install/my_robot/share/ament_index/resource_index/parent_prefix_path/my_robot
[1.053s] -- Up-to-date: /root/ros2_ws/install/my_robot/share/my_robot/environment/ament_prefix_path.sh
[1.054s] -- Installing: /root/ros2_ws/install/my_robot/share/my_robot/environment/ament_prefix_path.dsv
[1.054s] -- Up-to-date: /root/ros2_ws/install/my_robot/share/my_robot/environment/path.sh
[1.054s] -- Installing: /root/ros2_ws/install/my_robot/share/my_robot/environment/path.dsv
[1.054s] -- Up-to-date: /root/ros2_ws/install/my_robot/share/my_robot/local_setup.bash
[1.054s] -- Up-to-date: /root/ros2_ws/install/my_robot/share/my_robot/local_setup.sh
[1.054s] -- Up-to-date: /root/ros2_ws/install/my_robot/share/my_robot/local_setup.zsh
[1.054s] -- Installing: /root/ros2_ws/install/my_robot/share/my_robot/local_setup.dsv
[1.054s] -- Installing: /root/ros2_ws/install/my_robot/share/my_robot/package.dsv
[1.054s] -- Up-to-date: /root/ros2_ws/install/my_robot/share/ament_index/resource_index/packages/my_robot
[1.054s] -- Up-to-date: /root/ros2_ws/install/my_robot/share/my_robot/cmake/my_robotConfig.cmake
[1.055s] -- Up-to-date: /root/ros2_ws/install/my_robot/share/my_robot/cmake/my_robotConfig-version.cmake
[1.056s] -- Installing: /root/ros2_ws/install/my_robot/share/my_robot/package.xml
[1.056s] Invoked command in '/root/ros2_ws/build/my_robot' returned '0': CMAKE_PREFIX_PATH=/opt/ros/humble /usr/bin/cmake --install /root/ros2_ws/build/my_robot
