[0.034s] Invoking command in '/root/ros2_ws/build/turtlebot3_simulation': CMAKE_PREFIX_PATH=/opt/ros/humble /usr/bin/cmake /root/ros2_ws/src/turtlebot3_simulation -DCMAKE_INSTALL_PREFIX=/root/ros2_ws/install/turtlebot3_simulation
[0.398s] -- The C compiler identification is GNU 11.4.0
[0.608s] -- The CXX compiler identification is GNU 11.4.0
[0.625s] -- Detecting C compiler ABI info
[0.745s] -- Detecting C compiler ABI info - done
[0.773s] -- Check for working C compiler: /usr/bin/cc - skipped
[0.774s] -- Detecting C compile features
[0.776s] -- Detecting C compile features - done
[0.786s] -- Detecting CXX compiler ABI info
[0.931s] -- Detecting CXX compiler ABI info - done
[0.954s] -- Check for working CXX compiler: /usr/bin/c++ - skipped
[0.954s] -- Detecting CXX compile features
[0.957s] -- Detecting CXX compile features - done
[0.965s] -- Found ament_cmake: 1.3.13 (/opt/ros/humble/share/ament_cmake/cmake)
[1.266s] -- Found Python3: /usr/bin/python3 (found version "3.10.12") found components: Interpreter 
[1.435s] -- Found ament_lint_auto: 0.12.15 (/opt/ros/humble/share/ament_lint_auto/cmake)
[1.598s] -- Added test 'copyright' to check source files copyright and LICENSE
[1.603s] -- Added test 'flake8' to check Python code syntax and style conventions
[1.605s] -- Added test 'lint_cmake' to check CMake code style
[1.606s] -- Added test 'pep257' to check Python code against some of the docstring style conventions in PEP 257
[1.609s] -- Added test 'xmllint' to check XML markup files
[1.612s] -- Configuring done
[1.624s] -- Generating done
[1.630s] -- Build files have been written to: /root/ros2_ws/build/turtlebot3_simulation
[1.637s] Invoked command in '/root/ros2_ws/build/turtlebot3_simulation' returned '0': CMAKE_PREFIX_PATH=/opt/ros/humble /usr/bin/cmake /root/ros2_ws/src/turtlebot3_simulation -DCMAKE_INSTALL_PREFIX=/root/ros2_ws/install/turtlebot3_simulation
[1.640s] Invoking command in '/root/ros2_ws/build/turtlebot3_simulation': CMAKE_PREFIX_PATH=/opt/ros/humble /usr/bin/cmake --build /root/ros2_ws/build/turtlebot3_simulation -- -j8 -l8
[1.701s] Invoked command in '/root/ros2_ws/build/turtlebot3_simulation' returned '0': CMAKE_PREFIX_PATH=/opt/ros/humble /usr/bin/cmake --build /root/ros2_ws/build/turtlebot3_simulation -- -j8 -l8
[1.718s] Invoking command in '/root/ros2_ws/build/turtlebot3_simulation': CMAKE_PREFIX_PATH=/opt/ros/humble /usr/bin/cmake --install /root/ros2_ws/build/turtlebot3_simulation
[1.731s] -- Install configuration: ""
[1.732s] -- Installing: /root/ros2_ws/install/turtlebot3_simulation/lib/turtlebot3_simulation/velocity_controller.py
[1.734s] -- Installing: /root/ros2_ws/install/turtlebot3_simulation/lib/turtlebot3_simulation/teleop_node.py
[1.735s] -- Installing: /root/ros2_ws/install/turtlebot3_simulation/lib/turtlebot3_simulation/service_server.py
[1.735s] -- Installing: /root/ros2_ws/install/turtlebot3_simulation/lib/turtlebot3_simulation/action_server.py
[1.736s] -- Up-to-date: /root/ros2_ws/install/turtlebot3_simulation/lib/turtlebot3_simulation
[1.736s] -- Up-to-date: /root/ros2_ws/install/turtlebot3_simulation/lib/turtlebot3_simulation/velocity_controller.py
[1.736s] -- Up-to-date: /root/ros2_ws/install/turtlebot3_simulation/lib/turtlebot3_simulation/teleop_node.py
[1.737s] -- Up-to-date: /root/ros2_ws/install/turtlebot3_simulation/lib/turtlebot3_simulation/service_server.py
[1.737s] -- Up-to-date: /root/ros2_ws/install/turtlebot3_simulation/lib/turtlebot3_simulation/action_server.py
[1.737s] -- Installing: /root/ros2_ws/install/turtlebot3_simulation/share/turtlebot3_simulation/launch
[1.738s] -- Installing: /root/ros2_ws/install/turtlebot3_simulation/share/turtlebot3_simulation/launch/turtlebot3_simulation.launch.py
[1.738s] -- Installing: /root/ros2_ws/install/turtlebot3_simulation/share/turtlebot3_simulation/launch/gazebo_only.launch.py
[1.738s] -- Installing: /root/ros2_ws/install/turtlebot3_simulation/share/turtlebot3_simulation/launch/rviz_only.launch.py
[1.738s] -- Installing: /root/ros2_ws/install/turtlebot3_simulation/share/turtlebot3_simulation/urdf
[1.739s] -- Installing: /root/ros2_ws/install/turtlebot3_simulation/share/turtlebot3_simulation/urdf/turtlebot3_burger.urdf
[1.739s] -- Installing: /root/ros2_ws/install/turtlebot3_simulation/share/turtlebot3_simulation/rviz
[1.739s] -- Installing: /root/ros2_ws/install/turtlebot3_simulation/share/turtlebot3_simulation/rviz/turtlebot3_view.rviz
[1.740s] -- Installing: /root/ros2_ws/install/turtlebot3_simulation/share/turtlebot3_simulation/config
[1.740s] -- Installing: /root/ros2_ws/install/turtlebot3_simulation/share/turtlebot3_simulation/config/turtlebot3_params.yaml
[1.740s] -- Installing: /root/ros2_ws/install/turtlebot3_simulation/share/turtlebot3_simulation/worlds
[1.741s] -- Installing: /root/ros2_ws/install/turtlebot3_simulation/share/turtlebot3_simulation/worlds/empty_world.world
[1.741s] -- Installing: /root/ros2_ws/install/turtlebot3_simulation/share/ament_index/resource_index/package_run_dependencies/turtlebot3_simulation
[1.741s] -- Installing: /root/ros2_ws/install/turtlebot3_simulation/share/ament_index/resource_index/parent_prefix_path/turtlebot3_simulation
[1.741s] -- Installing: /root/ros2_ws/install/turtlebot3_simulation/share/turtlebot3_simulation/environment/ament_prefix_path.sh
[1.741s] -- Installing: /root/ros2_ws/install/turtlebot3_simulation/share/turtlebot3_simulation/environment/ament_prefix_path.dsv
[1.742s] -- Installing: /root/ros2_ws/install/turtlebot3_simulation/share/turtlebot3_simulation/environment/path.sh
[1.742s] -- Installing: /root/ros2_ws/install/turtlebot3_simulation/share/turtlebot3_simulation/environment/path.dsv
[1.743s] -- Installing: /root/ros2_ws/install/turtlebot3_simulation/share/turtlebot3_simulation/local_setup.bash
[1.744s] -- Installing: /root/ros2_ws/install/turtlebot3_simulation/share/turtlebot3_simulation/local_setup.sh
[1.744s] -- Installing: /root/ros2_ws/install/turtlebot3_simulation/share/turtlebot3_simulation/local_setup.zsh
[1.744s] -- Installing: /root/ros2_ws/install/turtlebot3_simulation/share/turtlebot3_simulation/local_setup.dsv
[1.745s] -- Installing: /root/ros2_ws/install/turtlebot3_simulation/share/turtlebot3_simulation/package.dsv
[1.745s] -- Installing: /root/ros2_ws/install/turtlebot3_simulation/share/ament_index/resource_index/packages/turtlebot3_simulation
[1.746s] -- Installing: /root/ros2_ws/install/turtlebot3_simulation/share/turtlebot3_simulation/cmake/turtlebot3_simulationConfig.cmake
[1.746s] -- Installing: /root/ros2_ws/install/turtlebot3_simulation/share/turtlebot3_simulation/cmake/turtlebot3_simulationConfig-version.cmake
[1.747s] -- Installing: /root/ros2_ws/install/turtlebot3_simulation/share/turtlebot3_simulation/package.xml
[1.747s] Invoked command in '/root/ros2_ws/build/turtlebot3_simulation' returned '0': CMAKE_PREFIX_PATH=/opt/ros/humble /usr/bin/cmake --install /root/ros2_ws/build/turtlebot3_simulation
