[0.000000] (-) TimerEvent: {}
[0.000050] (-) JobUnselected: {'identifier': 'my_robot'}
[0.000083] (turtlebot3_simulation) JobQueued: {'identifier': 'turtlebot3_simulation', 'dependencies': OrderedDict()}
[0.000104] (turtlebot3_simulation) JobStarted: {'identifier': 'turtlebot3_simulation'}
[0.008406] (turtlebot3_simulation) JobProgress: {'identifier': 'turtlebot3_simulation', 'progress': 'cmake'}
[0.008953] (turtlebot3_simulation) JobProgress: {'identifier': 'turtlebot3_simulation', 'progress': 'build'}
[0.009588] (turtlebot3_simulation) Command: {'cmd': ['/usr/bin/cmake', '--build', '/root/ros2_ws/build/turtlebot3_simulation', '--', '-j8', '-l8'], 'cwd': '/root/ros2_ws/build/turtlebot3_simulation', 'env': OrderedDict([('HOSTNAME', 'fedora'), ('SHLVL', '1'), ('LIBGL_ALWAYS_SOFTWARE', '1'), ('LD_LIBRARY_PATH', '/usr/lib/x86_64-linux-gnu/gazebo-11/plugins:/opt/ros/humble/opt/rviz_ogre_vendor/lib:/opt/ros/humble/lib/x86_64-linux-gnu:/opt/ros/humble/lib'), ('HOME', '/root'), ('OLDPWD', '/root/ros2_ws'), ('ROS_PYTHON_VERSION', '3'), ('ROS_DISTRO', 'humble'), ('_', '/usr/bin/colcon'), ('ROS_VERSION', '2'), ('ROS_LOCALHOST_ONLY', '0'), ('QT_X11_NO_MITSHM', '1'), ('PATH', '/opt/ros/humble/bin:/usr/local/sbin:/usr/local/bin:/usr/sbin:/usr/bin:/sbin:/bin'), ('DISPLAY', ':0'), ('LANG', 'C.UTF-8'), ('AMENT_PREFIX_PATH', '/opt/ros/humble'), ('PWD', '/root/ros2_ws/build/turtlebot3_simulation'), ('LC_ALL', 'C.UTF-8'), ('PYTHONPATH', '/opt/ros/humble/lib/python3.10/site-packages:/opt/ros/humble/local/lib/python3.10/dist-packages'), ('COLCON', '1'), ('CMAKE_PREFIX_PATH', '/opt/ros/humble')]), 'shell': False}
[0.047524] (turtlebot3_simulation) CommandEnded: {'returncode': 0}
[0.048196] (turtlebot3_simulation) JobProgress: {'identifier': 'turtlebot3_simulation', 'progress': 'install'}
[0.055483] (turtlebot3_simulation) Command: {'cmd': ['/usr/bin/cmake', '--install', '/root/ros2_ws/build/turtlebot3_simulation'], 'cwd': '/root/ros2_ws/build/turtlebot3_simulation', 'env': OrderedDict([('HOSTNAME', 'fedora'), ('SHLVL', '1'), ('LIBGL_ALWAYS_SOFTWARE', '1'), ('LD_LIBRARY_PATH', '/usr/lib/x86_64-linux-gnu/gazebo-11/plugins:/opt/ros/humble/opt/rviz_ogre_vendor/lib:/opt/ros/humble/lib/x86_64-linux-gnu:/opt/ros/humble/lib'), ('HOME', '/root'), ('OLDPWD', '/root/ros2_ws'), ('ROS_PYTHON_VERSION', '3'), ('ROS_DISTRO', 'humble'), ('_', '/usr/bin/colcon'), ('ROS_VERSION', '2'), ('ROS_LOCALHOST_ONLY', '0'), ('QT_X11_NO_MITSHM', '1'), ('PATH', '/opt/ros/humble/bin:/usr/local/sbin:/usr/local/bin:/usr/sbin:/usr/bin:/sbin:/bin'), ('DISPLAY', ':0'), ('LANG', 'C.UTF-8'), ('AMENT_PREFIX_PATH', '/opt/ros/humble'), ('PWD', '/root/ros2_ws/build/turtlebot3_simulation'), ('LC_ALL', 'C.UTF-8'), ('PYTHONPATH', '/opt/ros/humble/lib/python3.10/site-packages:/opt/ros/humble/local/lib/python3.10/dist-packages'), ('COLCON', '1'), ('CMAKE_PREFIX_PATH', '/opt/ros/humble')]), 'shell': False}
[0.063856] (turtlebot3_simulation) StdoutLine: {'line': b'-- Install configuration: ""\n'}
[0.064263] (turtlebot3_simulation) StdoutLine: {'line': b'-- Up-to-date: /root/ros2_ws/install/turtlebot3_simulation/lib/turtlebot3_simulation/velocity_controller.py\n'}
[0.064348] (turtlebot3_simulation) StdoutLine: {'line': b'-- Up-to-date: /root/ros2_ws/install/turtlebot3_simulation/lib/turtlebot3_simulation/teleop_node.py\n'}
[0.064415] (turtlebot3_simulation) StdoutLine: {'line': b'-- Up-to-date: /root/ros2_ws/install/turtlebot3_simulation/lib/turtlebot3_simulation/service_server.py\n'}
[0.064578] (turtlebot3_simulation) StdoutLine: {'line': b'-- Up-to-date: /root/ros2_ws/install/turtlebot3_simulation/lib/turtlebot3_simulation/action_server.py\n'}
[0.064653] (turtlebot3_simulation) StdoutLine: {'line': b'-- Up-to-date: /root/ros2_ws/install/turtlebot3_simulation/lib/turtlebot3_simulation\n'}
[0.064723] (turtlebot3_simulation) StdoutLine: {'line': b'-- Up-to-date: /root/ros2_ws/install/turtlebot3_simulation/lib/turtlebot3_simulation/velocity_controller.py\n'}
[0.064786] (turtlebot3_simulation) StdoutLine: {'line': b'-- Up-to-date: /root/ros2_ws/install/turtlebot3_simulation/lib/turtlebot3_simulation/teleop_node.py\n'}
[0.064857] (turtlebot3_simulation) StdoutLine: {'line': b'-- Up-to-date: /root/ros2_ws/install/turtlebot3_simulation/lib/turtlebot3_simulation/service_server.py\n'}
[0.064935] (turtlebot3_simulation) StdoutLine: {'line': b'-- Up-to-date: /root/ros2_ws/install/turtlebot3_simulation/lib/turtlebot3_simulation/action_server.py\n'}
[0.064995] (turtlebot3_simulation) StdoutLine: {'line': b'-- Up-to-date: /root/ros2_ws/install/turtlebot3_simulation/share/turtlebot3_simulation/launch\n'}
[0.065056] (turtlebot3_simulation) StdoutLine: {'line': b'-- Up-to-date: /root/ros2_ws/install/turtlebot3_simulation/share/turtlebot3_simulation/launch/turtlebot3_simulation.launch.py\n'}
[0.065116] (turtlebot3_simulation) StdoutLine: {'line': b'-- Up-to-date: /root/ros2_ws/install/turtlebot3_simulation/share/turtlebot3_simulation/launch/gazebo_only.launch.py\n'}
[0.065177] (turtlebot3_simulation) StdoutLine: {'line': b'-- Up-to-date: /root/ros2_ws/install/turtlebot3_simulation/share/turtlebot3_simulation/launch/rviz_only.launch.py\n'}
[0.065237] (turtlebot3_simulation) StdoutLine: {'line': b'-- Up-to-date: /root/ros2_ws/install/turtlebot3_simulation/share/turtlebot3_simulation/urdf\n'}
[0.065297] (turtlebot3_simulation) StdoutLine: {'line': b'-- Up-to-date: /root/ros2_ws/install/turtlebot3_simulation/share/turtlebot3_simulation/urdf/turtlebot3_burger.urdf\n'}
[0.065357] (turtlebot3_simulation) StdoutLine: {'line': b'-- Up-to-date: /root/ros2_ws/install/turtlebot3_simulation/share/turtlebot3_simulation/rviz\n'}
[0.065416] (turtlebot3_simulation) StdoutLine: {'line': b'-- Up-to-date: /root/ros2_ws/install/turtlebot3_simulation/share/turtlebot3_simulation/rviz/turtlebot3_view.rviz\n'}
[0.065476] (turtlebot3_simulation) StdoutLine: {'line': b'-- Up-to-date: /root/ros2_ws/install/turtlebot3_simulation/share/turtlebot3_simulation/config\n'}
[0.065581] (turtlebot3_simulation) StdoutLine: {'line': b'-- Up-to-date: /root/ros2_ws/install/turtlebot3_simulation/share/turtlebot3_simulation/config/turtlebot3_params.yaml\n'}
[0.065846] (turtlebot3_simulation) StdoutLine: {'line': b'-- Up-to-date: /root/ros2_ws/install/turtlebot3_simulation/share/turtlebot3_simulation/worlds\n'}
[0.065958] (turtlebot3_simulation) StdoutLine: {'line': b'-- Up-to-date: /root/ros2_ws/install/turtlebot3_simulation/share/turtlebot3_simulation/worlds/empty_world.world\n'}
[0.066039] (turtlebot3_simulation) StdoutLine: {'line': b'-- Up-to-date: /root/ros2_ws/install/turtlebot3_simulation/share/ament_index/resource_index/package_run_dependencies/turtlebot3_simulation\n'}
[0.066526] (turtlebot3_simulation) StdoutLine: {'line': b'-- Up-to-date: /root/ros2_ws/install/turtlebot3_simulation/share/ament_index/resource_index/parent_prefix_path/turtlebot3_simulation\n'}
[0.066653] (turtlebot3_simulation) StdoutLine: {'line': b'-- Up-to-date: /root/ros2_ws/install/turtlebot3_simulation/share/turtlebot3_simulation/environment/ament_prefix_path.sh\n'}
[0.066805] (turtlebot3_simulation) StdoutLine: {'line': b'-- Up-to-date: /root/ros2_ws/install/turtlebot3_simulation/share/turtlebot3_simulation/environment/ament_prefix_path.dsv\n'}
[0.066941] (turtlebot3_simulation) StdoutLine: {'line': b'-- Up-to-date: /root/ros2_ws/install/turtlebot3_simulation/share/turtlebot3_simulation/environment/path.sh\n'}
[0.067052] (turtlebot3_simulation) StdoutLine: {'line': b'-- Up-to-date: /root/ros2_ws/install/turtlebot3_simulation/share/turtlebot3_simulation/environment/path.dsv\n'}
[0.067137] (turtlebot3_simulation) StdoutLine: {'line': b'-- Up-to-date: /root/ros2_ws/install/turtlebot3_simulation/share/turtlebot3_simulation/local_setup.bash\n'}
[0.067276] (turtlebot3_simulation) StdoutLine: {'line': b'-- Up-to-date: /root/ros2_ws/install/turtlebot3_simulation/share/turtlebot3_simulation/local_setup.sh\n'}
[0.067528] (turtlebot3_simulation) StdoutLine: {'line': b'-- Up-to-date: /root/ros2_ws/install/turtlebot3_simulation/share/turtlebot3_simulation/local_setup.zsh\n'}
[0.067623] (turtlebot3_simulation) StdoutLine: {'line': b'-- Up-to-date: /root/ros2_ws/install/turtlebot3_simulation/share/turtlebot3_simulation/local_setup.dsv\n'}
[0.067895] (turtlebot3_simulation) StdoutLine: {'line': b'-- Installing: /root/ros2_ws/install/turtlebot3_simulation/share/turtlebot3_simulation/package.dsv\n'}
[0.067991] (turtlebot3_simulation) StdoutLine: {'line': b'-- Up-to-date: /root/ros2_ws/install/turtlebot3_simulation/share/ament_index/resource_index/packages/turtlebot3_simulation\n'}
[0.068188] (turtlebot3_simulation) StdoutLine: {'line': b'-- Up-to-date: /root/ros2_ws/install/turtlebot3_simulation/share/turtlebot3_simulation/cmake/turtlebot3_simulationConfig.cmake\n'}
[0.068319] (turtlebot3_simulation) StdoutLine: {'line': b'-- Up-to-date: /root/ros2_ws/install/turtlebot3_simulation/share/turtlebot3_simulation/cmake/turtlebot3_simulationConfig-version.cmake\n'}
[0.068550] (turtlebot3_simulation) StdoutLine: {'line': b'-- Up-to-date: /root/ros2_ws/install/turtlebot3_simulation/share/turtlebot3_simulation/package.xml\n'}
[0.068687] (turtlebot3_simulation) CommandEnded: {'returncode': 0}
[0.086588] (turtlebot3_simulation) JobEnded: {'identifier': 'turtlebot3_simulation', 'rc': 0}
[0.087083] (-) EventReactorShutdown: {}
