[0.000000] (-) TimerEvent: {}
[0.000832] (my_robot) JobQueued: {'identifier': 'my_robot', 'dependencies': OrderedDict()}
[0.001039] (turtlebot3_simulation) JobQueued: {'identifier': 'turtlebot3_simulation', 'dependencies': OrderedDict()}
[0.001147] (my_robot) JobStarted: {'identifier': 'my_robot'}
[0.023491] (turtlebot3_simulation) JobStarted: {'identifier': 'turtlebot3_simulation'}
[0.040157] (my_robot) JobProgress: {'identifier': 'my_robot', 'progress': 'cmake'}
[0.041990] (my_robot) Command: {'cmd': ['/usr/bin/cmake', '/home/skywalker/ros2_ws/src/my_robot', '-DCMAKE_INSTALL_PREFIX=/home/skywalker/ros2_ws/install/my_robot'], 'cwd': '/home/skywalker/ros2_ws/build/my_robot', 'env': OrderedDict({'SHELL': '/bin/bash', 'ROS_VERSION': '2', 'COLORTERM': 'truecolor', 'VSCODE_DEBUGPY_ADAPTER_ENDPOINTS': '/home/skywalker/.windsurf/extensions/ms-python.debugpy-2025.18.0-linux-x64/.noConfigDebugAdapterEndpoints/endpoint-1b6384386339d7d3.txt', 'HISTCONTROL': 'ignoredups', 'XDG_MENU_PREFIX': 'gnome-', 'TERM_PROGRAM_VERSION': '1.108.2', 'QT_IM_MODULES': 'wayland;ibus', 'PKG_CONFIG_PATH': '/home/skywalker/Downloads/sys/ros2/glnxa64/ros2/lib/x86_64-linux-gnu/pkgconfig:/home/skywalker/Downloads/sys/ros2/glnxa64/ros2/lib/pkgconfig', 'ROS_PYTHON_VERSION': '3', 'HISTSIZE': '1000', 'HOSTNAME': 'fedora', 'SSH_AUTH_SOCK': '/run/user/1000/gcr/ssh', 'MEMORY_PRESSURE_WRITE': 'c29tZSAyMDAwMDAgMjAwMDAwMAA=', 'PYDEVD_DISABLE_FILE_VALIDATION': '1', 'XMODIFIERS': '@im=ibus', 'DESKTOP_SESSION': 'gnome', 'NO_AT_BRIDGE': '1', 'GPG_TTY': 'not a tty', 'EDITOR': '/usr/bin/nano', 'PWD': '/home/skywalker/ros2_ws/build/my_robot', 'LOGNAME': 'skywalker', 'XDG_SESSION_DESKTOP': 'gnome', 'XDG_SESSION_TYPE': 'wayland', 'SYSTEMD_EXEC_PID': '3872', 'BUNDLED_DEBUGPY_PATH': '/home/skywalker/.windsurf/extensions/ms-python.debugpy-2025.18.0-linux-x64/bundled/libs/debugpy', 'XAUTHORITY': '/run/user/1000/.mutter-Xwaylandauth.KL85M3', 'VSCODE_GIT_ASKPASS_NODE': '/usr/share/windsurf/windsurf', 'GJS_DEBUG_TOPICS': 'JS ERROR;JS LOG', 'GDM_LANG': 'en_US.UTF-8', 'HOME': '/home/skywalker', 'USERNAME': 'skywalker', 'LANG': 'en_US.UTF-8', 'XDG_CURRENT_DESKTOP': 'GNOME', 'MEMORY_PRESSURE_WATCH': '/sys/fs/cgroup/user.slice/user-1000.slice/user@1000.service/session.slice/org.gnome.Shell@wayland.service/memory.pressure', 'PYTHONSTARTUP': '/home/skywalker/.config/Windsurf/User/workspaceStorage/ba2a18d57539d8d6e356af6775f1f398/ms-python.python/pythonrc.py', 'WAYLAND_DISPLAY': 'wayland-0', 'WINDSURF_CASCADE_TERMINAL': '1', 'AMENT_PREFIX_PATH': '/home/skywalker/Downloads/sys/ros2/glnxa64/ros2', 'GIT_ASKPASS': '/usr/share/windsurf/resources/app/extensions/git/dist/askpass.sh', 'CMAKE_PREFIX_PATH': '/home/skywalker/Downloads/sys/ros2/glnxa64/ros2/opt/yaml_cpp_vendor:/home/skywalker/Downloads/sys/ros2/glnxa64/ros2/opt/pybind11_vendor:/home/skywalker/Downloads/sys/ros2/glnxa64/ros2/opt/console_bridge_vendor:/home/skywalker/Downloads/sys/ros2/glnxa64/ros2', 'ROS_AUTOMATIC_DISCOVERY_RANGE': 'SUBNET', 'COLCON_PREFIX_PATH': '/home/skywalker/Downloads/sys/ros2/glnxa64/ros2', 'INVOCATION_ID': '9e13f29950a040d78ed148f5af4a2f7e', 'MANAGERPID': '3635', 'CHROME_DESKTOP': 'windsurf.desktop', 'GJS_DEBUG_OUTPUT': 'stderr', 'MOZ_GMP_PATH': '/usr/lib64/mozilla/plugins/gmp-gmpopenh264/system-installed', 'VSCODE_GIT_ASKPASS_EXTRA_ARGS': '', 'GNOME_SETUP_DISPLAY': ':1', 'VSCODE_PYTHON_AUTOACTIVATE_GUARD': '1', 'XDG_SESSION_CLASS': 'user', 'PYTHONPATH': '/home/skywalker/Downloads/sys/ros2/glnxa64/ros2/lib/python3.9/site-packages', 'COLCON': '1', 'TERM': 'xterm-256color', 'PYTHON_BASIC_REPL': '1', 'LESSOPEN': '||/usr/bin/lesspipe.sh %s', 'USER': 'skywalker', 'GIT_PAGER': 'cat', 'VSCODE_GIT_IPC_HANDLE': '/run/user/1000/vscode-git-3d38e82ed8.sock', 'DISPLAY': ':0', 'SHLVL': '1', 'PAGER': 'cat', 'TURTLEBOT3_MODEL': 'burger', 'QT_IM_MODULE': 'ibus', 'MANAGERPIDFDID': '3636', 'FC_FONTATIONS': '1', 'LD_LIBRARY_PATH': '/home/skywalker/Downloads/sys/ros2/glnxa64/ros2/lib', 'XDG_RUNTIME_DIR': '/run/user/1000', 'DEBUGINFOD_URLS': 'ima:enforcing https://debuginfod.fedoraproject.org/ ima:ignore', 'DEBUGINFOD_IMA_CERT_PATH': '/etc/keys/ima:', 'WINDSURF_CASCADE_TERMINAL_KIND': 'inherit', 'VSCODE_GIT_ASKPASS_MAIN': '/usr/share/windsurf/resources/app/extensions/git/dist/askpass-main.js', 'JOURNAL_STREAM': '9:31289', 'XDG_DATA_DIRS': '/home/skywalker/.local/share/flatpak/exports/share:/var/lib/flatpak/exports/share:/usr/local/share/:/usr/share/:/var/lib/snapd/desktop', 'GDK_BACKEND': 'wayland', 'PATH': '/home/skywalker/Downloads/sys/ros2/glnxa64/ros2/bin:/home/skywalker/.cargo/bin:/home/skywalker/.local/bin:/usr/local/bin:/usr/bin:/var/lib/snapd/snap/bin:/home/skywalker/.windsurf/extensions/ms-python.debugpy-2025.18.0-linux-x64/bundled/scripts/noConfigScripts', 'GDMSESSION': 'gnome', 'DBUS_SESSION_BUS_ADDRESS': 'unix:path=/run/user/1000/bus', 'MAIL': '/var/spool/mail/skywalker', 'ROS_DISTRO': 'jazzy', 'GIO_LAUNCHED_DESKTOP_FILE_PID': '26861', 'GIO_LAUNCHED_DESKTOP_FILE': '/usr/share/applications/windsurf.desktop', 'OLDPWD': '/home/skywalker/ros2_ws', 'TERM_PROGRAM': 'vscode', '_': '/usr/bin/env'}), 'shell': False}
[0.052447] (turtlebot3_simulation) JobProgress: {'identifier': 'turtlebot3_simulation', 'progress': 'cmake'}
[0.054778] (turtlebot3_simulation) Command: {'cmd': ['/usr/bin/cmake', '/home/skywalker/ros2_ws/src/turtlebot3_simulation', '-DCMAKE_INSTALL_PREFIX=/home/skywalker/ros2_ws/install/turtlebot3_simulation'], 'cwd': '/home/skywalker/ros2_ws/build/turtlebot3_simulation', 'env': OrderedDict({'SHELL': '/bin/bash', 'ROS_VERSION': '2', 'COLORTERM': 'truecolor', 'VSCODE_DEBUGPY_ADAPTER_ENDPOINTS': '/home/skywalker/.windsurf/extensions/ms-python.debugpy-2025.18.0-linux-x64/.noConfigDebugAdapterEndpoints/endpoint-1b6384386339d7d3.txt', 'HISTCONTROL': 'ignoredups', 'XDG_MENU_PREFIX': 'gnome-', 'TERM_PROGRAM_VERSION': '1.108.2', 'QT_IM_MODULES': 'wayland;ibus', 'PKG_CONFIG_PATH': '/home/skywalker/Downloads/sys/ros2/glnxa64/ros2/lib/x86_64-linux-gnu/pkgconfig:/home/skywalker/Downloads/sys/ros2/glnxa64/ros2/lib/pkgconfig', 'ROS_PYTHON_VERSION': '3', 'HISTSIZE': '1000', 'HOSTNAME': 'fedora', 'SSH_AUTH_SOCK': '/run/user/1000/gcr/ssh', 'MEMORY_PRESSURE_WRITE': 'c29tZSAyMDAwMDAgMjAwMDAwMAA=', 'PYDEVD_DISABLE_FILE_VALIDATION': '1', 'XMODIFIERS': '@im=ibus', 'DESKTOP_SESSION': 'gnome', 'NO_AT_BRIDGE': '1', 'GPG_TTY': 'not a tty', 'EDITOR': '/usr/bin/nano', 'PWD': '/home/skywalker/ros2_ws/build/turtlebot3_simulation', 'LOGNAME': 'skywalker', 'XDG_SESSION_DESKTOP': 'gnome', 'XDG_SESSION_TYPE': 'wayland', 'SYSTEMD_EXEC_PID': '3872', 'BUNDLED_DEBUGPY_PATH': '/home/skywalker/.windsurf/extensions/ms-python.debugpy-2025.18.0-linux-x64/bundled/libs/debugpy', 'XAUTHORITY': '/run/user/1000/.mutter-Xwaylandauth.KL85M3', 'VSCODE_GIT_ASKPASS_NODE': '/usr/share/windsurf/windsurf', 'GJS_DEBUG_TOPICS': 'JS ERROR;JS LOG', 'GDM_LANG': 'en_US.UTF-8', 'HOME': '/home/skywalker', 'USERNAME': 'skywalker', 'LANG': 'en_US.UTF-8', 'XDG_CURRENT_DESKTOP': 'GNOME', 'MEMORY_PRESSURE_WATCH': '/sys/fs/cgroup/user.slice/user-1000.slice/user@1000.service/session.slice/org.gnome.Shell@wayland.service/memory.pressure', 'PYTHONSTARTUP': '/home/skywalker/.config/Windsurf/User/workspaceStorage/ba2a18d57539d8d6e356af6775f1f398/ms-python.python/pythonrc.py', 'WAYLAND_DISPLAY': 'wayland-0', 'WINDSURF_CASCADE_TERMINAL': '1', 'AMENT_PREFIX_PATH': '/home/skywalker/Downloads/sys/ros2/glnxa64/ros2', 'GIT_ASKPASS': '/usr/share/windsurf/resources/app/extensions/git/dist/askpass.sh', 'CMAKE_PREFIX_PATH': '/home/skywalker/Downloads/sys/ros2/glnxa64/ros2/opt/yaml_cpp_vendor:/home/skywalker/Downloads/sys/ros2/glnxa64/ros2/opt/pybind11_vendor:/home/skywalker/Downloads/sys/ros2/glnxa64/ros2/opt/console_bridge_vendor:/home/skywalker/Downloads/sys/ros2/glnxa64/ros2', 'ROS_AUTOMATIC_DISCOVERY_RANGE': 'SUBNET', 'COLCON_PREFIX_PATH': '/home/skywalker/Downloads/sys/ros2/glnxa64/ros2', 'INVOCATION_ID': '9e13f29950a040d78ed148f5af4a2f7e', 'MANAGERPID': '3635', 'CHROME_DESKTOP': 'windsurf.desktop', 'GJS_DEBUG_OUTPUT': 'stderr', 'MOZ_GMP_PATH': '/usr/lib64/mozilla/plugins/gmp-gmpopenh264/system-installed', 'VSCODE_GIT_ASKPASS_EXTRA_ARGS': '', 'GNOME_SETUP_DISPLAY': ':1', 'VSCODE_PYTHON_AUTOACTIVATE_GUARD': '1', 'XDG_SESSION_CLASS': 'user', 'PYTHONPATH': '/home/skywalker/Downloads/sys/ros2/glnxa64/ros2/lib/python3.9/site-packages', 'COLCON': '1', 'TERM': 'xterm-256color', 'PYTHON_BASIC_REPL': '1', 'LESSOPEN': '||/usr/bin/lesspipe.sh %s', 'USER': 'skywalker', 'GIT_PAGER': 'cat', 'VSCODE_GIT_IPC_HANDLE': '/run/user/1000/vscode-git-3d38e82ed8.sock', 'DISPLAY': ':0', 'SHLVL': '1', 'PAGER': 'cat', 'TURTLEBOT3_MODEL': 'burger', 'QT_IM_MODULE': 'ibus', 'MANAGERPIDFDID': '3636', 'FC_FONTATIONS': '1', 'LD_LIBRARY_PATH': '/home/skywalker/Downloads/sys/ros2/glnxa64/ros2/lib', 'XDG_RUNTIME_DIR': '/run/user/1000', 'DEBUGINFOD_URLS': 'ima:enforcing https://debuginfod.fedoraproject.org/ ima:ignore', 'DEBUGINFOD_IMA_CERT_PATH': '/etc/keys/ima:', 'WINDSURF_CASCADE_TERMINAL_KIND': 'inherit', 'VSCODE_GIT_ASKPASS_MAIN': '/usr/share/windsurf/resources/app/extensions/git/dist/askpass-main.js', 'JOURNAL_STREAM': '9:31289', 'XDG_DATA_DIRS': '/home/skywalker/.local/share/flatpak/exports/share:/var/lib/flatpak/exports/share:/usr/local/share/:/usr/share/:/var/lib/snapd/desktop', 'GDK_BACKEND': 'wayland', 'PATH': '/home/skywalker/Downloads/sys/ros2/glnxa64/ros2/bin:/home/skywalker/.cargo/bin:/home/skywalker/.local/bin:/usr/local/bin:/usr/bin:/var/lib/snapd/snap/bin:/home/skywalker/.windsurf/extensions/ms-python.debugpy-2025.18.0-linux-x64/bundled/scripts/noConfigScripts', 'GDMSESSION': 'gnome', 'DBUS_SESSION_BUS_ADDRESS': 'unix:path=/run/user/1000/bus', 'MAIL': '/var/spool/mail/skywalker', 'ROS_DISTRO': 'jazzy', 'GIO_LAUNCHED_DESKTOP_FILE_PID': '26861', 'GIO_LAUNCHED_DESKTOP_FILE': '/usr/share/applications/windsurf.desktop', 'OLDPWD': '/home/skywalker/ros2_ws', 'TERM_PROGRAM': 'vscode', '_': '/usr/bin/env'}), 'shell': False}
[0.098465] (-) TimerEvent: {}
[0.198908] (-) TimerEvent: {}
[0.200841] (my_robot) StderrLine: {'line': b'\x1b[0mCMake Deprecation Warning at CMakeLists.txt:1 (cmake_minimum_required):\n'}
[0.201199] (my_robot) StderrLine: {'line': b'  Compatibility with CMake < 3.10 will be removed from a future version of\n'}
[0.201422] (my_robot) StderrLine: {'line': b'  CMake.\n'}
[0.201940] (my_robot) StderrLine: {'line': b'\n'}
[0.202167] (my_robot) StderrLine: {'line': b'  Update the VERSION argument <min> value.  Or, use the <min>...<max> syntax\n'}
[0.202356] (my_robot) StderrLine: {'line': b'  to tell CMake that the project requires at least <min> but has been updated\n'}
[0.202549] (my_robot) StderrLine: {'line': b'  to work with policies introduced by <max> or earlier.\n'}
[0.202753] (my_robot) StderrLine: {'line': b'\n'}
[0.202921] (my_robot) StderrLine: {'line': b'\x1b[0m\n'}
[0.203086] (turtlebot3_simulation) StderrLine: {'line': b'\x1b[0mCMake Deprecation Warning at CMakeLists.txt:1 (cmake_minimum_required):\n'}
[0.203294] (turtlebot3_simulation) StderrLine: {'line': b'  Compatibility with CMake < 3.10 will be removed from a future version of\n'}
[0.204834] (turtlebot3_simulation) StderrLine: {'line': b'  CMake.\n'}
[0.205042] (turtlebot3_simulation) StderrLine: {'line': b'\n'}
[0.205245] (turtlebot3_simulation) StderrLine: {'line': b'  Update the VERSION argument <min> value.  Or, use the <min>...<max> syntax\n'}
[0.205431] (turtlebot3_simulation) StderrLine: {'line': b'  to tell CMake that the project requires at least <min> but has been updated\n'}
[0.205610] (turtlebot3_simulation) StderrLine: {'line': b'  to work with policies introduced by <max> or earlier.\n'}
[0.205823] (turtlebot3_simulation) StderrLine: {'line': b'\n'}
[0.206006] (turtlebot3_simulation) StderrLine: {'line': b'\x1b[0m\n'}
[0.259879] (my_robot) StdoutLine: {'line': b'-- Found ament_cmake: 2.5.2 (/home/skywalker/Downloads/sys/ros2/glnxa64/ros2/share/ament_cmake/cmake)\n'}
[0.261655] (turtlebot3_simulation) StdoutLine: {'line': b'-- Found ament_cmake: 2.5.2 (/home/skywalker/Downloads/sys/ros2/glnxa64/ros2/share/ament_cmake/cmake)\n'}
[0.299022] (-) TimerEvent: {}
[0.400705] (-) TimerEvent: {}
[0.501205] (-) TimerEvent: {}
[0.601604] (-) TimerEvent: {}
[0.702441] (-) TimerEvent: {}
[0.760513] (my_robot) StdoutLine: {'line': b'-- Found Python3: /usr/bin/python3 (found version "3.14.3") found components: Interpreter\n'}
[0.799749] (turtlebot3_simulation) StdoutLine: {'line': b'-- Found Python3: /usr/bin/python3 (found version "3.14.3") found components: Interpreter\n'}
[0.802546] (-) TimerEvent: {}
[0.903689] (-) TimerEvent: {}
[1.004077] (-) TimerEvent: {}
[1.057277] (my_robot) StderrLine: {'line': b'\x1b[31mCMake Error at CMakeLists.txt:10 (find_package):\n'}
[1.057636] (my_robot) StderrLine: {'line': b'  By not providing "Findrclpy.cmake" in CMAKE_MODULE_PATH this project has\n'}
[1.057860] (my_robot) StderrLine: {'line': b'  asked CMake to find a package configuration file provided by "rclpy", but\n'}
[1.058057] (my_robot) StderrLine: {'line': b'  CMake did not find one.\n'}
[1.058249] (my_robot) StderrLine: {'line': b'\n'}
[1.058439] (my_robot) StderrLine: {'line': b'  Could not find a package configuration file provided by "rclpy" with any of\n'}
[1.058634] (my_robot) StderrLine: {'line': b'  the following names:\n'}
[1.058820] (my_robot) StderrLine: {'line': b'\n'}
[1.059001] (my_robot) StderrLine: {'line': b'    rclpyConfig.cmake\n'}
[1.059184] (my_robot) StderrLine: {'line': b'    rclpy-config.cmake\n'}
[1.059370] (my_robot) StderrLine: {'line': b'\n'}
[1.059556] (my_robot) StderrLine: {'line': b'  Add the installation prefix of "rclpy" to CMAKE_PREFIX_PATH or set\n'}
[1.059762] (my_robot) StderrLine: {'line': b'  "rclpy_DIR" to a directory containing one of the above files.  If "rclpy"\n'}
[1.059947] (my_robot) StderrLine: {'line': b'  provides a separate development package or SDK, be sure it has been\n'}
[1.060128] (my_robot) StderrLine: {'line': b'  installed.\n'}
[1.060315] (my_robot) StderrLine: {'line': b'\n'}
[1.060794] (my_robot) StderrLine: {'line': b'\x1b[0m\n'}
[1.060994] (my_robot) StdoutLine: {'line': b'-- Configuring incomplete, errors occurred!\n'}
[1.062900] (my_robot) CommandEnded: {'returncode': 1}
[1.074569] (turtlebot3_simulation) StdoutLine: {'line': b'-- Found ament_lint_auto: 0.17.1 (/home/skywalker/Downloads/sys/ros2/glnxa64/ros2/share/ament_lint_auto/cmake)\n'}
[1.104746] (-) TimerEvent: {}
[1.113198] (my_robot) JobEnded: {'identifier': 'my_robot', 'rc': 1}
[1.204906] (-) TimerEvent: {}
[1.305405] (-) TimerEvent: {}
[1.321861] (turtlebot3_simulation) StdoutLine: {'line': b"-- Added test 'copyright' to check source files copyright and LICENSE\n"}
[1.326362] (turtlebot3_simulation) StdoutLine: {'line': b"-- Added test 'flake8' to check Python code syntax and style conventions\n"}
[1.326695] (turtlebot3_simulation) StdoutLine: {'line': b"-- Configured 'flake8' exclude dirs and/or files: \n"}
[1.328105] (turtlebot3_simulation) StdoutLine: {'line': b"-- Added test 'lint_cmake' to check CMake code style\n"}
[1.329248] (turtlebot3_simulation) StdoutLine: {'line': b"-- Added test 'pep257' to check Python code against some of the docstring style conventions in PEP 257\n"}
[1.332096] (turtlebot3_simulation) StdoutLine: {'line': b"-- Added test 'xmllint' to check XML markup files\n"}
[1.335051] (turtlebot3_simulation) StdoutLine: {'line': b'-- Configuring done (1.1s)\n'}
[1.356734] (turtlebot3_simulation) StdoutLine: {'line': b'-- Generating done (0.0s)\n'}
[1.359413] (turtlebot3_simulation) StdoutLine: {'line': b'-- Build files have been written to: /home/skywalker/ros2_ws/build/turtlebot3_simulation\n'}
[1.365046] (turtlebot3_simulation) JobEnded: {'identifier': 'turtlebot3_simulation', 'rc': 'SIGINT'}
[1.376327] (-) EventReactorShutdown: {}
