[0.038s] Invoking command in '/root/ros2_ws/build/my_robot': CMAKE_PREFIX_PATH=/opt/ros/humble /usr/bin/cmake --build /root/ros2_ws/build/my_robot -- -j8 -l8
[0.262s] -- Found ament_cmake: 1.3.13 (/opt/ros/humble/share/ament_cmake/cmake)
[0.687s] -- Found rclpy: 3.3.20 (/opt/ros/humble/share/rclpy/cmake)
[0.688s] -- Found geometry_msgs: 4.9.1 (/opt/ros/humble/share/geometry_msgs/cmake)
[0.757s] -- Found rosidl_generator_c: 3.1.8 (/opt/ros/humble/share/rosidl_generator_c/cmake)
[0.766s] -- Found rosidl_adapter: 3.1.8 (/opt/ros/humble/share/rosidl_adapter/cmake)
[0.790s] -- Found rosidl_generator_cpp: 3.1.8 (/opt/ros/humble/share/rosidl_generator_cpp/cmake)
[0.827s] -- Using all available rosidl_typesupport_c: rosidl_typesupport_fastrtps_c;rosidl_typesupport_introspection_c
[0.878s] -- Using all available rosidl_typesupport_cpp: rosidl_typesupport_fastrtps_cpp;rosidl_typesupport_introspection_cpp
[1.035s] -- Found sensor_msgs: 4.9.1 (/opt/ros/humble/share/sensor_msgs/cmake)
[1.120s] -- Found nav_msgs: 4.9.1 (/opt/ros/humble/share/nav_msgs/cmake)
[1.202s] -- Found tf2_ros: 0.25.19 (/opt/ros/humble/share/tf2_ros/cmake)
[1.451s] -- Found rmw_implementation_cmake: 6.1.2 (/opt/ros/humble/share/rmw_implementation_cmake/cmake)
[1.459s] -- Found rmw_fastrtps_cpp: 6.2.10 (/opt/ros/humble/share/rmw_fastrtps_cpp/cmake)
[1.890s] -- Using RMW implementation 'rmw_fastrtps_cpp' as default
[2.267s] -- Configuring done
[2.283s] -- Generating done
[2.289s] -- Build files have been written to: /root/ros2_ws/build/my_robot
[2.333s] Invoked command in '/root/ros2_ws/build/my_robot' returned '0': CMAKE_PREFIX_PATH=/opt/ros/humble /usr/bin/cmake --build /root/ros2_ws/build/my_robot -- -j8 -l8
[2.350s] Invoking command in '/root/ros2_ws/build/my_robot': CMAKE_PREFIX_PATH=/opt/ros/humble /usr/bin/cmake --install /root/ros2_ws/build/my_robot
[2.363s] -- Install configuration: ""
[2.363s] -- Up-to-date: /root/ros2_ws/install/my_robot/share/my_robot/urdf
[2.364s] -- Up-to-date: /root/ros2_ws/install/my_robot/share/my_robot/urdf/my_robot.urdf
[2.364s] -- Up-to-date: /root/ros2_ws/install/my_robot/share/my_robot/launch
[2.365s] -- Up-to-date: /root/ros2_ws/install/my_robot/share/my_robot/launch/rsp.launch.py
[2.365s] -- Up-to-date: /root/ros2_ws/install/my_robot/share/my_robot/rviz
[2.365s] -- Up-to-date: /root/ros2_ws/install/my_robot/share/my_robot/rviz/urdf_config.rviz
[2.366s] -- Up-to-date: /root/ros2_ws/install/my_robot/lib/my_robot/walker.py
[2.366s] -- Up-to-date: /root/ros2_ws/install/my_robot/lib/my_robot/fake_odom.py
[2.366s] -- Up-to-date: /root/ros2_ws/install/my_robot/lib/my_robot/arm_controller.py
[2.366s] -- Up-to-date: /root/ros2_ws/install/my_robot/lib/my_robot/sensor_simulator.py
[2.366s] -- Up-to-date: /root/ros2_ws/install/my_robot/lib/my_robot/pick_controller.py
[2.367s] -- Up-to-date: /root/ros2_ws/install/my_robot/share/ament_index/resource_index/package_run_dependencies/my_robot
[2.367s] -- Up-to-date: /root/ros2_ws/install/my_robot/share/ament_index/resource_index/parent_prefix_path/my_robot
[2.367s] -- Up-to-date: /root/ros2_ws/install/my_robot/share/my_robot/environment/ament_prefix_path.sh
[2.367s] -- Installing: /root/ros2_ws/install/my_robot/share/my_robot/environment/ament_prefix_path.dsv
[2.368s] -- Up-to-date: /root/ros2_ws/install/my_robot/share/my_robot/environment/path.sh
[2.369s] -- Installing: /root/ros2_ws/install/my_robot/share/my_robot/environment/path.dsv
[2.369s] -- Up-to-date: /root/ros2_ws/install/my_robot/share/my_robot/local_setup.bash
[2.369s] -- Up-to-date: /root/ros2_ws/install/my_robot/share/my_robot/local_setup.sh
[2.370s] -- Up-to-date: /root/ros2_ws/install/my_robot/share/my_robot/local_setup.zsh
[2.370s] -- Installing: /root/ros2_ws/install/my_robot/share/my_robot/local_setup.dsv
[2.370s] -- Installing: /root/ros2_ws/install/my_robot/share/my_robot/package.dsv
[2.371s] -- Up-to-date: /root/ros2_ws/install/my_robot/share/ament_index/resource_index/packages/my_robot
[2.371s] -- Up-to-date: /root/ros2_ws/install/my_robot/share/my_robot/cmake/my_robotConfig.cmake
[2.371s] -- Up-to-date: /root/ros2_ws/install/my_robot/share/my_robot/cmake/my_robotConfig-version.cmake
[2.372s] -- Up-to-date: /root/ros2_ws/install/my_robot/share/my_robot/package.xml
[2.372s] Invoked command in '/root/ros2_ws/build/my_robot' returned '0': CMAKE_PREFIX_PATH=/opt/ros/humble /usr/bin/cmake --install /root/ros2_ws/build/my_robot
