[0.027s] Invoking command in '/root/ros2_ws/build/my_robot': CMAKE_PREFIX_PATH=/opt/ros/humble /usr/bin/cmake /root/ros2_ws/src/my_robot -DCMAKE_INSTALL_PREFIX=/root/ros2_ws/install/my_robot
[0.115s] -- The C compiler identification is GNU 11.4.0
[0.199s] -- The CXX compiler identification is GNU 11.4.0
[0.214s] -- Detecting C compiler ABI info
[0.307s] -- Detecting C compiler ABI info - done
[0.319s] -- Check for working C compiler: /usr/bin/cc - skipped
[0.319s] -- Detecting C compile features
[0.320s] -- Detecting C compile features - done
[0.324s] -- Detecting CXX compiler ABI info
[0.443s] -- Detecting CXX compiler ABI info - done
[0.461s] -- Check for working CXX compiler: /usr/bin/c++ - skipped
[0.461s] -- Detecting CXX compile features
[0.461s] -- Detecting CXX compile features - done
[0.466s] -- Found ament_cmake: 1.3.13 (/opt/ros/humble/share/ament_cmake/cmake)
[0.631s] -- Found Python3: /usr/bin/python3 (found version "3.10.12") found components: Interpreter 
[0.730s] -- Found rclpy: 3.3.20 (/opt/ros/humble/share/rclpy/cmake)
[0.731s] -- Found geometry_msgs: 4.9.1 (/opt/ros/humble/share/geometry_msgs/cmake)
[0.769s] -- Found rosidl_generator_c: 3.1.8 (/opt/ros/humble/share/rosidl_generator_c/cmake)
[0.773s] -- Found rosidl_adapter: 3.1.8 (/opt/ros/humble/share/rosidl_adapter/cmake)
[0.786s] -- Found rosidl_generator_cpp: 3.1.8 (/opt/ros/humble/share/rosidl_generator_cpp/cmake)
[0.797s] -- Using all available rosidl_typesupport_c: rosidl_typesupport_fastrtps_c;rosidl_typesupport_introspection_c
[0.818s] -- Using all available rosidl_typesupport_cpp: rosidl_typesupport_fastrtps_cpp;rosidl_typesupport_introspection_cpp
[0.865s] -- Found sensor_msgs: 4.9.1 (/opt/ros/humble/share/sensor_msgs/cmake)
[0.966s] -- Configuring done
[0.975s] -- Generating done
[0.978s] -- Build files have been written to: /root/ros2_ws/build/my_robot
[0.986s] Invoked command in '/root/ros2_ws/build/my_robot' returned '0': CMAKE_PREFIX_PATH=/opt/ros/humble /usr/bin/cmake /root/ros2_ws/src/my_robot -DCMAKE_INSTALL_PREFIX=/root/ros2_ws/install/my_robot
[0.987s] Invoking command in '/root/ros2_ws/build/my_robot': CMAKE_PREFIX_PATH=/opt/ros/humble /usr/bin/cmake --build /root/ros2_ws/build/my_robot -- -j8 -l8
[1.026s] Invoked command in '/root/ros2_ws/build/my_robot' returned '0': CMAKE_PREFIX_PATH=/opt/ros/humble /usr/bin/cmake --build /root/ros2_ws/build/my_robot -- -j8 -l8
[1.039s] Invoking command in '/root/ros2_ws/build/my_robot': CMAKE_PREFIX_PATH=/opt/ros/humble /usr/bin/cmake --install /root/ros2_ws/build/my_robot
[1.046s] -- Install configuration: ""
[1.046s] -- Installing: /root/ros2_ws/install/my_robot/share/my_robot/urdf
[1.046s] -- Installing: /root/ros2_ws/install/my_robot/share/my_robot/urdf/my_robot.urdf
[1.046s] -- Installing: /root/ros2_ws/install/my_robot/share/my_robot/launch
[1.046s] -- Installing: /root/ros2_ws/install/my_robot/share/my_robot/launch/rsp.launch.py
[1.046s] -- Installing: /root/ros2_ws/install/my_robot/lib/my_robot/walker.py
[1.046s] -- Installing: /root/ros2_ws/install/my_robot/share/ament_index/resource_index/package_run_dependencies/my_robot
[1.047s] -- Installing: /root/ros2_ws/install/my_robot/share/ament_index/resource_index/parent_prefix_path/my_robot
[1.047s] -- Installing: /root/ros2_ws/install/my_robot/share/my_robot/environment/ament_prefix_path.sh
[1.047s] -- Installing: /root/ros2_ws/install/my_robot/share/my_robot/environment/ament_prefix_path.dsv
[1.047s] -- Installing: /root/ros2_ws/install/my_robot/share/my_robot/environment/path.sh
[1.047s] -- Installing: /root/ros2_ws/install/my_robot/share/my_robot/environment/path.dsv
[1.048s] -- Installing: /root/ros2_ws/install/my_robot/share/my_robot/local_setup.bash
[1.048s] -- Installing: /root/ros2_ws/install/my_robot/share/my_robot/local_setup.sh
[1.048s] -- Installing: /root/ros2_ws/install/my_robot/share/my_robot/local_setup.zsh
[1.048s] -- Installing: /root/ros2_ws/install/my_robot/share/my_robot/local_setup.dsv
[1.048s] -- Installing: /root/ros2_ws/install/my_robot/share/my_robot/package.dsv
[1.049s] -- Installing: /root/ros2_ws/install/my_robot/share/ament_index/resource_index/packages/my_robot
[1.049s] -- Installing: /root/ros2_ws/install/my_robot/share/my_robot/cmake/my_robotConfig.cmake
[1.049s] -- Installing: /root/ros2_ws/install/my_robot/share/my_robot/cmake/my_robotConfig-version.cmake
[1.049s] -- Installing: /root/ros2_ws/install/my_robot/share/my_robot/package.xml
[1.051s] Invoked command in '/root/ros2_ws/build/my_robot' returned '0': CMAKE_PREFIX_PATH=/opt/ros/humble /usr/bin/cmake --install /root/ros2_ws/build/my_robot
