[0.028s] Invoking command in '/root/ros2_ws/build/my_robot': /usr/bin/cmake --build /root/ros2_ws/build/my_robot -- -j8 -l8
[0.144s] Invoked command in '/root/ros2_ws/build/my_robot' returned '0': /usr/bin/cmake --build /root/ros2_ws/build/my_robot -- -j8 -l8
[0.175s] Invoking command in '/root/ros2_ws/build/my_robot': /usr/bin/cmake --install /root/ros2_ws/build/my_robot
[0.193s] -- Install configuration: ""
[0.196s] -- Up-to-date: /root/ros2_ws/install/my_robot/share/my_robot/urdf
[0.199s] -- Installing: /root/ros2_ws/install/my_robot/share/my_robot/urdf/my_robot.urdf
[0.202s] -- Up-to-date: /root/ros2_ws/install/my_robot/share/my_robot/launch
[0.205s] -- Up-to-date: /root/ros2_ws/install/my_robot/share/my_robot/launch/rsp.launch.py
[0.208s] -- Up-to-date: /root/ros2_ws/install/my_robot/share/my_robot/rviz
[0.213s] -- Installing: /root/ros2_ws/install/my_robot/share/my_robot/rviz/urdf_config.rviz
[0.215s] -- Installing: /root/ros2_ws/install/my_robot/lib/my_robot/walker.py
[0.219s] -- Up-to-date: /root/ros2_ws/install/my_robot/lib/my_robot/fake_odom.py
[0.223s] -- Installing: /root/ros2_ws/install/my_robot/lib/my_robot/arm_controller.py
[0.225s] -- Up-to-date: /root/ros2_ws/install/my_robot/lib/my_robot/sensor_simulator.py
[0.228s] -- Up-to-date: /root/ros2_ws/install/my_robot/lib/my_robot/pick_controller.py
[0.231s] -- Up-to-date: /root/ros2_ws/install/my_robot/share/ament_index/resource_index/package_run_dependencies/my_robot
[0.231s] -- Up-to-date: /root/ros2_ws/install/my_robot/share/ament_index/resource_index/parent_prefix_path/my_robot
[0.231s] -- Up-to-date: /root/ros2_ws/install/my_robot/share/my_robot/environment/ament_prefix_path.sh
[0.231s] -- Up-to-date: /root/ros2_ws/install/my_robot/share/my_robot/environment/ament_prefix_path.dsv
[0.231s] -- Up-to-date: /root/ros2_ws/install/my_robot/share/my_robot/environment/path.sh
[0.232s] -- Up-to-date: /root/ros2_ws/install/my_robot/share/my_robot/environment/path.dsv
[0.232s] -- Up-to-date: /root/ros2_ws/install/my_robot/share/my_robot/local_setup.bash
[0.232s] -- Up-to-date: /root/ros2_ws/install/my_robot/share/my_robot/local_setup.sh
[0.232s] -- Up-to-date: /root/ros2_ws/install/my_robot/share/my_robot/local_setup.zsh
[0.232s] -- Up-to-date: /root/ros2_ws/install/my_robot/share/my_robot/local_setup.dsv
[0.233s] -- Installing: /root/ros2_ws/install/my_robot/share/my_robot/package.dsv
[0.233s] -- Up-to-date: /root/ros2_ws/install/my_robot/share/ament_index/resource_index/packages/my_robot
[0.233s] -- Up-to-date: /root/ros2_ws/install/my_robot/share/my_robot/cmake/my_robotConfig.cmake
[0.233s] -- Up-to-date: /root/ros2_ws/install/my_robot/share/my_robot/cmake/my_robotConfig-version.cmake
[0.233s] -- Up-to-date: /root/ros2_ws/install/my_robot/share/my_robot/package.xml
[0.237s] Invoked command in '/root/ros2_ws/build/my_robot' returned '0': /usr/bin/cmake --install /root/ros2_ws/build/my_robot
