[0.011s] Invoking command in '/root/ros2_ws/build/my_robot': CMAKE_PREFIX_PATH=${CMAKE_PREFIX_PATH}:/opt/ros/humble /usr/bin/cmake /root/ros2_ws/src/my_robot -DCMAKE_INSTALL_PREFIX=/root/ros2_ws/install/my_robot
[0.076s] -- The C compiler identification is GNU 11.4.0
[0.143s] -- The CXX compiler identification is GNU 11.4.0
[0.162s] -- Detecting C compiler ABI info
[0.243s] -- Detecting C compiler ABI info - done
[0.255s] -- Check for working C compiler: /usr/bin/cc - skipped
[0.255s] -- Detecting C compile features
[0.256s] -- Detecting C compile features - done
[0.261s] -- Detecting CXX compiler ABI info
[0.357s] -- Detecting CXX compiler ABI info - done
[0.367s] -- Check for working CXX compiler: /usr/bin/c++ - skipped
[0.367s] -- Detecting CXX compile features
[0.367s] -- Detecting CXX compile features - done
[0.370s] -- Found ament_cmake: 1.3.13 (/opt/ros/humble/share/ament_cmake/cmake)
[0.567s] -- Found Python3: /usr/bin/python3 (found version "3.10.12") found components: Interpreter 
[0.663s] -- Found ament_lint_auto: 0.12.15 (/opt/ros/humble/share/ament_lint_auto/cmake)
[0.745s] -- Added test 'flake8' to check Python code syntax and style conventions
[0.746s] -- Added test 'lint_cmake' to check CMake code style
[0.747s] -- Added test 'pep257' to check Python code against some of the docstring style conventions in PEP 257
[0.748s] -- Added test 'xmllint' to check XML markup files
[0.750s] -- Configuring done
[0.753s] -- Generating done
[0.755s] -- Build files have been written to: /root/ros2_ws/build/my_robot
[0.759s] Invoked command in '/root/ros2_ws/build/my_robot' returned '0': CMAKE_PREFIX_PATH=${CMAKE_PREFIX_PATH}:/opt/ros/humble /usr/bin/cmake /root/ros2_ws/src/my_robot -DCMAKE_INSTALL_PREFIX=/root/ros2_ws/install/my_robot
[0.761s] Invoking command in '/root/ros2_ws/build/my_robot': CMAKE_PREFIX_PATH=${CMAKE_PREFIX_PATH}:/opt/ros/humble /usr/bin/cmake --build /root/ros2_ws/build/my_robot -- -j8 -l8
[0.795s] Invoked command in '/root/ros2_ws/build/my_robot' returned '0': CMAKE_PREFIX_PATH=${CMAKE_PREFIX_PATH}:/opt/ros/humble /usr/bin/cmake --build /root/ros2_ws/build/my_robot -- -j8 -l8
[0.804s] Invoking command in '/root/ros2_ws/build/my_robot': CMAKE_PREFIX_PATH=${CMAKE_PREFIX_PATH}:/opt/ros/humble /usr/bin/cmake --install /root/ros2_ws/build/my_robot
[0.814s] -- Install configuration: ""
[0.814s] -- Installing: /root/ros2_ws/install/my_robot/share/my_robot/urdf
[0.814s] -- Installing: /root/ros2_ws/install/my_robot/share/my_robot/launch
[0.814s] -- Installing: /root/ros2_ws/install/my_robot/share/my_robot/launch/rsp.launch.py.
[0.814s] -- Installing: /root/ros2_ws/install/my_robot/lib/my_robot/walker.py
[0.814s] -- Installing: /root/ros2_ws/install/my_robot/share/ament_index/resource_index/package_run_dependencies/my_robot
[0.816s] -- Installing: /root/ros2_ws/install/my_robot/share/ament_index/resource_index/parent_prefix_path/my_robot
[0.816s] -- Installing: /root/ros2_ws/install/my_robot/share/my_robot/environment/ament_prefix_path.sh
[0.816s] -- Installing: /root/ros2_ws/install/my_robot/share/my_robot/environment/ament_prefix_path.dsv
[0.816s] -- Installing: /root/ros2_ws/install/my_robot/share/my_robot/environment/path.sh
[0.816s] -- Installing: /root/ros2_ws/install/my_robot/share/my_robot/environment/path.dsv
[0.816s] -- Installing: /root/ros2_ws/install/my_robot/share/my_robot/local_setup.bash
[0.816s] -- Installing: /root/ros2_ws/install/my_robot/share/my_robot/local_setup.sh
[0.816s] -- Installing: /root/ros2_ws/install/my_robot/share/my_robot/local_setup.zsh
[0.816s] -- Installing: /root/ros2_ws/install/my_robot/share/my_robot/local_setup.dsv
[0.817s] -- Installing: /root/ros2_ws/install/my_robot/share/my_robot/package.dsv
[0.817s] -- Installing: /root/ros2_ws/install/my_robot/share/ament_index/resource_index/packages/my_robot
[0.817s] -- Installing: /root/ros2_ws/install/my_robot/share/my_robot/cmake/my_robotConfig.cmake
[0.817s] -- Installing: /root/ros2_ws/install/my_robot/share/my_robot/cmake/my_robotConfig-version.cmake
[0.817s] -- Installing: /root/ros2_ws/install/my_robot/share/my_robot/package.xml
[0.819s] Invoked command in '/root/ros2_ws/build/my_robot' returned '0': CMAKE_PREFIX_PATH=${CMAKE_PREFIX_PATH}:/opt/ros/humble /usr/bin/cmake --install /root/ros2_ws/build/my_robot
