[0.017s] Invoking command in '/root/ros2_ws/build/my_robot': CMAKE_PREFIX_PATH=/opt/ros/humble /usr/bin/cmake --build /root/ros2_ws/build/my_robot -- -j8 -l8
[0.133s] -- Found ament_cmake: 1.3.13 (/opt/ros/humble/share/ament_cmake/cmake)
[0.310s] -- Found rclpy: 3.3.20 (/opt/ros/humble/share/rclpy/cmake)
[0.310s] -- Found geometry_msgs: 4.9.1 (/opt/ros/humble/share/geometry_msgs/cmake)
[0.354s] -- Found rosidl_generator_c: 3.1.8 (/opt/ros/humble/share/rosidl_generator_c/cmake)
[0.357s] -- Found rosidl_adapter: 3.1.8 (/opt/ros/humble/share/rosidl_adapter/cmake)
[0.365s] -- Found rosidl_generator_cpp: 3.1.8 (/opt/ros/humble/share/rosidl_generator_cpp/cmake)
[0.379s] -- Using all available rosidl_typesupport_c: rosidl_typesupport_fastrtps_c;rosidl_typesupport_introspection_c
[0.395s] -- Using all available rosidl_typesupport_cpp: rosidl_typesupport_fastrtps_cpp;rosidl_typesupport_introspection_cpp
[0.440s] -- Found sensor_msgs: 4.9.1 (/opt/ros/humble/share/sensor_msgs/cmake)
[0.542s] -- Configuring done
[0.547s] -- Generating done
[0.551s] -- Build files have been written to: /root/ros2_ws/build/my_robot
[0.577s] Invoked command in '/root/ros2_ws/build/my_robot' returned '0': CMAKE_PREFIX_PATH=/opt/ros/humble /usr/bin/cmake --build /root/ros2_ws/build/my_robot -- -j8 -l8
[0.586s] Invoking command in '/root/ros2_ws/build/my_robot': CMAKE_PREFIX_PATH=/opt/ros/humble /usr/bin/cmake --install /root/ros2_ws/build/my_robot
[0.596s] -- Install configuration: ""
[0.596s] -- Up-to-date: /root/ros2_ws/install/my_robot/share/my_robot/urdf
[0.596s] -- Up-to-date: /root/ros2_ws/install/my_robot/share/my_robot/urdf/my_robot.urdf
[0.597s] -- Up-to-date: /root/ros2_ws/install/my_robot/share/my_robot/launch
[0.597s] -- Up-to-date: /root/ros2_ws/install/my_robot/share/my_robot/launch/rsp.launch.py
[0.597s] -- Installing: /root/ros2_ws/install/my_robot/share/my_robot/rviz
[0.597s] -- Installing: /root/ros2_ws/install/my_robot/share/my_robot/rviz/urdf_config.rviz
[0.598s] -- Up-to-date: /root/ros2_ws/install/my_robot/lib/my_robot/walker.py
[0.598s] -- Up-to-date: /root/ros2_ws/install/my_robot/share/ament_index/resource_index/package_run_dependencies/my_robot
[0.598s] -- Up-to-date: /root/ros2_ws/install/my_robot/share/ament_index/resource_index/parent_prefix_path/my_robot
[0.598s] -- Up-to-date: /root/ros2_ws/install/my_robot/share/my_robot/environment/ament_prefix_path.sh
[0.598s] -- Installing: /root/ros2_ws/install/my_robot/share/my_robot/environment/ament_prefix_path.dsv
[0.598s] -- Up-to-date: /root/ros2_ws/install/my_robot/share/my_robot/environment/path.sh
[0.599s] -- Installing: /root/ros2_ws/install/my_robot/share/my_robot/environment/path.dsv
[0.599s] -- Up-to-date: /root/ros2_ws/install/my_robot/share/my_robot/local_setup.bash
[0.599s] -- Up-to-date: /root/ros2_ws/install/my_robot/share/my_robot/local_setup.sh
[0.599s] -- Up-to-date: /root/ros2_ws/install/my_robot/share/my_robot/local_setup.zsh
[0.599s] -- Installing: /root/ros2_ws/install/my_robot/share/my_robot/local_setup.dsv
[0.600s] -- Installing: /root/ros2_ws/install/my_robot/share/my_robot/package.dsv
[0.603s] -- Up-to-date: /root/ros2_ws/install/my_robot/share/ament_index/resource_index/packages/my_robot
[0.605s] -- Up-to-date: /root/ros2_ws/install/my_robot/share/my_robot/cmake/my_robotConfig.cmake
[0.609s] -- Up-to-date: /root/ros2_ws/install/my_robot/share/my_robot/cmake/my_robotConfig-version.cmake
[0.609s] -- Up-to-date: /root/ros2_ws/install/my_robot/share/my_robot/package.xml
[0.609s] Invoked command in '/root/ros2_ws/build/my_robot' returned '0': CMAKE_PREFIX_PATH=/opt/ros/humble /usr/bin/cmake --install /root/ros2_ws/build/my_robot
