[0.000000] (-) TimerEvent: {}
[0.000598] (my_robot) JobQueued: {'identifier': 'my_robot', 'dependencies': OrderedDict()}
[0.001265] (my_robot) JobStarted: {'identifier': 'my_robot'}
[0.030398] (my_robot) JobProgress: {'identifier': 'my_robot', 'progress': 'cmake'}
[0.033009] (my_robot) JobProgress: {'identifier': 'my_robot', 'progress': 'build'}
[0.035391] (my_robot) Command: {'cmd': ['/usr/bin/cmake', '--build', '/root/ros2_ws/build/my_robot', '--', '-j8', '-l8'], 'cwd': '/root/ros2_ws/build/my_robot', 'env': OrderedDict([('HOSTNAME', 'fedora'), ('SHLVL', '1'), ('LIBGL_ALWAYS_SOFTWARE', '1'), ('LD_LIBRARY_PATH', '/usr/lib/x86_64-linux-gnu/gazebo-11/plugins:/opt/ros/humble/opt/rviz_ogre_vendor/lib:/opt/ros/humble/lib/x86_64-linux-gnu:/opt/ros/humble/lib'), ('HOME', '/root'), ('OLDPWD', '/root/ros2_ws'), ('ROS_PYTHON_VERSION', '3'), ('ROS_DISTRO', 'humble'), ('_', '/usr/bin/colcon'), ('ROS_VERSION', '2'), ('ROS_LOCALHOST_ONLY', '0'), ('QT_X11_NO_MITSHM', '1'), ('PATH', '/opt/ros/humble/bin:/usr/local/sbin:/usr/local/bin:/usr/sbin:/usr/bin:/sbin:/bin'), ('DISPLAY', ':0'), ('LANG', 'C.UTF-8'), ('AMENT_PREFIX_PATH', '/opt/ros/humble'), ('PWD', '/root/ros2_ws/build/my_robot'), ('LC_ALL', 'C.UTF-8'), ('PYTHONPATH', '/opt/ros/humble/lib/python3.10/site-packages:/opt/ros/humble/local/lib/python3.10/dist-packages'), ('COLCON', '1'), ('CMAKE_PREFIX_PATH', '/opt/ros/humble')]), 'shell': False}
[0.098213] (-) TimerEvent: {}
[0.198478] (-) TimerEvent: {}
[0.262694] (my_robot) StdoutLine: {'line': b'-- Found ament_cmake: 1.3.13 (/opt/ros/humble/share/ament_cmake/cmake)\n'}
[0.298599] (-) TimerEvent: {}
[0.398953] (-) TimerEvent: {}
[0.499375] (-) TimerEvent: {}
[0.599761] (-) TimerEvent: {}
[0.688224] (my_robot) StdoutLine: {'line': b'-- Found rclpy: 3.3.20 (/opt/ros/humble/share/rclpy/cmake)\n'}
[0.688806] (my_robot) StdoutLine: {'line': b'-- Found geometry_msgs: 4.9.1 (/opt/ros/humble/share/geometry_msgs/cmake)\n'}
[0.699904] (-) TimerEvent: {}
[0.758084] (my_robot) StdoutLine: {'line': b'-- Found rosidl_generator_c: 3.1.8 (/opt/ros/humble/share/rosidl_generator_c/cmake)\n'}
[0.767179] (my_robot) StdoutLine: {'line': b'-- Found rosidl_adapter: 3.1.8 (/opt/ros/humble/share/rosidl_adapter/cmake)\n'}
[0.790913] (my_robot) StdoutLine: {'line': b'-- Found rosidl_generator_cpp: 3.1.8 (/opt/ros/humble/share/rosidl_generator_cpp/cmake)\n'}
[0.800070] (-) TimerEvent: {}
[0.827847] (my_robot) StdoutLine: {'line': b'-- Using all available rosidl_typesupport_c: rosidl_typesupport_fastrtps_c;rosidl_typesupport_introspection_c\n'}
[0.879222] (my_robot) StdoutLine: {'line': b'-- Using all available rosidl_typesupport_cpp: rosidl_typesupport_fastrtps_cpp;rosidl_typesupport_introspection_cpp\n'}
[0.900261] (-) TimerEvent: {}
[1.000582] (-) TimerEvent: {}
[1.035962] (my_robot) StdoutLine: {'line': b'-- Found sensor_msgs: 4.9.1 (/opt/ros/humble/share/sensor_msgs/cmake)\n'}
[1.100732] (-) TimerEvent: {}
[1.120544] (my_robot) StdoutLine: {'line': b'-- Found nav_msgs: 4.9.1 (/opt/ros/humble/share/nav_msgs/cmake)\n'}
[1.200866] (-) TimerEvent: {}
[1.202621] (my_robot) StdoutLine: {'line': b'-- Found tf2_ros: 0.25.19 (/opt/ros/humble/share/tf2_ros/cmake)\n'}
[1.301088] (-) TimerEvent: {}
[1.401523] (-) TimerEvent: {}
[1.451531] (my_robot) StdoutLine: {'line': b'-- Found rmw_implementation_cmake: 6.1.2 (/opt/ros/humble/share/rmw_implementation_cmake/cmake)\n'}
[1.459864] (my_robot) StdoutLine: {'line': b'-- Found rmw_fastrtps_cpp: 6.2.10 (/opt/ros/humble/share/rmw_fastrtps_cpp/cmake)\n'}
[1.501733] (-) TimerEvent: {}
[1.602157] (-) TimerEvent: {}
[1.702602] (-) TimerEvent: {}
[1.803020] (-) TimerEvent: {}
[1.890662] (my_robot) StdoutLine: {'line': b"-- Using RMW implementation 'rmw_fastrtps_cpp' as default\n"}
[1.903139] (-) TimerEvent: {}
[2.003388] (-) TimerEvent: {}
[2.103717] (-) TimerEvent: {}
[2.203924] (-) TimerEvent: {}
[2.268444] (my_robot) StdoutLine: {'line': b'-- Configuring done\n'}
[2.284148] (my_robot) StdoutLine: {'line': b'-- Generating done\n'}
[2.290040] (my_robot) StdoutLine: {'line': b'-- Build files have been written to: /root/ros2_ws/build/my_robot\n'}
[2.304039] (-) TimerEvent: {}
[2.334042] (my_robot) CommandEnded: {'returncode': 0}
[2.335302] (my_robot) JobProgress: {'identifier': 'my_robot', 'progress': 'install'}
[2.350646] (my_robot) Command: {'cmd': ['/usr/bin/cmake', '--install', '/root/ros2_ws/build/my_robot'], 'cwd': '/root/ros2_ws/build/my_robot', 'env': OrderedDict([('HOSTNAME', 'fedora'), ('SHLVL', '1'), ('LIBGL_ALWAYS_SOFTWARE', '1'), ('LD_LIBRARY_PATH', '/usr/lib/x86_64-linux-gnu/gazebo-11/plugins:/opt/ros/humble/opt/rviz_ogre_vendor/lib:/opt/ros/humble/lib/x86_64-linux-gnu:/opt/ros/humble/lib'), ('HOME', '/root'), ('OLDPWD', '/root/ros2_ws'), ('ROS_PYTHON_VERSION', '3'), ('ROS_DISTRO', 'humble'), ('_', '/usr/bin/colcon'), ('ROS_VERSION', '2'), ('ROS_LOCALHOST_ONLY', '0'), ('QT_X11_NO_MITSHM', '1'), ('PATH', '/opt/ros/humble/bin:/usr/local/sbin:/usr/local/bin:/usr/sbin:/usr/bin:/sbin:/bin'), ('DISPLAY', ':0'), ('LANG', 'C.UTF-8'), ('AMENT_PREFIX_PATH', '/opt/ros/humble'), ('PWD', '/root/ros2_ws/build/my_robot'), ('LC_ALL', 'C.UTF-8'), ('PYTHONPATH', '/opt/ros/humble/lib/python3.10/site-packages:/opt/ros/humble/local/lib/python3.10/dist-packages'), ('COLCON', '1'), ('CMAKE_PREFIX_PATH', '/opt/ros/humble')]), 'shell': False}
[2.363863] (my_robot) StdoutLine: {'line': b'-- Install configuration: ""\n'}
[2.364366] (my_robot) StdoutLine: {'line': b'-- Up-to-date: /root/ros2_ws/install/my_robot/share/my_robot/urdf\n'}
[2.364815] (my_robot) StdoutLine: {'line': b'-- Up-to-date: /root/ros2_ws/install/my_robot/share/my_robot/urdf/my_robot.urdf\n'}
[2.365444] (my_robot) StdoutLine: {'line': b'-- Up-to-date: /root/ros2_ws/install/my_robot/share/my_robot/launch\n'}
[2.365819] (my_robot) StdoutLine: {'line': b'-- Up-to-date: /root/ros2_ws/install/my_robot/share/my_robot/launch/rsp.launch.py\n'}
[2.366447] (my_robot) StdoutLine: {'line': b'-- Up-to-date: /root/ros2_ws/install/my_robot/share/my_robot/rviz\n'}
[2.366676] (my_robot) StdoutLine: {'line': b'-- Up-to-date: /root/ros2_ws/install/my_robot/share/my_robot/rviz/urdf_config.rviz\n'}
[2.366878] (my_robot) StdoutLine: {'line': b'-- Up-to-date: /root/ros2_ws/install/my_robot/lib/my_robot/walker.py\n'}
[2.367075] (my_robot) StdoutLine: {'line': b'-- Up-to-date: /root/ros2_ws/install/my_robot/lib/my_robot/fake_odom.py\n'}
[2.367284] (my_robot) StdoutLine: {'line': b'-- Up-to-date: /root/ros2_ws/install/my_robot/lib/my_robot/arm_controller.py\n'}
[2.367468] (my_robot) StdoutLine: {'line': b'-- Up-to-date: /root/ros2_ws/install/my_robot/lib/my_robot/sensor_simulator.py\n'}
[2.367645] (my_robot) StdoutLine: {'line': b'-- Up-to-date: /root/ros2_ws/install/my_robot/lib/my_robot/pick_controller.py\n'}
[2.367820] (my_robot) StdoutLine: {'line': b'-- Up-to-date: /root/ros2_ws/install/my_robot/share/ament_index/resource_index/package_run_dependencies/my_robot\n'}
[2.367996] (my_robot) StdoutLine: {'line': b'-- Up-to-date: /root/ros2_ws/install/my_robot/share/ament_index/resource_index/parent_prefix_path/my_robot\n'}
[2.368188] (my_robot) StdoutLine: {'line': b'-- Up-to-date: /root/ros2_ws/install/my_robot/share/my_robot/environment/ament_prefix_path.sh\n'}
[2.368376] (my_robot) StdoutLine: {'line': b'-- Installing: /root/ros2_ws/install/my_robot/share/my_robot/environment/ament_prefix_path.dsv\n'}
[2.368564] (my_robot) StdoutLine: {'line': b'-- Up-to-date: /root/ros2_ws/install/my_robot/share/my_robot/environment/path.sh\n'}
[2.369102] (my_robot) StdoutLine: {'line': b'-- Installing: /root/ros2_ws/install/my_robot/share/my_robot/environment/path.dsv\n'}
[2.370241] (my_robot) StdoutLine: {'line': b'-- Up-to-date: /root/ros2_ws/install/my_robot/share/my_robot/local_setup.bash\n'}
[2.370506] (my_robot) StdoutLine: {'line': b'-- Up-to-date: /root/ros2_ws/install/my_robot/share/my_robot/local_setup.sh\n'}
[2.370820] (my_robot) StdoutLine: {'line': b'-- Up-to-date: /root/ros2_ws/install/my_robot/share/my_robot/local_setup.zsh\n'}
[2.371031] (my_robot) StdoutLine: {'line': b'-- Installing: /root/ros2_ws/install/my_robot/share/my_robot/local_setup.dsv\n'}
[2.371365] (my_robot) StdoutLine: {'line': b'-- Installing: /root/ros2_ws/install/my_robot/share/my_robot/package.dsv\n'}
[2.371608] (my_robot) StdoutLine: {'line': b'-- Up-to-date: /root/ros2_ws/install/my_robot/share/ament_index/resource_index/packages/my_robot\n'}
[2.372017] (my_robot) StdoutLine: {'line': b'-- Up-to-date: /root/ros2_ws/install/my_robot/share/my_robot/cmake/my_robotConfig.cmake\n'}
[2.372507] (my_robot) StdoutLine: {'line': b'-- Up-to-date: /root/ros2_ws/install/my_robot/share/my_robot/cmake/my_robotConfig-version.cmake\n'}
[2.372899] (my_robot) StdoutLine: {'line': b'-- Up-to-date: /root/ros2_ws/install/my_robot/share/my_robot/package.xml\n'}
[2.373394] (my_robot) CommandEnded: {'returncode': 0}
[2.404474] (-) TimerEvent: {}
[2.407647] (my_robot) JobEnded: {'identifier': 'my_robot', 'rc': 0}
[2.408798] (-) EventReactorShutdown: {}
