[0.018s] Invoking command in '/root/ros2_ws/build/my_robot': CMAKE_PREFIX_PATH=/opt/ros/humble /usr/bin/cmake /root/ros2_ws/src/my_robot -DCMAKE_INSTALL_PREFIX=/root/ros2_ws/install/my_robot
[0.121s] -- The C compiler identification is GNU 11.4.0
[0.235s] -- The CXX compiler identification is GNU 11.4.0
[0.246s] -- Detecting C compiler ABI info
[0.343s] -- Detecting C compiler ABI info - done
[0.362s] -- Check for working C compiler: /usr/bin/cc - skipped
[0.362s] -- Detecting C compile features
[0.362s] -- Detecting C compile features - done
[0.367s] -- Detecting CXX compiler ABI info
[0.485s] -- Detecting CXX compiler ABI info - done
[0.498s] -- Check for working CXX compiler: /usr/bin/c++ - skipped
[0.498s] -- Detecting CXX compile features
[0.499s] -- Detecting CXX compile features - done
[0.503s] -- Found ament_cmake: 1.3.13 (/opt/ros/humble/share/ament_cmake/cmake)
[0.718s] -- Found Python3: /usr/bin/python3 (found version "3.10.12") found components: Interpreter 
[0.842s] -- Found rclpy: 3.3.20 (/opt/ros/humble/share/rclpy/cmake)
[0.844s] -- Found geometry_msgs: 4.9.1 (/opt/ros/humble/share/geometry_msgs/cmake)
[0.901s] -- Found rosidl_generator_c: 3.1.8 (/opt/ros/humble/share/rosidl_generator_c/cmake)
[0.908s] -- Found rosidl_adapter: 3.1.8 (/opt/ros/humble/share/rosidl_adapter/cmake)
[0.920s] -- Found rosidl_generator_cpp: 3.1.8 (/opt/ros/humble/share/rosidl_generator_cpp/cmake)
[0.940s] -- Using all available rosidl_typesupport_c: rosidl_typesupport_fastrtps_c;rosidl_typesupport_introspection_c
[0.961s] -- Using all available rosidl_typesupport_cpp: rosidl_typesupport_fastrtps_cpp;rosidl_typesupport_introspection_cpp
[1.026s] -- Found sensor_msgs: 4.9.1 (/opt/ros/humble/share/sensor_msgs/cmake)
[1.135s] -- Configuring done
[1.141s] -- Generating done
[1.145s] -- Build files have been written to: /root/ros2_ws/build/my_robot
[1.152s] Invoked command in '/root/ros2_ws/build/my_robot' returned '0': CMAKE_PREFIX_PATH=/opt/ros/humble /usr/bin/cmake /root/ros2_ws/src/my_robot -DCMAKE_INSTALL_PREFIX=/root/ros2_ws/install/my_robot
[1.154s] Invoking command in '/root/ros2_ws/build/my_robot': CMAKE_PREFIX_PATH=/opt/ros/humble /usr/bin/cmake --build /root/ros2_ws/build/my_robot -- -j8 -l8
[1.203s] Invoked command in '/root/ros2_ws/build/my_robot' returned '0': CMAKE_PREFIX_PATH=/opt/ros/humble /usr/bin/cmake --build /root/ros2_ws/build/my_robot -- -j8 -l8
[1.214s] Invoking command in '/root/ros2_ws/build/my_robot': CMAKE_PREFIX_PATH=/opt/ros/humble /usr/bin/cmake --install /root/ros2_ws/build/my_robot
[1.225s] -- Install configuration: ""
[1.225s] -- Installing: /root/ros2_ws/install/my_robot/share/my_robot/urdf
[1.226s] -- Installing: /root/ros2_ws/install/my_robot/share/my_robot/urdf/my_robot.urdf
[1.226s] -- Installing: /root/ros2_ws/install/my_robot/share/my_robot/launch
[1.226s] -- Installing: /root/ros2_ws/install/my_robot/share/my_robot/launch/rsp.launch.py
[1.226s] -- Installing: /root/ros2_ws/install/my_robot/lib/my_robot/walker.py
[1.226s] -- Installing: /root/ros2_ws/install/my_robot/share/ament_index/resource_index/package_run_dependencies/my_robot
[1.227s] -- Installing: /root/ros2_ws/install/my_robot/share/ament_index/resource_index/parent_prefix_path/my_robot
[1.227s] -- Installing: /root/ros2_ws/install/my_robot/share/my_robot/environment/ament_prefix_path.sh
[1.227s] -- Installing: /root/ros2_ws/install/my_robot/share/my_robot/environment/ament_prefix_path.dsv
[1.228s] -- Installing: /root/ros2_ws/install/my_robot/share/my_robot/environment/path.sh
[1.228s] -- Installing: /root/ros2_ws/install/my_robot/share/my_robot/environment/path.dsv
[1.229s] -- Installing: /root/ros2_ws/install/my_robot/share/my_robot/local_setup.bash
[1.229s] -- Installing: /root/ros2_ws/install/my_robot/share/my_robot/local_setup.sh
[1.229s] -- Installing: /root/ros2_ws/install/my_robot/share/my_robot/local_setup.zsh
[1.229s] -- Installing: /root/ros2_ws/install/my_robot/share/my_robot/local_setup.dsv
[1.229s] -- Installing: /root/ros2_ws/install/my_robot/share/my_robot/package.dsv
[1.229s] -- Installing: /root/ros2_ws/install/my_robot/share/ament_index/resource_index/packages/my_robot
[1.229s] -- Installing: /root/ros2_ws/install/my_robot/share/my_robot/cmake/my_robotConfig.cmake
[1.230s] -- Installing: /root/ros2_ws/install/my_robot/share/my_robot/cmake/my_robotConfig-version.cmake
[1.230s] -- Installing: /root/ros2_ws/install/my_robot/share/my_robot/package.xml
[1.231s] Invoked command in '/root/ros2_ws/build/my_robot' returned '0': CMAKE_PREFIX_PATH=/opt/ros/humble /usr/bin/cmake --install /root/ros2_ws/build/my_robot
