[0.017s] Invoking command in '/home/skywalker/ros2_ws/build/turtlebot3_simulation': DEBUGINFOD_URLS=ima:enforcing https://debuginfod.fedoraproject.org/ ima:ignore _=/usr/bin/env /usr/bin/cmake /home/skywalker/ros2_ws/src/turtlebot3_simulation -DCMAKE_INSTALL_PREFIX=/home/skywalker/ros2_ws/install/turtlebot3_simulation
[0.032s] [0mCMake Deprecation Warning at CMakeLists.txt:1 (cmake_minimum_required):
[0.032s]   Compatibility with CMake < 3.10 will be removed from a future version of
[0.033s]   CMake.
[0.033s] 
[0.033s]   Update the VERSION argument <min> value.  Or, use the <min>...<max> syntax
[0.033s]   to tell CMake that the project requires at least <min> but has been updated
[0.034s]   to work with policies introduced by <max> or earlier.
[0.034s] 
[0.034s] [0m
[0.303s] -- The C compiler identification is GNU 15.2.1
[0.623s] -- The CXX compiler identification is GNU 15.2.1
[0.649s] -- Detecting C compiler ABI info
[0.772s] -- Detecting C compiler ABI info - done
[0.790s] -- Check for working C compiler: /usr/bin/cc - skipped
[0.790s] -- Detecting C compile features
[0.791s] -- Detecting C compile features - done
[0.806s] -- Detecting CXX compiler ABI info
[0.991s] -- Detecting CXX compiler ABI info - done
[1.046s] -- Check for working CXX compiler: /usr/bin/c++ - skipped
[1.047s] -- Detecting CXX compile features
[1.049s] -- Detecting CXX compile features - done
[1.076s] [31mCMake Error at CMakeLists.txt:9 (find_package):
[1.077s]   By not providing "Findament_cmake.cmake" in CMAKE_MODULE_PATH this project
[1.077s]   has asked CMake to find a package configuration file provided by
[1.077s]   "ament_cmake", but CMake did not find one.
[1.078s] 
[1.078s]   Could not find a package configuration file provided by "ament_cmake" with
[1.078s]   any of the following names:
[1.078s] 
[1.079s]     ament_cmakeConfig.cmake
[1.079s]     ament_cmake-config.cmake
[1.079s] 
[1.079s]   Add the installation prefix of "ament_cmake" to CMAKE_PREFIX_PATH or set
[1.080s]   "ament_cmake_DIR" to a directory containing one of the above files.  If
[1.080s]   "ament_cmake" provides a separate development package or SDK, be sure it
[1.080s]   has been installed.
[1.081s] 
[1.081s] [0m
[1.081s] -- Configuring incomplete, errors occurred!
[1.086s] Invoked command in '/home/skywalker/ros2_ws/build/turtlebot3_simulation' returned '1': DEBUGINFOD_URLS=ima:enforcing https://debuginfod.fedoraproject.org/ ima:ignore _=/usr/bin/env /usr/bin/cmake /home/skywalker/ros2_ws/src/turtlebot3_simulation -DCMAKE_INSTALL_PREFIX=/home/skywalker/ros2_ws/install/turtlebot3_simulation
