-- The C compiler identification is GNU 11.4.0
-- The CXX compiler identification is GNU 11.4.0
-- Detecting C compiler ABI info
-- Detecting C compiler ABI info - done
-- Check for working C compiler: /usr/bin/cc - skipped
-- Detecting C compile features
-- Detecting C compile features - done
-- Detecting CXX compiler ABI info
-- Detecting CXX compiler ABI info - done
-- Check for working CXX compiler: /usr/bin/c++ - skipped
-- Detecting CXX compile features
-- Detecting CXX compile features - done
-- Found ament_cmake: 1.3.13 (/opt/ros/humble/share/ament_cmake/cmake)
-- Found Python3: /usr/bin/python3 (found version "3.10.12") found components: Interpreter 
-- Found rclpy: 3.3.20 (/opt/ros/humble/share/rclpy/cmake)
-- Found geometry_msgs: 4.9.1 (/opt/ros/humble/share/geometry_msgs/cmake)
-- Found rosidl_generator_c: 3.1.8 (/opt/ros/humble/share/rosidl_generator_c/cmake)
-- Found rosidl_adapter: 3.1.8 (/opt/ros/humble/share/rosidl_adapter/cmake)
-- Found rosidl_generator_cpp: 3.1.8 (/opt/ros/humble/share/rosidl_generator_cpp/cmake)
-- Using all available rosidl_typesupport_c: rosidl_typesupport_fastrtps_c;rosidl_typesupport_introspection_c
-- Using all available rosidl_typesupport_cpp: rosidl_typesupport_fastrtps_cpp;rosidl_typesupport_introspection_cpp
-- Found sensor_msgs: 4.9.1 (/opt/ros/humble/share/sensor_msgs/cmake)
-- Found nav_msgs: 4.9.1 (/opt/ros/humble/share/nav_msgs/cmake)
-- Found tf2_ros: 0.25.19 (/opt/ros/humble/share/tf2_ros/cmake)
-- Found rmw_implementation_cmake: 6.1.2 (/opt/ros/humble/share/rmw_implementation_cmake/cmake)
-- Found rmw_fastrtps_cpp: 6.2.10 (/opt/ros/humble/share/rmw_fastrtps_cpp/cmake)
-- Found OpenSSL: /usr/lib/x86_64-linux-gnu/libcrypto.so (found version "3.0.2")  
-- Found FastRTPS: /opt/ros/humble/include  
-- Using RMW implementation 'rmw_fastrtps_cpp' as default
-- Looking for pthread.h
-- Looking for pthread.h - found
-- Performing Test CMAKE_HAVE_LIBC_PTHREAD
-- Performing Test CMAKE_HAVE_LIBC_PTHREAD - Success
-- Found Threads: TRUE  
-- Configuring done
-- Generating done
-- Build files have been written to: /root/ros2_ws/build/my_robot
-- Install configuration: ""
-- Installing: /root/ros2_ws/install/my_robot/share/my_robot/urdf
-- Installing: /root/ros2_ws/install/my_robot/share/my_robot/urdf/my_robot.urdf
-- Installing: /root/ros2_ws/install/my_robot/share/my_robot/launch
-- Installing: /root/ros2_ws/install/my_robot/share/my_robot/launch/rsp.launch.py
-- Installing: /root/ros2_ws/install/my_robot/share/my_robot/rviz
-- Installing: /root/ros2_ws/install/my_robot/share/my_robot/rviz/urdf_config.rviz
-- Installing: /root/ros2_ws/install/my_robot/lib/my_robot/walker.py
-- Installing: /root/ros2_ws/install/my_robot/lib/my_robot/fake_odom.py
-- Installing: /root/ros2_ws/install/my_robot/lib/my_robot/arm_controller.py
-- Installing: /root/ros2_ws/install/my_robot/lib/my_robot/sensor_simulator.py
-- Installing: /root/ros2_ws/install/my_robot/lib/my_robot/pick_controller.py
-- Installing: /root/ros2_ws/install/my_robot/share/ament_index/resource_index/package_run_dependencies/my_robot
-- Installing: /root/ros2_ws/install/my_robot/share/ament_index/resource_index/parent_prefix_path/my_robot
-- Installing: /root/ros2_ws/install/my_robot/share/my_robot/environment/ament_prefix_path.sh
-- Installing: /root/ros2_ws/install/my_robot/share/my_robot/environment/ament_prefix_path.dsv
-- Installing: /root/ros2_ws/install/my_robot/share/my_robot/environment/path.sh
-- Installing: /root/ros2_ws/install/my_robot/share/my_robot/environment/path.dsv
-- Installing: /root/ros2_ws/install/my_robot/share/my_robot/local_setup.bash
-- Installing: /root/ros2_ws/install/my_robot/share/my_robot/local_setup.sh
-- Installing: /root/ros2_ws/install/my_robot/share/my_robot/local_setup.zsh
-- Installing: /root/ros2_ws/install/my_robot/share/my_robot/local_setup.dsv
-- Installing: /root/ros2_ws/install/my_robot/share/my_robot/package.dsv
-- Installing: /root/ros2_ws/install/my_robot/share/ament_index/resource_index/packages/my_robot
-- Installing: /root/ros2_ws/install/my_robot/share/my_robot/cmake/my_robotConfig.cmake
-- Installing: /root/ros2_ws/install/my_robot/share/my_robot/cmake/my_robotConfig-version.cmake
-- Installing: /root/ros2_ws/install/my_robot/share/my_robot/package.xml
