[0.025s] Invoking command in '/root/ros2_ws/build/my_robot': CMAKE_PREFIX_PATH=/opt/ros/humble /usr/bin/cmake /root/ros2_ws/src/my_robot -DCMAKE_INSTALL_PREFIX=/root/ros2_ws/install/my_robot
[0.329s] -- The C compiler identification is GNU 11.4.0
[0.475s] -- The CXX compiler identification is GNU 11.4.0
[0.494s] -- Detecting C compiler ABI info
[0.627s] -- Detecting C compiler ABI info - done
[0.640s] -- Check for working C compiler: /usr/bin/cc - skipped
[0.642s] -- Detecting C compile features
[0.643s] -- Detecting C compile features - done
[0.652s] -- Detecting CXX compiler ABI info
[0.780s] -- Detecting CXX compiler ABI info - done
[0.795s] -- Check for working CXX compiler: /usr/bin/c++ - skipped
[0.796s] -- Detecting CXX compile features
[0.797s] -- Detecting CXX compile features - done
[0.804s] -- Found ament_cmake: 1.3.13 (/opt/ros/humble/share/ament_cmake/cmake)
[1.113s] -- Found Python3: /usr/bin/python3 (found version "3.10.12") found components: Interpreter 
[1.331s] -- Found rclpy: 3.3.20 (/opt/ros/humble/share/rclpy/cmake)
[1.334s] -- Found geometry_msgs: 4.9.1 (/opt/ros/humble/share/geometry_msgs/cmake)
[1.428s] -- Found rosidl_generator_c: 3.1.8 (/opt/ros/humble/share/rosidl_generator_c/cmake)
[1.441s] -- Found rosidl_adapter: 3.1.8 (/opt/ros/humble/share/rosidl_adapter/cmake)
[1.462s] -- Found rosidl_generator_cpp: 3.1.8 (/opt/ros/humble/share/rosidl_generator_cpp/cmake)
[1.486s] -- Using all available rosidl_typesupport_c: rosidl_typesupport_fastrtps_c;rosidl_typesupport_introspection_c
[1.520s] -- Using all available rosidl_typesupport_cpp: rosidl_typesupport_fastrtps_cpp;rosidl_typesupport_introspection_cpp
[1.633s] -- Found sensor_msgs: 4.9.1 (/opt/ros/humble/share/sensor_msgs/cmake)
[1.687s] -- Found nav_msgs: 4.9.1 (/opt/ros/humble/share/nav_msgs/cmake)
[1.729s] -- Found tf2_ros: 0.25.19 (/opt/ros/humble/share/tf2_ros/cmake)
[1.874s] -- Found rmw_implementation_cmake: 6.1.2 (/opt/ros/humble/share/rmw_implementation_cmake/cmake)
[1.881s] -- Found rmw_fastrtps_cpp: 6.2.10 (/opt/ros/humble/share/rmw_fastrtps_cpp/cmake)
[2.041s] -- Found OpenSSL: /usr/lib/x86_64-linux-gnu/libcrypto.so (found version "3.0.2")  
[2.081s] -- Found FastRTPS: /opt/ros/humble/include  
[2.142s] -- Using RMW implementation 'rmw_fastrtps_cpp' as default
[2.157s] -- Looking for pthread.h
[2.266s] -- Looking for pthread.h - found
[2.266s] -- Performing Test CMAKE_HAVE_LIBC_PTHREAD
[2.399s] -- Performing Test CMAKE_HAVE_LIBC_PTHREAD - Success
[2.400s] -- Found Threads: TRUE  
[2.725s] -- Configuring done
[2.733s] -- Generating done
[2.737s] -- Build files have been written to: /root/ros2_ws/build/my_robot
[2.750s] Invoked command in '/root/ros2_ws/build/my_robot' returned '0': CMAKE_PREFIX_PATH=/opt/ros/humble /usr/bin/cmake /root/ros2_ws/src/my_robot -DCMAKE_INSTALL_PREFIX=/root/ros2_ws/install/my_robot
[2.752s] Invoking command in '/root/ros2_ws/build/my_robot': CMAKE_PREFIX_PATH=/opt/ros/humble /usr/bin/cmake --build /root/ros2_ws/build/my_robot -- -j8 -l8
[2.803s] Invoked command in '/root/ros2_ws/build/my_robot' returned '0': CMAKE_PREFIX_PATH=/opt/ros/humble /usr/bin/cmake --build /root/ros2_ws/build/my_robot -- -j8 -l8
[2.815s] Invoking command in '/root/ros2_ws/build/my_robot': CMAKE_PREFIX_PATH=/opt/ros/humble /usr/bin/cmake --install /root/ros2_ws/build/my_robot
[2.825s] -- Install configuration: ""
[2.825s] -- Installing: /root/ros2_ws/install/my_robot/share/my_robot/urdf
[2.825s] -- Installing: /root/ros2_ws/install/my_robot/share/my_robot/urdf/my_robot.urdf
[2.825s] -- Installing: /root/ros2_ws/install/my_robot/share/my_robot/launch
[2.826s] -- Installing: /root/ros2_ws/install/my_robot/share/my_robot/launch/rsp.launch.py
[2.826s] -- Installing: /root/ros2_ws/install/my_robot/share/my_robot/rviz
[2.826s] -- Installing: /root/ros2_ws/install/my_robot/share/my_robot/rviz/urdf_config.rviz
[2.826s] -- Installing: /root/ros2_ws/install/my_robot/lib/my_robot/walker.py
[2.826s] -- Installing: /root/ros2_ws/install/my_robot/lib/my_robot/fake_odom.py
[2.826s] -- Installing: /root/ros2_ws/install/my_robot/lib/my_robot/arm_controller.py
[2.827s] -- Installing: /root/ros2_ws/install/my_robot/lib/my_robot/sensor_simulator.py
[2.827s] -- Installing: /root/ros2_ws/install/my_robot/lib/my_robot/pick_controller.py
[2.827s] -- Installing: /root/ros2_ws/install/my_robot/share/ament_index/resource_index/package_run_dependencies/my_robot
[2.827s] -- Installing: /root/ros2_ws/install/my_robot/share/ament_index/resource_index/parent_prefix_path/my_robot
[2.827s] -- Installing: /root/ros2_ws/install/my_robot/share/my_robot/environment/ament_prefix_path.sh
[2.827s] -- Installing: /root/ros2_ws/install/my_robot/share/my_robot/environment/ament_prefix_path.dsv
[2.828s] -- Installing: /root/ros2_ws/install/my_robot/share/my_robot/environment/path.sh
[2.828s] -- Installing: /root/ros2_ws/install/my_robot/share/my_robot/environment/path.dsv
[2.828s] -- Installing: /root/ros2_ws/install/my_robot/share/my_robot/local_setup.bash
[2.828s] -- Installing: /root/ros2_ws/install/my_robot/share/my_robot/local_setup.sh
[2.828s] -- Installing: /root/ros2_ws/install/my_robot/share/my_robot/local_setup.zsh
[2.828s] -- Installing: /root/ros2_ws/install/my_robot/share/my_robot/local_setup.dsv
[2.829s] -- Installing: /root/ros2_ws/install/my_robot/share/my_robot/package.dsv
[2.829s] -- Installing: /root/ros2_ws/install/my_robot/share/ament_index/resource_index/packages/my_robot
[2.829s] -- Installing: /root/ros2_ws/install/my_robot/share/my_robot/cmake/my_robotConfig.cmake
[2.829s] -- Installing: /root/ros2_ws/install/my_robot/share/my_robot/cmake/my_robotConfig-version.cmake
[2.829s] -- Installing: /root/ros2_ws/install/my_robot/share/my_robot/package.xml
[2.831s] Invoked command in '/root/ros2_ws/build/my_robot' returned '0': CMAKE_PREFIX_PATH=/opt/ros/humble /usr/bin/cmake --install /root/ros2_ws/build/my_robot
