[0.012s] Invoking command in '/root/ros2_ws/build/my_robot': /usr/bin/cmake /root/ros2_ws/src/my_robot -DCMAKE_INSTALL_PREFIX=/root/ros2_ws/install/my_robot
[0.245s] -- The C compiler identification is GNU 11.4.0
[0.405s] -- The CXX compiler identification is GNU 11.4.0
[0.419s] -- Detecting C compiler ABI info
[0.520s] -- Detecting C compiler ABI info - done
[0.533s] -- Check for working C compiler: /usr/bin/cc - skipped
[0.534s] -- Detecting C compile features
[0.537s] -- Detecting C compile features - done
[0.542s] -- Detecting CXX compiler ABI info
[0.646s] -- Detecting CXX compiler ABI info - done
[0.660s] -- Check for working CXX compiler: /usr/bin/c++ - skipped
[0.660s] -- Detecting CXX compile features
[0.661s] -- Detecting CXX compile features - done
[0.680s] CMake Error at CMakeLists.txt:9 (find_package):
[0.680s]   By not providing "Findament_cmake.cmake" in CMAKE_MODULE_PATH this project
[0.680s]   has asked CMake to find a package configuration file provided by
[0.680s]   "ament_cmake", but CMake did not find one.
[0.680s] 
[0.680s]   Could not find a package configuration file provided by "ament_cmake" with
[0.680s]   any of the following names:
[0.680s] 
[0.680s]     ament_cmakeConfig.cmake
[0.680s]     ament_cmake-config.cmake
[0.680s] 
[0.681s]   Add the installation prefix of "ament_cmake" to CMAKE_PREFIX_PATH or set
[0.681s]   "ament_cmake_DIR" to a directory containing one of the above files.  If
[0.681s]   "ament_cmake" provides a separate development package or SDK, be sure it
[0.681s]   has been installed.
[0.681s] 
[0.681s] 
[0.681s] -- Configuring incomplete, errors occurred!
[0.681s] See also "/root/ros2_ws/build/my_robot/CMakeFiles/CMakeOutput.log".
[0.686s] Invoked command in '/root/ros2_ws/build/my_robot' returned '1': /usr/bin/cmake /root/ros2_ws/src/my_robot -DCMAKE_INSTALL_PREFIX=/root/ros2_ws/install/my_robot
