[0.000000] (-) TimerEvent: {}
[0.000466] (-) JobUnselected: {'identifier': 'my_robot'}
[0.000765] (turtlebot3_simulation) JobQueued: {'identifier': 'turtlebot3_simulation', 'dependencies': OrderedDict()}
[0.000954] (turtlebot3_simulation) JobStarted: {'identifier': 'turtlebot3_simulation'}
[0.061554] (turtlebot3_simulation) JobProgress: {'identifier': 'turtlebot3_simulation', 'progress': 'cmake'}
[0.064810] (turtlebot3_simulation) JobProgress: {'identifier': 'turtlebot3_simulation', 'progress': 'build'}
[0.069248] (turtlebot3_simulation) Command: {'cmd': ['/usr/bin/cmake', '--build', '/root/ros2_ws/build/turtlebot3_simulation', '--', '-j8', '-l8'], 'cwd': '/root/ros2_ws/build/turtlebot3_simulation', 'env': OrderedDict([('HOSTNAME', 'fedora'), ('SHLVL', '1'), ('LIBGL_ALWAYS_SOFTWARE', '1'), ('LD_LIBRARY_PATH', '/usr/lib/x86_64-linux-gnu/gazebo-11/plugins:/opt/ros/humble/opt/rviz_ogre_vendor/lib:/opt/ros/humble/lib/x86_64-linux-gnu:/opt/ros/humble/lib'), ('HOME', '/root'), ('OLDPWD', '/root/ros2_ws'), ('ROS_PYTHON_VERSION', '3'), ('ROS_DISTRO', 'humble'), ('_', '/usr/bin/colcon'), ('ROS_VERSION', '2'), ('ROS_LOCALHOST_ONLY', '0'), ('QT_X11_NO_MITSHM', '1'), ('PATH', '/opt/ros/humble/bin:/usr/local/sbin:/usr/local/bin:/usr/sbin:/usr/bin:/sbin:/bin'), ('DISPLAY', ':0'), ('LANG', 'C.UTF-8'), ('AMENT_PREFIX_PATH', '/opt/ros/humble'), ('PWD', '/root/ros2_ws/build/turtlebot3_simulation'), ('LC_ALL', 'C.UTF-8'), ('PYTHONPATH', '/opt/ros/humble/lib/python3.10/site-packages:/opt/ros/humble/local/lib/python3.10/dist-packages'), ('COLCON', '1'), ('CMAKE_PREFIX_PATH', '/opt/ros/humble')]), 'shell': False}
[0.097203] (-) TimerEvent: {}
[0.197769] (-) TimerEvent: {}
[0.298353] (-) TimerEvent: {}
[0.398916] (-) TimerEvent: {}
[0.499491] (-) TimerEvent: {}
[0.564356] (turtlebot3_simulation) CommandEnded: {'returncode': 0}
[0.570073] (turtlebot3_simulation) JobProgress: {'identifier': 'turtlebot3_simulation', 'progress': 'install'}
[0.599674] (-) TimerEvent: {}
[0.618093] (turtlebot3_simulation) Command: {'cmd': ['/usr/bin/cmake', '--install', '/root/ros2_ws/build/turtlebot3_simulation'], 'cwd': '/root/ros2_ws/build/turtlebot3_simulation', 'env': OrderedDict([('HOSTNAME', 'fedora'), ('SHLVL', '1'), ('LIBGL_ALWAYS_SOFTWARE', '1'), ('LD_LIBRARY_PATH', '/usr/lib/x86_64-linux-gnu/gazebo-11/plugins:/opt/ros/humble/opt/rviz_ogre_vendor/lib:/opt/ros/humble/lib/x86_64-linux-gnu:/opt/ros/humble/lib'), ('HOME', '/root'), ('OLDPWD', '/root/ros2_ws'), ('ROS_PYTHON_VERSION', '3'), ('ROS_DISTRO', 'humble'), ('_', '/usr/bin/colcon'), ('ROS_VERSION', '2'), ('ROS_LOCALHOST_ONLY', '0'), ('QT_X11_NO_MITSHM', '1'), ('PATH', '/opt/ros/humble/bin:/usr/local/sbin:/usr/local/bin:/usr/sbin:/usr/bin:/sbin:/bin'), ('DISPLAY', ':0'), ('LANG', 'C.UTF-8'), ('AMENT_PREFIX_PATH', '/opt/ros/humble'), ('PWD', '/root/ros2_ws/build/turtlebot3_simulation'), ('LC_ALL', 'C.UTF-8'), ('PYTHONPATH', '/opt/ros/humble/lib/python3.10/site-packages:/opt/ros/humble/local/lib/python3.10/dist-packages'), ('COLCON', '1'), ('CMAKE_PREFIX_PATH', '/opt/ros/humble')]), 'shell': False}
[0.669472] (turtlebot3_simulation) StdoutLine: {'line': b'-- Install configuration: ""\n'}
[0.676884] (turtlebot3_simulation) StdoutLine: {'line': b'-- Up-to-date: /root/ros2_ws/install/turtlebot3_simulation/lib/turtlebot3_simulation/velocity_controller.py\n'}
[0.680247] (turtlebot3_simulation) StdoutLine: {'line': b'-- Up-to-date: /root/ros2_ws/install/turtlebot3_simulation/lib/turtlebot3_simulation/teleop_node.py\n'}
[0.681010] (turtlebot3_simulation) StdoutLine: {'line': b'-- Up-to-date: /root/ros2_ws/install/turtlebot3_simulation/lib/turtlebot3_simulation/service_server.py\n'}
[0.682708] (turtlebot3_simulation) StdoutLine: {'line': b'-- Up-to-date: /root/ros2_ws/install/turtlebot3_simulation/lib/turtlebot3_simulation/action_server.py\n'}
[0.687956] (turtlebot3_simulation) StdoutLine: {'line': b'-- Up-to-date: /root/ros2_ws/install/turtlebot3_simulation/lib/turtlebot3_simulation\n'}
[0.692354] (turtlebot3_simulation) StdoutLine: {'line': b'-- Up-to-date: /root/ros2_ws/install/turtlebot3_simulation/lib/turtlebot3_simulation/velocity_controller.py\n'}
[0.693266] (turtlebot3_simulation) StdoutLine: {'line': b'-- Up-to-date: /root/ros2_ws/install/turtlebot3_simulation/lib/turtlebot3_simulation/teleop_node.py\n'}
[0.693939] (turtlebot3_simulation) StdoutLine: {'line': b'-- Up-to-date: /root/ros2_ws/install/turtlebot3_simulation/lib/turtlebot3_simulation/service_server.py\n'}
[0.694760] (turtlebot3_simulation) StdoutLine: {'line': b'-- Up-to-date: /root/ros2_ws/install/turtlebot3_simulation/lib/turtlebot3_simulation/action_server.py\n'}
[0.695269] (turtlebot3_simulation) StdoutLine: {'line': b'-- Up-to-date: /root/ros2_ws/install/turtlebot3_simulation/share/turtlebot3_simulation/launch\n'}
[0.695782] (turtlebot3_simulation) StdoutLine: {'line': b'-- Up-to-date: /root/ros2_ws/install/turtlebot3_simulation/share/turtlebot3_simulation/launch/turtlebot3_simulation.launch.py\n'}
[0.698297] (turtlebot3_simulation) StdoutLine: {'line': b'-- Up-to-date: /root/ros2_ws/install/turtlebot3_simulation/share/turtlebot3_simulation/launch/gazebo_only.launch.py\n'}
[0.699228] (turtlebot3_simulation) StdoutLine: {'line': b'-- Up-to-date: /root/ros2_ws/install/turtlebot3_simulation/share/turtlebot3_simulation/launch/rviz_only.launch.py\n'}
[0.700900] (-) TimerEvent: {}
[0.701060] (turtlebot3_simulation) StdoutLine: {'line': b'-- Up-to-date: /root/ros2_ws/install/turtlebot3_simulation/share/turtlebot3_simulation/urdf\n'}
[0.703047] (turtlebot3_simulation) StdoutLine: {'line': b'-- Up-to-date: /root/ros2_ws/install/turtlebot3_simulation/share/turtlebot3_simulation/urdf/turtlebot3_burger.urdf\n'}
[0.705001] (turtlebot3_simulation) StdoutLine: {'line': b'-- Up-to-date: /root/ros2_ws/install/turtlebot3_simulation/share/turtlebot3_simulation/rviz\n'}
[0.705674] (turtlebot3_simulation) StdoutLine: {'line': b'-- Up-to-date: /root/ros2_ws/install/turtlebot3_simulation/share/turtlebot3_simulation/rviz/turtlebot3_view.rviz\n'}
[0.711051] (turtlebot3_simulation) StdoutLine: {'line': b'-- Up-to-date: /root/ros2_ws/install/turtlebot3_simulation/share/turtlebot3_simulation/config\n'}
[0.712312] (turtlebot3_simulation) StdoutLine: {'line': b'-- Up-to-date: /root/ros2_ws/install/turtlebot3_simulation/share/turtlebot3_simulation/config/turtlebot3_params.yaml\n'}
[0.713149] (turtlebot3_simulation) StdoutLine: {'line': b'-- Up-to-date: /root/ros2_ws/install/turtlebot3_simulation/share/turtlebot3_simulation/worlds\n'}
[0.714518] (turtlebot3_simulation) StdoutLine: {'line': b'-- Up-to-date: /root/ros2_ws/install/turtlebot3_simulation/share/turtlebot3_simulation/worlds/empty_world.world\n'}
[0.715197] (turtlebot3_simulation) StdoutLine: {'line': b'-- Up-to-date: /root/ros2_ws/install/turtlebot3_simulation/share/ament_index/resource_index/package_run_dependencies/turtlebot3_simulation\n'}
[0.716911] (turtlebot3_simulation) StdoutLine: {'line': b'-- Up-to-date: /root/ros2_ws/install/turtlebot3_simulation/share/ament_index/resource_index/parent_prefix_path/turtlebot3_simulation\n'}
[0.717564] (turtlebot3_simulation) StdoutLine: {'line': b'-- Up-to-date: /root/ros2_ws/install/turtlebot3_simulation/share/turtlebot3_simulation/environment/ament_prefix_path.sh\n'}
[0.720539] (turtlebot3_simulation) StdoutLine: {'line': b'-- Up-to-date: /root/ros2_ws/install/turtlebot3_simulation/share/turtlebot3_simulation/environment/ament_prefix_path.dsv\n'}
[0.721260] (turtlebot3_simulation) StdoutLine: {'line': b'-- Up-to-date: /root/ros2_ws/install/turtlebot3_simulation/share/turtlebot3_simulation/environment/path.sh\n'}
[0.723681] (turtlebot3_simulation) StdoutLine: {'line': b'-- Up-to-date: /root/ros2_ws/install/turtlebot3_simulation/share/turtlebot3_simulation/environment/path.dsv\n'}
[0.724540] (turtlebot3_simulation) StdoutLine: {'line': b'-- Up-to-date: /root/ros2_ws/install/turtlebot3_simulation/share/turtlebot3_simulation/local_setup.bash\n'}
[0.725277] (turtlebot3_simulation) StdoutLine: {'line': b'-- Up-to-date: /root/ros2_ws/install/turtlebot3_simulation/share/turtlebot3_simulation/local_setup.sh\n'}
[0.725996] (turtlebot3_simulation) StdoutLine: {'line': b'-- Up-to-date: /root/ros2_ws/install/turtlebot3_simulation/share/turtlebot3_simulation/local_setup.zsh\n'}
[0.728060] (turtlebot3_simulation) StdoutLine: {'line': b'-- Up-to-date: /root/ros2_ws/install/turtlebot3_simulation/share/turtlebot3_simulation/local_setup.dsv\n'}
[0.729111] (turtlebot3_simulation) StdoutLine: {'line': b'-- Up-to-date: /root/ros2_ws/install/turtlebot3_simulation/share/turtlebot3_simulation/package.dsv\n'}
[0.730912] (turtlebot3_simulation) StdoutLine: {'line': b'-- Up-to-date: /root/ros2_ws/install/turtlebot3_simulation/share/ament_index/resource_index/packages/turtlebot3_simulation\n'}
[0.732676] (turtlebot3_simulation) StdoutLine: {'line': b'-- Up-to-date: /root/ros2_ws/install/turtlebot3_simulation/share/turtlebot3_simulation/cmake/turtlebot3_simulationConfig.cmake\n'}
[0.733388] (turtlebot3_simulation) StdoutLine: {'line': b'-- Up-to-date: /root/ros2_ws/install/turtlebot3_simulation/share/turtlebot3_simulation/cmake/turtlebot3_simulationConfig-version.cmake\n'}
[0.735168] (turtlebot3_simulation) StdoutLine: {'line': b'-- Up-to-date: /root/ros2_ws/install/turtlebot3_simulation/share/turtlebot3_simulation/package.xml\n'}
[0.739050] (turtlebot3_simulation) CommandEnded: {'returncode': 0}
[0.802215] (-) TimerEvent: {}
[0.872638] (turtlebot3_simulation) JobEnded: {'identifier': 'turtlebot3_simulation', 'rc': 0}
[0.875052] (-) EventReactorShutdown: {}
