[0.000000] (-) TimerEvent: {}
[0.000079] (-) JobUnselected: {'identifier': 'my_robot'}
[0.000117] (turtlebot3_simulation) JobQueued: {'identifier': 'turtlebot3_simulation', 'dependencies': OrderedDict()}
[0.000167] (turtlebot3_simulation) JobStarted: {'identifier': 'turtlebot3_simulation'}
[0.008816] (turtlebot3_simulation) JobProgress: {'identifier': 'turtlebot3_simulation', 'progress': 'cmake'}
[0.010688] (turtlebot3_simulation) JobProgress: {'identifier': 'turtlebot3_simulation', 'progress': 'build'}
[0.010764] (turtlebot3_simulation) Command: {'cmd': ['/usr/bin/cmake', '--build', '/root/ros2_ws/build/turtlebot3_simulation', '--', '-j8', '-l8'], 'cwd': '/root/ros2_ws/build/turtlebot3_simulation', 'env': OrderedDict([('HOSTNAME', 'fedora'), ('SHLVL', '1'), ('LIBGL_ALWAYS_SOFTWARE', '1'), ('LD_LIBRARY_PATH', '/usr/lib/x86_64-linux-gnu/gazebo-11/plugins:/opt/ros/humble/opt/rviz_ogre_vendor/lib:/opt/ros/humble/lib/x86_64-linux-gnu:/opt/ros/humble/lib'), ('HOME', '/root'), ('OLDPWD', '/root/ros2_ws'), ('ROS_PYTHON_VERSION', '3'), ('ROS_DISTRO', 'humble'), ('_', '/usr/bin/colcon'), ('ROS_VERSION', '2'), ('ROS_LOCALHOST_ONLY', '0'), ('QT_X11_NO_MITSHM', '1'), ('PATH', '/opt/ros/humble/bin:/usr/local/sbin:/usr/local/bin:/usr/sbin:/usr/bin:/sbin:/bin'), ('DISPLAY', ':0'), ('LANG', 'C.UTF-8'), ('AMENT_PREFIX_PATH', '/opt/ros/humble'), ('PWD', '/root/ros2_ws/build/turtlebot3_simulation'), ('LC_ALL', 'C.UTF-8'), ('PYTHONPATH', '/opt/ros/humble/lib/python3.10/site-packages:/opt/ros/humble/local/lib/python3.10/dist-packages'), ('COLCON', '1'), ('CMAKE_PREFIX_PATH', '/opt/ros/humble')]), 'shell': False}
[0.050294] (turtlebot3_simulation) CommandEnded: {'returncode': 0}
[0.050873] (turtlebot3_simulation) JobProgress: {'identifier': 'turtlebot3_simulation', 'progress': 'install'}
[0.059330] (turtlebot3_simulation) Command: {'cmd': ['/usr/bin/cmake', '--install', '/root/ros2_ws/build/turtlebot3_simulation'], 'cwd': '/root/ros2_ws/build/turtlebot3_simulation', 'env': OrderedDict([('HOSTNAME', 'fedora'), ('SHLVL', '1'), ('LIBGL_ALWAYS_SOFTWARE', '1'), ('LD_LIBRARY_PATH', '/usr/lib/x86_64-linux-gnu/gazebo-11/plugins:/opt/ros/humble/opt/rviz_ogre_vendor/lib:/opt/ros/humble/lib/x86_64-linux-gnu:/opt/ros/humble/lib'), ('HOME', '/root'), ('OLDPWD', '/root/ros2_ws'), ('ROS_PYTHON_VERSION', '3'), ('ROS_DISTRO', 'humble'), ('_', '/usr/bin/colcon'), ('ROS_VERSION', '2'), ('ROS_LOCALHOST_ONLY', '0'), ('QT_X11_NO_MITSHM', '1'), ('PATH', '/opt/ros/humble/bin:/usr/local/sbin:/usr/local/bin:/usr/sbin:/usr/bin:/sbin:/bin'), ('DISPLAY', ':0'), ('LANG', 'C.UTF-8'), ('AMENT_PREFIX_PATH', '/opt/ros/humble'), ('PWD', '/root/ros2_ws/build/turtlebot3_simulation'), ('LC_ALL', 'C.UTF-8'), ('PYTHONPATH', '/opt/ros/humble/lib/python3.10/site-packages:/opt/ros/humble/local/lib/python3.10/dist-packages'), ('COLCON', '1'), ('CMAKE_PREFIX_PATH', '/opt/ros/humble')]), 'shell': False}
[0.067040] (turtlebot3_simulation) StdoutLine: {'line': b'-- Install configuration: ""\n'}
[0.067350] (turtlebot3_simulation) StdoutLine: {'line': b'-- Up-to-date: /root/ros2_ws/install/turtlebot3_simulation/lib/turtlebot3_simulation/velocity_controller.py\n'}
[0.067958] (turtlebot3_simulation) StdoutLine: {'line': b'-- Up-to-date: /root/ros2_ws/install/turtlebot3_simulation/lib/turtlebot3_simulation/teleop_node.py\n'}
[0.068049] (turtlebot3_simulation) StdoutLine: {'line': b'-- Up-to-date: /root/ros2_ws/install/turtlebot3_simulation/lib/turtlebot3_simulation/service_server.py\n'}
[0.068267] (turtlebot3_simulation) StdoutLine: {'line': b'-- Up-to-date: /root/ros2_ws/install/turtlebot3_simulation/lib/turtlebot3_simulation/action_server.py\n'}
[0.068336] (turtlebot3_simulation) StdoutLine: {'line': b'-- Up-to-date: /root/ros2_ws/install/turtlebot3_simulation/lib/turtlebot3_simulation\n'}
[0.068400] (turtlebot3_simulation) StdoutLine: {'line': b'-- Up-to-date: /root/ros2_ws/install/turtlebot3_simulation/lib/turtlebot3_simulation/velocity_controller.py\n'}
[0.068465] (turtlebot3_simulation) StdoutLine: {'line': b'-- Up-to-date: /root/ros2_ws/install/turtlebot3_simulation/lib/turtlebot3_simulation/teleop_node.py\n'}
[0.068538] (turtlebot3_simulation) StdoutLine: {'line': b'-- Up-to-date: /root/ros2_ws/install/turtlebot3_simulation/lib/turtlebot3_simulation/service_server.py\n'}
[0.068607] (turtlebot3_simulation) StdoutLine: {'line': b'-- Up-to-date: /root/ros2_ws/install/turtlebot3_simulation/lib/turtlebot3_simulation/action_server.py\n'}
[0.068671] (turtlebot3_simulation) StdoutLine: {'line': b'-- Up-to-date: /root/ros2_ws/install/turtlebot3_simulation/share/turtlebot3_simulation/launch\n'}
[0.068734] (turtlebot3_simulation) StdoutLine: {'line': b'-- Up-to-date: /root/ros2_ws/install/turtlebot3_simulation/share/turtlebot3_simulation/launch/turtlebot3_simulation.launch.py\n'}
[0.068798] (turtlebot3_simulation) StdoutLine: {'line': b'-- Up-to-date: /root/ros2_ws/install/turtlebot3_simulation/share/turtlebot3_simulation/launch/gazebo_only.launch.py\n'}
[0.068862] (turtlebot3_simulation) StdoutLine: {'line': b'-- Up-to-date: /root/ros2_ws/install/turtlebot3_simulation/share/turtlebot3_simulation/launch/rviz_only.launch.py\n'}
[0.068925] (turtlebot3_simulation) StdoutLine: {'line': b'-- Up-to-date: /root/ros2_ws/install/turtlebot3_simulation/share/turtlebot3_simulation/urdf\n'}
[0.068988] (turtlebot3_simulation) StdoutLine: {'line': b'-- Up-to-date: /root/ros2_ws/install/turtlebot3_simulation/share/turtlebot3_simulation/urdf/turtlebot3_burger.urdf\n'}
[0.069051] (turtlebot3_simulation) StdoutLine: {'line': b'-- Up-to-date: /root/ros2_ws/install/turtlebot3_simulation/share/turtlebot3_simulation/rviz\n'}
[0.069127] (turtlebot3_simulation) StdoutLine: {'line': b'-- Up-to-date: /root/ros2_ws/install/turtlebot3_simulation/share/turtlebot3_simulation/rviz/turtlebot3_view.rviz\n'}
[0.069305] (turtlebot3_simulation) StdoutLine: {'line': b'-- Up-to-date: /root/ros2_ws/install/turtlebot3_simulation/share/turtlebot3_simulation/config\n'}
[0.069463] (turtlebot3_simulation) StdoutLine: {'line': b'-- Up-to-date: /root/ros2_ws/install/turtlebot3_simulation/share/turtlebot3_simulation/config/turtlebot3_params.yaml\n'}
[0.069966] (turtlebot3_simulation) StdoutLine: {'line': b'-- Up-to-date: /root/ros2_ws/install/turtlebot3_simulation/share/turtlebot3_simulation/worlds\n'}
[0.070087] (turtlebot3_simulation) StdoutLine: {'line': b'-- Up-to-date: /root/ros2_ws/install/turtlebot3_simulation/share/turtlebot3_simulation/worlds/empty_world.world\n'}
[0.070256] (turtlebot3_simulation) StdoutLine: {'line': b'-- Up-to-date: /root/ros2_ws/install/turtlebot3_simulation/share/ament_index/resource_index/package_run_dependencies/turtlebot3_simulation\n'}
[0.070380] (turtlebot3_simulation) StdoutLine: {'line': b'-- Up-to-date: /root/ros2_ws/install/turtlebot3_simulation/share/ament_index/resource_index/parent_prefix_path/turtlebot3_simulation\n'}
[0.070549] (turtlebot3_simulation) StdoutLine: {'line': b'-- Up-to-date: /root/ros2_ws/install/turtlebot3_simulation/share/turtlebot3_simulation/environment/ament_prefix_path.sh\n'}
[0.070631] (turtlebot3_simulation) StdoutLine: {'line': b'-- Up-to-date: /root/ros2_ws/install/turtlebot3_simulation/share/turtlebot3_simulation/environment/ament_prefix_path.dsv\n'}
[0.070784] (turtlebot3_simulation) StdoutLine: {'line': b'-- Up-to-date: /root/ros2_ws/install/turtlebot3_simulation/share/turtlebot3_simulation/environment/path.sh\n'}
[0.070865] (turtlebot3_simulation) StdoutLine: {'line': b'-- Up-to-date: /root/ros2_ws/install/turtlebot3_simulation/share/turtlebot3_simulation/environment/path.dsv\n'}
[0.071139] (turtlebot3_simulation) StdoutLine: {'line': b'-- Up-to-date: /root/ros2_ws/install/turtlebot3_simulation/share/turtlebot3_simulation/local_setup.bash\n'}
[0.071220] (turtlebot3_simulation) StdoutLine: {'line': b'-- Up-to-date: /root/ros2_ws/install/turtlebot3_simulation/share/turtlebot3_simulation/local_setup.sh\n'}
[0.071421] (turtlebot3_simulation) StdoutLine: {'line': b'-- Up-to-date: /root/ros2_ws/install/turtlebot3_simulation/share/turtlebot3_simulation/local_setup.zsh\n'}
[0.071494] (turtlebot3_simulation) StdoutLine: {'line': b'-- Up-to-date: /root/ros2_ws/install/turtlebot3_simulation/share/turtlebot3_simulation/local_setup.dsv\n'}
[0.071652] (turtlebot3_simulation) StdoutLine: {'line': b'-- Installing: /root/ros2_ws/install/turtlebot3_simulation/share/turtlebot3_simulation/package.dsv\n'}
[0.071919] (turtlebot3_simulation) StdoutLine: {'line': b'-- Up-to-date: /root/ros2_ws/install/turtlebot3_simulation/share/ament_index/resource_index/packages/turtlebot3_simulation\n'}
[0.072026] (turtlebot3_simulation) StdoutLine: {'line': b'-- Up-to-date: /root/ros2_ws/install/turtlebot3_simulation/share/turtlebot3_simulation/cmake/turtlebot3_simulationConfig.cmake\n'}
[0.072305] (turtlebot3_simulation) StdoutLine: {'line': b'-- Up-to-date: /root/ros2_ws/install/turtlebot3_simulation/share/turtlebot3_simulation/cmake/turtlebot3_simulationConfig-version.cmake\n'}
[0.072432] (turtlebot3_simulation) StdoutLine: {'line': b'-- Up-to-date: /root/ros2_ws/install/turtlebot3_simulation/share/turtlebot3_simulation/package.xml\n'}
[0.072589] (turtlebot3_simulation) CommandEnded: {'returncode': 0}
[0.089447] (turtlebot3_simulation) JobEnded: {'identifier': 'turtlebot3_simulation', 'rc': 0}
[0.089837] (-) EventReactorShutdown: {}
