-- Install configuration: ""
-- Up-to-date: /root/ros2_ws/install/my_robot/share/my_robot/urdf
-- Up-to-date: /root/ros2_ws/install/my_robot/share/my_robot/urdf/my_robot.urdf
-- Up-to-date: /root/ros2_ws/install/my_robot/share/my_robot/launch
-- Up-to-date: /root/ros2_ws/install/my_robot/share/my_robot/launch/rsp.launch.py
-- Up-to-date: /root/ros2_ws/install/my_robot/share/my_robot/rviz
-- Up-to-date: /root/ros2_ws/install/my_robot/share/my_robot/rviz/urdf_config.rviz
-- Up-to-date: /root/ros2_ws/install/my_robot/lib/my_robot/walker.py
-- Up-to-date: /root/ros2_ws/install/my_robot/lib/my_robot/fake_odom.py
-- Up-to-date: /root/ros2_ws/install/my_robot/lib/my_robot/arm_controller.py
-- Up-to-date: /root/ros2_ws/install/my_robot/lib/my_robot/sensor_simulator.py
-- Up-to-date: /root/ros2_ws/install/my_robot/lib/my_robot/pick_controller.py
-- Up-to-date: /root/ros2_ws/install/my_robot/share/ament_index/resource_index/package_run_dependencies/my_robot
-- Up-to-date: /root/ros2_ws/install/my_robot/share/ament_index/resource_index/parent_prefix_path/my_robot
-- Up-to-date: /root/ros2_ws/install/my_robot/share/my_robot/environment/ament_prefix_path.sh
-- Up-to-date: /root/ros2_ws/install/my_robot/share/my_robot/environment/ament_prefix_path.dsv
-- Up-to-date: /root/ros2_ws/install/my_robot/share/my_robot/environment/path.sh
-- Up-to-date: /root/ros2_ws/install/my_robot/share/my_robot/environment/path.dsv
-- Up-to-date: /root/ros2_ws/install/my_robot/share/my_robot/local_setup.bash
-- Up-to-date: /root/ros2_ws/install/my_robot/share/my_robot/local_setup.sh
-- Up-to-date: /root/ros2_ws/install/my_robot/share/my_robot/local_setup.zsh
-- Up-to-date: /root/ros2_ws/install/my_robot/share/my_robot/local_setup.dsv
-- Up-to-date: /root/ros2_ws/install/my_robot/share/my_robot/package.dsv
-- Up-to-date: /root/ros2_ws/install/my_robot/share/ament_index/resource_index/packages/my_robot
-- Up-to-date: /root/ros2_ws/install/my_robot/share/my_robot/cmake/my_robotConfig.cmake
-- Up-to-date: /root/ros2_ws/install/my_robot/share/my_robot/cmake/my_robotConfig-version.cmake
-- Up-to-date: /root/ros2_ws/install/my_robot/share/my_robot/package.xml
