[0.000000] (-) TimerEvent: {}
[0.000276] (my_robot) JobQueued: {'identifier': 'my_robot', 'dependencies': OrderedDict()}
[0.000557] (my_robot) JobStarted: {'identifier': 'my_robot'}
[0.016790] (my_robot) JobProgress: {'identifier': 'my_robot', 'progress': 'cmake'}
[0.017798] (my_robot) JobProgress: {'identifier': 'my_robot', 'progress': 'build'}
[0.019930] (my_robot) Command: {'cmd': ['/usr/bin/cmake', '--build', '/root/ros2_ws/build/my_robot', '--', '-j8', '-l8'], 'cwd': '/root/ros2_ws/build/my_robot', 'env': OrderedDict([('HOSTNAME', 'fedora'), ('SHLVL', '1'), ('LIBGL_ALWAYS_SOFTWARE', '1'), ('LD_LIBRARY_PATH', '/opt/ros/humble/opt/rviz_ogre_vendor/lib:/opt/ros/humble/lib/x86_64-linux-gnu:/opt/ros/humble/lib'), ('HOME', '/root'), ('ROS_PYTHON_VERSION', '3'), ('ROS_DISTRO', 'humble'), ('_', '/usr/bin/colcon'), ('ROS_VERSION', '2'), ('ROS_LOCALHOST_ONLY', '0'), ('QT_X11_NO_MITSHM', '1'), ('PATH', '/opt/ros/humble/bin:/usr/local/sbin:/usr/local/bin:/usr/sbin:/usr/bin:/sbin:/bin'), ('DISPLAY', ':0'), ('LANG', 'C.UTF-8'), ('AMENT_PREFIX_PATH', '/opt/ros/humble'), ('PWD', '/root/ros2_ws/build/my_robot'), ('LC_ALL', 'C.UTF-8'), ('PYTHONPATH', '/opt/ros/humble/lib/python3.10/site-packages:/opt/ros/humble/local/lib/python3.10/dist-packages'), ('COLCON', '1'), ('CMAKE_PREFIX_PATH', '/opt/ros/humble')]), 'shell': False}
[0.099844] (-) TimerEvent: {}
[0.184288] (my_robot) CommandEnded: {'returncode': 0}
[0.188606] (my_robot) JobProgress: {'identifier': 'my_robot', 'progress': 'install'}
[0.201111] (-) TimerEvent: {}
[0.212178] (my_robot) Command: {'cmd': ['/usr/bin/cmake', '--install', '/root/ros2_ws/build/my_robot'], 'cwd': '/root/ros2_ws/build/my_robot', 'env': OrderedDict([('HOSTNAME', 'fedora'), ('SHLVL', '1'), ('LIBGL_ALWAYS_SOFTWARE', '1'), ('LD_LIBRARY_PATH', '/opt/ros/humble/opt/rviz_ogre_vendor/lib:/opt/ros/humble/lib/x86_64-linux-gnu:/opt/ros/humble/lib'), ('HOME', '/root'), ('ROS_PYTHON_VERSION', '3'), ('ROS_DISTRO', 'humble'), ('_', '/usr/bin/colcon'), ('ROS_VERSION', '2'), ('ROS_LOCALHOST_ONLY', '0'), ('QT_X11_NO_MITSHM', '1'), ('PATH', '/opt/ros/humble/bin:/usr/local/sbin:/usr/local/bin:/usr/sbin:/usr/bin:/sbin:/bin'), ('DISPLAY', ':0'), ('LANG', 'C.UTF-8'), ('AMENT_PREFIX_PATH', '/opt/ros/humble'), ('PWD', '/root/ros2_ws/build/my_robot'), ('LC_ALL', 'C.UTF-8'), ('PYTHONPATH', '/opt/ros/humble/lib/python3.10/site-packages:/opt/ros/humble/local/lib/python3.10/dist-packages'), ('COLCON', '1'), ('CMAKE_PREFIX_PATH', '/opt/ros/humble')]), 'shell': False}
[0.224175] (my_robot) StdoutLine: {'line': b'-- Install configuration: ""\n'}
[0.224586] (my_robot) StdoutLine: {'line': b'-- Up-to-date: /root/ros2_ws/install/my_robot/share/my_robot/urdf\n'}
[0.224798] (my_robot) StdoutLine: {'line': b'-- Installing: /root/ros2_ws/install/my_robot/share/my_robot/urdf/my_robot.urdf\n'}
[0.225709] (my_robot) StdoutLine: {'line': b'-- Up-to-date: /root/ros2_ws/install/my_robot/share/my_robot/launch\n'}
[0.225981] (my_robot) StdoutLine: {'line': b'-- Installing: /root/ros2_ws/install/my_robot/share/my_robot/launch/rsp.launch.py\n'}
[0.226726] (my_robot) StdoutLine: {'line': b'-- Up-to-date: /root/ros2_ws/install/my_robot/share/my_robot/rviz\n'}
[0.228605] (my_robot) StdoutLine: {'line': b'-- Installing: /root/ros2_ws/install/my_robot/share/my_robot/rviz/urdf_config.rviz\n'}
[0.228848] (my_robot) StdoutLine: {'line': b'-- Installing: /root/ros2_ws/install/my_robot/lib/my_robot/walker.py\n'}
[0.229034] (my_robot) StdoutLine: {'line': b'-- Up-to-date: /root/ros2_ws/install/my_robot/lib/my_robot/simulator.py\n'}
[0.229209] (my_robot) StdoutLine: {'line': b'-- Up-to-date: /root/ros2_ws/install/my_robot/share/ament_index/resource_index/package_run_dependencies/my_robot\n'}
[0.229379] (my_robot) StdoutLine: {'line': b'-- Up-to-date: /root/ros2_ws/install/my_robot/share/ament_index/resource_index/parent_prefix_path/my_robot\n'}
[0.229580] (my_robot) StdoutLine: {'line': b'-- Up-to-date: /root/ros2_ws/install/my_robot/share/my_robot/environment/ament_prefix_path.sh\n'}
[0.229753] (my_robot) StdoutLine: {'line': b'-- Up-to-date: /root/ros2_ws/install/my_robot/share/my_robot/environment/ament_prefix_path.dsv\n'}
[0.229945] (my_robot) StdoutLine: {'line': b'-- Up-to-date: /root/ros2_ws/install/my_robot/share/my_robot/environment/path.sh\n'}
[0.230126] (my_robot) StdoutLine: {'line': b'-- Up-to-date: /root/ros2_ws/install/my_robot/share/my_robot/environment/path.dsv\n'}
[0.230295] (my_robot) StdoutLine: {'line': b'-- Up-to-date: /root/ros2_ws/install/my_robot/share/my_robot/local_setup.bash\n'}
[0.230484] (my_robot) StdoutLine: {'line': b'-- Up-to-date: /root/ros2_ws/install/my_robot/share/my_robot/local_setup.sh\n'}
[0.230664] (my_robot) StdoutLine: {'line': b'-- Up-to-date: /root/ros2_ws/install/my_robot/share/my_robot/local_setup.zsh\n'}
[0.230839] (my_robot) StdoutLine: {'line': b'-- Up-to-date: /root/ros2_ws/install/my_robot/share/my_robot/local_setup.dsv\n'}
[0.231014] (my_robot) StdoutLine: {'line': b'-- Up-to-date: /root/ros2_ws/install/my_robot/share/my_robot/package.dsv\n'}
[0.231194] (my_robot) StdoutLine: {'line': b'-- Up-to-date: /root/ros2_ws/install/my_robot/share/ament_index/resource_index/packages/my_robot\n'}
[0.231389] (my_robot) StdoutLine: {'line': b'-- Up-to-date: /root/ros2_ws/install/my_robot/share/my_robot/cmake/my_robotConfig.cmake\n'}
[0.231751] (my_robot) StdoutLine: {'line': b'-- Up-to-date: /root/ros2_ws/install/my_robot/share/my_robot/cmake/my_robotConfig-version.cmake\n'}
[0.232788] (my_robot) StdoutLine: {'line': b'-- Up-to-date: /root/ros2_ws/install/my_robot/share/my_robot/package.xml\n'}
[0.233872] (my_robot) CommandEnded: {'returncode': 0}
[0.273164] (my_robot) JobEnded: {'identifier': 'my_robot', 'rc': 0}
[0.273872] (-) EventReactorShutdown: {}
