[0.019s] Invoking command in '/root/ros2_ws/build/my_robot': CMAKE_PREFIX_PATH=/opt/ros/humble /usr/bin/cmake --build /root/ros2_ws/build/my_robot -- -j8 -l8
[0.092s] -- Found ament_cmake: 1.3.13 (/opt/ros/humble/share/ament_cmake/cmake)
[0.269s] -- Found rclpy: 3.3.20 (/opt/ros/humble/share/rclpy/cmake)
[0.269s] -- Found geometry_msgs: 4.9.1 (/opt/ros/humble/share/geometry_msgs/cmake)
[0.325s] -- Found rosidl_generator_c: 3.1.8 (/opt/ros/humble/share/rosidl_generator_c/cmake)
[0.331s] -- Found rosidl_adapter: 3.1.8 (/opt/ros/humble/share/rosidl_adapter/cmake)
[0.344s] -- Found rosidl_generator_cpp: 3.1.8 (/opt/ros/humble/share/rosidl_generator_cpp/cmake)
[0.368s] -- Using all available rosidl_typesupport_c: rosidl_typesupport_fastrtps_c;rosidl_typesupport_introspection_c
[0.385s] -- Using all available rosidl_typesupport_cpp: rosidl_typesupport_fastrtps_cpp;rosidl_typesupport_introspection_cpp
[0.459s] -- Found sensor_msgs: 4.9.1 (/opt/ros/humble/share/sensor_msgs/cmake)
[0.565s] -- Configuring done
[0.569s] -- Generating done
[0.572s] -- Build files have been written to: /root/ros2_ws/build/my_robot
[0.595s] Invoked command in '/root/ros2_ws/build/my_robot' returned '0': CMAKE_PREFIX_PATH=/opt/ros/humble /usr/bin/cmake --build /root/ros2_ws/build/my_robot -- -j8 -l8
[0.604s] Invoking command in '/root/ros2_ws/build/my_robot': CMAKE_PREFIX_PATH=/opt/ros/humble /usr/bin/cmake --install /root/ros2_ws/build/my_robot
[0.613s] -- Install configuration: ""
[0.613s] -- Up-to-date: /root/ros2_ws/install/my_robot/share/my_robot/urdf
[0.613s] -- Installing: /root/ros2_ws/install/my_robot/share/my_robot/urdf/my_robot.urdf
[0.614s] -- Up-to-date: /root/ros2_ws/install/my_robot/share/my_robot/launch
[0.614s] -- Installing: /root/ros2_ws/install/my_robot/share/my_robot/launch/rsp.launch.py
[0.614s] -- Up-to-date: /root/ros2_ws/install/my_robot/share/my_robot/rviz
[0.615s] -- Installing: /root/ros2_ws/install/my_robot/share/my_robot/rviz/urdf_config.rviz
[0.615s] -- Installing: /root/ros2_ws/install/my_robot/lib/my_robot/walker.py
[0.615s] -- Installing: /root/ros2_ws/install/my_robot/lib/my_robot/fake_odom.py
[0.615s] -- Up-to-date: /root/ros2_ws/install/my_robot/share/ament_index/resource_index/package_run_dependencies/my_robot
[0.615s] -- Up-to-date: /root/ros2_ws/install/my_robot/share/ament_index/resource_index/parent_prefix_path/my_robot
[0.615s] -- Up-to-date: /root/ros2_ws/install/my_robot/share/my_robot/environment/ament_prefix_path.sh
[0.615s] -- Installing: /root/ros2_ws/install/my_robot/share/my_robot/environment/ament_prefix_path.dsv
[0.615s] -- Up-to-date: /root/ros2_ws/install/my_robot/share/my_robot/environment/path.sh
[0.615s] -- Installing: /root/ros2_ws/install/my_robot/share/my_robot/environment/path.dsv
[0.615s] -- Up-to-date: /root/ros2_ws/install/my_robot/share/my_robot/local_setup.bash
[0.616s] -- Up-to-date: /root/ros2_ws/install/my_robot/share/my_robot/local_setup.sh
[0.616s] -- Up-to-date: /root/ros2_ws/install/my_robot/share/my_robot/local_setup.zsh
[0.616s] -- Installing: /root/ros2_ws/install/my_robot/share/my_robot/local_setup.dsv
[0.616s] -- Installing: /root/ros2_ws/install/my_robot/share/my_robot/package.dsv
[0.616s] -- Up-to-date: /root/ros2_ws/install/my_robot/share/ament_index/resource_index/packages/my_robot
[0.616s] -- Up-to-date: /root/ros2_ws/install/my_robot/share/my_robot/cmake/my_robotConfig.cmake
[0.617s] -- Up-to-date: /root/ros2_ws/install/my_robot/share/my_robot/cmake/my_robotConfig-version.cmake
[0.617s] -- Up-to-date: /root/ros2_ws/install/my_robot/share/my_robot/package.xml
[0.617s] Invoked command in '/root/ros2_ws/build/my_robot' returned '0': CMAKE_PREFIX_PATH=/opt/ros/humble /usr/bin/cmake --install /root/ros2_ws/build/my_robot
