[0.000000] (-) TimerEvent: {}
[0.000245] (my_robot) JobQueued: {'identifier': 'my_robot', 'dependencies': OrderedDict()}
[0.000567] (my_robot) JobStarted: {'identifier': 'my_robot'}
[0.009757] (my_robot) JobProgress: {'identifier': 'my_robot', 'progress': 'cmake'}
[0.011006] (my_robot) Command: {'cmd': ['/usr/bin/cmake', '/root/ros2_ws/src/my_robot', '-DCMAKE_INSTALL_PREFIX=/root/ros2_ws/install/my_robot'], 'cwd': '/root/ros2_ws/build/my_robot', 'env': OrderedDict([('HOSTNAME', 'fedora'), ('SHLVL', '0'), ('LIBGL_ALWAYS_SOFTWARE', '1'), ('HOME', '/root'), ('ROS_DISTRO', 'humble'), ('_', '/usr/bin/colcon'), ('QT_X11_NO_MITSHM', '1'), ('PATH', '/usr/local/sbin:/usr/local/bin:/usr/sbin:/usr/bin:/sbin:/bin'), ('DISPLAY', ':0'), ('LANG', 'C.UTF-8'), ('PWD', '/root/ros2_ws/build/my_robot'), ('LC_ALL', 'C.UTF-8'), ('COLCON', '1')]), 'shell': False}
[0.099775] (-) TimerEvent: {}
[0.199996] (-) TimerEvent: {}
[0.244927] (my_robot) StdoutLine: {'line': b'-- The C compiler identification is GNU 11.4.0\n'}
[0.300122] (-) TimerEvent: {}
[0.400640] (-) TimerEvent: {}
[0.404929] (my_robot) StdoutLine: {'line': b'-- The CXX compiler identification is GNU 11.4.0\n'}
[0.419872] (my_robot) StdoutLine: {'line': b'-- Detecting C compiler ABI info\n'}
[0.500850] (-) TimerEvent: {}
[0.520376] (my_robot) StdoutLine: {'line': b'-- Detecting C compiler ABI info - done\n'}
[0.533080] (my_robot) StdoutLine: {'line': b'-- Check for working C compiler: /usr/bin/cc - skipped\n'}
[0.534124] (my_robot) StdoutLine: {'line': b'-- Detecting C compile features\n'}
[0.537514] (my_robot) StdoutLine: {'line': b'-- Detecting C compile features - done\n'}
[0.542732] (my_robot) StdoutLine: {'line': b'-- Detecting CXX compiler ABI info\n'}
[0.600958] (-) TimerEvent: {}
[0.646236] (my_robot) StdoutLine: {'line': b'-- Detecting CXX compiler ABI info - done\n'}
[0.660137] (my_robot) StdoutLine: {'line': b'-- Check for working CXX compiler: /usr/bin/c++ - skipped\n'}
[0.660681] (my_robot) StdoutLine: {'line': b'-- Detecting CXX compile features\n'}
[0.661053] (my_robot) StdoutLine: {'line': b'-- Detecting CXX compile features - done\n'}
[0.680033] (my_robot) StderrLine: {'line': b'CMake Error at CMakeLists.txt:9 (find_package):\n'}
[0.680212] (my_robot) StderrLine: {'line': b'  By not providing "Findament_cmake.cmake" in CMAKE_MODULE_PATH this project\n'}
[0.680311] (my_robot) StderrLine: {'line': b'  has asked CMake to find a package configuration file provided by\n'}
[0.680420] (my_robot) StderrLine: {'line': b'  "ament_cmake", but CMake did not find one.\n'}
[0.680502] (my_robot) StderrLine: {'line': b'\n'}
[0.680582] (my_robot) StderrLine: {'line': b'  Could not find a package configuration file provided by "ament_cmake" with\n'}
[0.680662] (my_robot) StderrLine: {'line': b'  any of the following names:\n'}
[0.680743] (my_robot) StderrLine: {'line': b'\n'}
[0.680822] (my_robot) StderrLine: {'line': b'    ament_cmakeConfig.cmake\n'}
[0.680901] (my_robot) StderrLine: {'line': b'    ament_cmake-config.cmake\n'}
[0.680979] (my_robot) StderrLine: {'line': b'\n'}
[0.681056] (my_robot) StderrLine: {'line': b'  Add the installation prefix of "ament_cmake" to CMAKE_PREFIX_PATH or set\n'}
[0.681136] (my_robot) StderrLine: {'line': b'  "ament_cmake_DIR" to a directory containing one of the above files.  If\n'}
[0.681214] (my_robot) StderrLine: {'line': b'  "ament_cmake" provides a separate development package or SDK, be sure it\n'}
[0.681293] (my_robot) StderrLine: {'line': b'  has been installed.\n'}
[0.681379] (my_robot) StderrLine: {'line': b'\n'}
[0.681457] (my_robot) StderrLine: {'line': b'\n'}
[0.681535] (my_robot) StdoutLine: {'line': b'-- Configuring incomplete, errors occurred!\n'}
[0.681617] (my_robot) StdoutLine: {'line': b'See also "/root/ros2_ws/build/my_robot/CMakeFiles/CMakeOutput.log".\n'}
[0.686054] (my_robot) CommandEnded: {'returncode': 1}
[0.701079] (-) TimerEvent: {}
[0.714079] (my_robot) JobEnded: {'identifier': 'my_robot', 'rc': 1}
[0.725807] (-) EventReactorShutdown: {}
