-- Install configuration: ""
-- Up-to-date: /root/ros2_ws/install/turtlebot3_simulation/lib/turtlebot3_simulation/velocity_controller.py
-- Up-to-date: /root/ros2_ws/install/turtlebot3_simulation/lib/turtlebot3_simulation/teleop_node.py
-- Up-to-date: /root/ros2_ws/install/turtlebot3_simulation/lib/turtlebot3_simulation/service_server.py
-- Up-to-date: /root/ros2_ws/install/turtlebot3_simulation/lib/turtlebot3_simulation/action_server.py
-- Up-to-date: /root/ros2_ws/install/turtlebot3_simulation/lib/turtlebot3_simulation
-- Up-to-date: /root/ros2_ws/install/turtlebot3_simulation/lib/turtlebot3_simulation/velocity_controller.py
-- Up-to-date: /root/ros2_ws/install/turtlebot3_simulation/lib/turtlebot3_simulation/teleop_node.py
-- Up-to-date: /root/ros2_ws/install/turtlebot3_simulation/lib/turtlebot3_simulation/service_server.py
-- Up-to-date: /root/ros2_ws/install/turtlebot3_simulation/lib/turtlebot3_simulation/action_server.py
-- Up-to-date: /root/ros2_ws/install/turtlebot3_simulation/share/turtlebot3_simulation/launch
-- Up-to-date: /root/ros2_ws/install/turtlebot3_simulation/share/turtlebot3_simulation/launch/turtlebot3_simulation.launch.py
-- Up-to-date: /root/ros2_ws/install/turtlebot3_simulation/share/turtlebot3_simulation/launch/gazebo_only.launch.py
-- Up-to-date: /root/ros2_ws/install/turtlebot3_simulation/share/turtlebot3_simulation/launch/rviz_only.launch.py
-- Up-to-date: /root/ros2_ws/install/turtlebot3_simulation/share/turtlebot3_simulation/urdf
-- Up-to-date: /root/ros2_ws/install/turtlebot3_simulation/share/turtlebot3_simulation/urdf/turtlebot3_burger.urdf
-- Up-to-date: /root/ros2_ws/install/turtlebot3_simulation/share/turtlebot3_simulation/rviz
-- Up-to-date: /root/ros2_ws/install/turtlebot3_simulation/share/turtlebot3_simulation/rviz/turtlebot3_view.rviz
-- Up-to-date: /root/ros2_ws/install/turtlebot3_simulation/share/turtlebot3_simulation/config
-- Up-to-date: /root/ros2_ws/install/turtlebot3_simulation/share/turtlebot3_simulation/config/turtlebot3_params.yaml
-- Up-to-date: /root/ros2_ws/install/turtlebot3_simulation/share/turtlebot3_simulation/worlds
-- Up-to-date: /root/ros2_ws/install/turtlebot3_simulation/share/turtlebot3_simulation/worlds/empty_world.world
-- Up-to-date: /root/ros2_ws/install/turtlebot3_simulation/share/ament_index/resource_index/package_run_dependencies/turtlebot3_simulation
-- Up-to-date: /root/ros2_ws/install/turtlebot3_simulation/share/ament_index/resource_index/parent_prefix_path/turtlebot3_simulation
-- Up-to-date: /root/ros2_ws/install/turtlebot3_simulation/share/turtlebot3_simulation/environment/ament_prefix_path.sh
-- Up-to-date: /root/ros2_ws/install/turtlebot3_simulation/share/turtlebot3_simulation/environment/ament_prefix_path.dsv
-- Up-to-date: /root/ros2_ws/install/turtlebot3_simulation/share/turtlebot3_simulation/environment/path.sh
-- Up-to-date: /root/ros2_ws/install/turtlebot3_simulation/share/turtlebot3_simulation/environment/path.dsv
-- Up-to-date: /root/ros2_ws/install/turtlebot3_simulation/share/turtlebot3_simulation/local_setup.bash
-- Up-to-date: /root/ros2_ws/install/turtlebot3_simulation/share/turtlebot3_simulation/local_setup.sh
-- Up-to-date: /root/ros2_ws/install/turtlebot3_simulation/share/turtlebot3_simulation/local_setup.zsh
-- Up-to-date: /root/ros2_ws/install/turtlebot3_simulation/share/turtlebot3_simulation/local_setup.dsv
-- Up-to-date: /root/ros2_ws/install/turtlebot3_simulation/share/turtlebot3_simulation/package.dsv
-- Up-to-date: /root/ros2_ws/install/turtlebot3_simulation/share/ament_index/resource_index/packages/turtlebot3_simulation
-- Up-to-date: /root/ros2_ws/install/turtlebot3_simulation/share/turtlebot3_simulation/cmake/turtlebot3_simulationConfig.cmake
-- Up-to-date: /root/ros2_ws/install/turtlebot3_simulation/share/turtlebot3_simulation/cmake/turtlebot3_simulationConfig-version.cmake
-- Up-to-date: /root/ros2_ws/install/turtlebot3_simulation/share/turtlebot3_simulation/package.xml
