[0.000000] (-) TimerEvent: {}
[0.000214] (my_robot) JobQueued: {'identifier': 'my_robot', 'dependencies': OrderedDict()}
[0.000943] (my_robot) JobStarted: {'identifier': 'my_robot'}
[0.023561] (my_robot) JobProgress: {'identifier': 'my_robot', 'progress': 'cmake'}
[0.024929] (my_robot) Command: {'cmd': ['/usr/bin/cmake', '/home/skywalker/ros2_ws/src/my_robot', '-DCMAKE_INSTALL_PREFIX=/home/skywalker/ros2_ws/install/my_robot'], 'cwd': '/home/skywalker/ros2_ws/build/my_robot', 'env': OrderedDict({'SHELL': '/bin/bash', 'ROS_VERSION': '2', 'COLORTERM': 'truecolor', 'VSCODE_DEBUGPY_ADAPTER_ENDPOINTS': '/home/skywalker/.windsurf/extensions/ms-python.debugpy-2025.18.0-linux-x64/.noConfigDebugAdapterEndpoints/endpoint-1b6384386339d7d3.txt', 'HISTCONTROL': 'ignoredups', 'XDG_MENU_PREFIX': 'gnome-', 'TERM_PROGRAM_VERSION': '1.108.2', 'QT_IM_MODULES': 'wayland;ibus', 'PKG_CONFIG_PATH': '/home/skywalker/Downloads/sys/ros2/glnxa64/ros2/lib/x86_64-linux-gnu/pkgconfig:/home/skywalker/Downloads/sys/ros2/glnxa64/ros2/lib/pkgconfig', 'ROS_PYTHON_VERSION': '3', 'HISTSIZE': '1000', 'HOSTNAME': 'fedora', 'SSH_AUTH_SOCK': '/run/user/1000/gcr/ssh', 'MEMORY_PRESSURE_WRITE': 'c29tZSAyMDAwMDAgMjAwMDAwMAA=', 'PYDEVD_DISABLE_FILE_VALIDATION': '1', 'XMODIFIERS': '@im=ibus', 'DESKTOP_SESSION': 'gnome', 'NO_AT_BRIDGE': '1', 'GPG_TTY': 'not a tty', 'EDITOR': '/usr/bin/nano', 'PWD': '/home/skywalker/ros2_ws/build/my_robot', 'LOGNAME': 'skywalker', 'XDG_SESSION_DESKTOP': 'gnome', 'XDG_SESSION_TYPE': 'wayland', 'SYSTEMD_EXEC_PID': '3872', 'BUNDLED_DEBUGPY_PATH': '/home/skywalker/.windsurf/extensions/ms-python.debugpy-2025.18.0-linux-x64/bundled/libs/debugpy', 'XAUTHORITY': '/run/user/1000/.mutter-Xwaylandauth.KL85M3', 'VSCODE_GIT_ASKPASS_NODE': '/usr/share/windsurf/windsurf', 'GJS_DEBUG_TOPICS': 'JS ERROR;JS LOG', 'GDM_LANG': 'en_US.UTF-8', 'HOME': '/home/skywalker', 'USERNAME': 'skywalker', 'LANG': 'en_US.UTF-8', 'XDG_CURRENT_DESKTOP': 'GNOME', 'MEMORY_PRESSURE_WATCH': '/sys/fs/cgroup/user.slice/user-1000.slice/user@1000.service/session.slice/org.gnome.Shell@wayland.service/memory.pressure', 'PYTHONSTARTUP': '/home/skywalker/.config/Windsurf/User/workspaceStorage/ba2a18d57539d8d6e356af6775f1f398/ms-python.python/pythonrc.py', 'WAYLAND_DISPLAY': 'wayland-0', 'WINDSURF_CASCADE_TERMINAL': '1', 'AMENT_PREFIX_PATH': '/home/skywalker/Downloads/sys/ros2/glnxa64/ros2', 'GIT_ASKPASS': '/usr/share/windsurf/resources/app/extensions/git/dist/askpass.sh', 'CMAKE_PREFIX_PATH': '/home/skywalker/Downloads/sys/ros2/glnxa64/ros2/opt/yaml_cpp_vendor:/home/skywalker/Downloads/sys/ros2/glnxa64/ros2/opt/pybind11_vendor:/home/skywalker/Downloads/sys/ros2/glnxa64/ros2/opt/console_bridge_vendor:/home/skywalker/Downloads/sys/ros2/glnxa64/ros2', 'ROS_AUTOMATIC_DISCOVERY_RANGE': 'SUBNET', 'COLCON_PREFIX_PATH': '/home/skywalker/Downloads/sys/ros2/glnxa64/ros2', 'INVOCATION_ID': '9e13f29950a040d78ed148f5af4a2f7e', 'MANAGERPID': '3635', 'CHROME_DESKTOP': 'windsurf.desktop', 'GJS_DEBUG_OUTPUT': 'stderr', 'MOZ_GMP_PATH': '/usr/lib64/mozilla/plugins/gmp-gmpopenh264/system-installed', 'VSCODE_GIT_ASKPASS_EXTRA_ARGS': '', 'GNOME_SETUP_DISPLAY': ':1', 'VSCODE_PYTHON_AUTOACTIVATE_GUARD': '1', 'XDG_SESSION_CLASS': 'user', 'PYTHONPATH': '/home/skywalker/Downloads/sys/ros2/glnxa64/ros2/lib/python3.9/site-packages', 'COLCON': '1', 'TERM': 'xterm-256color', 'PYTHON_BASIC_REPL': '1', 'LESSOPEN': '||/usr/bin/lesspipe.sh %s', 'USER': 'skywalker', 'GIT_PAGER': 'cat', 'VSCODE_GIT_IPC_HANDLE': '/run/user/1000/vscode-git-3d38e82ed8.sock', 'DISPLAY': ':0', 'SHLVL': '1', 'PAGER': 'cat', 'TURTLEBOT3_MODEL': 'burger', 'QT_IM_MODULE': 'ibus', 'MANAGERPIDFDID': '3636', 'FC_FONTATIONS': '1', 'LD_LIBRARY_PATH': '/home/skywalker/Downloads/sys/ros2/glnxa64/ros2/lib', 'XDG_RUNTIME_DIR': '/run/user/1000', 'DEBUGINFOD_URLS': 'ima:enforcing https://debuginfod.fedoraproject.org/ ima:ignore', 'DEBUGINFOD_IMA_CERT_PATH': '/etc/keys/ima:', 'WINDSURF_CASCADE_TERMINAL_KIND': 'inherit', 'VSCODE_GIT_ASKPASS_MAIN': '/usr/share/windsurf/resources/app/extensions/git/dist/askpass-main.js', 'JOURNAL_STREAM': '9:31289', 'XDG_DATA_DIRS': '/home/skywalker/.local/share/flatpak/exports/share:/var/lib/flatpak/exports/share:/usr/local/share/:/usr/share/:/var/lib/snapd/desktop', 'GDK_BACKEND': 'wayland', 'PATH': '/home/skywalker/Downloads/sys/ros2/glnxa64/ros2/bin:/home/skywalker/.cargo/bin:/home/skywalker/.local/bin:/usr/local/bin:/usr/bin:/var/lib/snapd/snap/bin:/home/skywalker/.windsurf/extensions/ms-python.debugpy-2025.18.0-linux-x64/bundled/scripts/noConfigScripts', 'GDMSESSION': 'gnome', 'DBUS_SESSION_BUS_ADDRESS': 'unix:path=/run/user/1000/bus', 'MAIL': '/var/spool/mail/skywalker', 'ROS_DISTRO': 'jazzy', 'GIO_LAUNCHED_DESKTOP_FILE_PID': '26861', 'GIO_LAUNCHED_DESKTOP_FILE': '/usr/share/applications/windsurf.desktop', 'OLDPWD': '/home/skywalker/ros2_ws', 'TERM_PROGRAM': 'vscode', '_': '/usr/bin/env'}), 'shell': False}
[0.076715] (my_robot) StderrLine: {'line': b'\x1b[0mCMake Deprecation Warning at CMakeLists.txt:1 (cmake_minimum_required):\n'}
[0.077060] (my_robot) StderrLine: {'line': b'  Compatibility with CMake < 3.10 will be removed from a future version of\n'}
[0.077271] (my_robot) StderrLine: {'line': b'  CMake.\n'}
[0.077456] (my_robot) StderrLine: {'line': b'\n'}
[0.077628] (my_robot) StderrLine: {'line': b'  Update the VERSION argument <min> value.  Or, use the <min>...<max> syntax\n'}
[0.077813] (my_robot) StderrLine: {'line': b'  to tell CMake that the project requires at least <min> but has been updated\n'}
[0.077977] (my_robot) StderrLine: {'line': b'  to work with policies introduced by <max> or earlier.\n'}
[0.078101] (my_robot) StderrLine: {'line': b'\n'}
[0.078264] (my_robot) StderrLine: {'line': b'\x1b[0m\n'}
[0.092156] (my_robot) StdoutLine: {'line': b'-- Found ament_cmake: 2.5.2 (/home/skywalker/Downloads/sys/ros2/glnxa64/ros2/share/ament_cmake/cmake)\n'}
[0.099671] (-) TimerEvent: {}
[0.200027] (-) TimerEvent: {}
[0.300363] (-) TimerEvent: {}
[0.400814] (-) TimerEvent: {}
[0.501229] (-) TimerEvent: {}
[0.601642] (-) TimerEvent: {}
[0.614562] (my_robot) StderrLine: {'line': b'\x1b[31mCMake Error at CMakeLists.txt:10 (find_package):\n'}
[0.614942] (my_robot) StderrLine: {'line': b'  By not providing "Findrclpy.cmake" in CMAKE_MODULE_PATH this project has\n'}
[0.615119] (my_robot) StderrLine: {'line': b'  asked CMake to find a package configuration file provided by "rclpy", but\n'}
[0.615375] (my_robot) StderrLine: {'line': b'  CMake did not find one.\n'}
[0.615611] (my_robot) StderrLine: {'line': b'\n'}
[0.615840] (my_robot) StderrLine: {'line': b'  Could not find a package configuration file provided by "rclpy" with any of\n'}
[0.616015] (my_robot) StderrLine: {'line': b'  the following names:\n'}
[0.616173] (my_robot) StderrLine: {'line': b'\n'}
[0.616332] (my_robot) StderrLine: {'line': b'    rclpyConfig.cmake\n'}
[0.616926] (my_robot) StderrLine: {'line': b'    rclpy-config.cmake\n'}
[0.617115] (my_robot) StderrLine: {'line': b'\n'}
[0.617296] (my_robot) StderrLine: {'line': b'  Add the installation prefix of "rclpy" to CMAKE_PREFIX_PATH or set\n'}
[0.617494] (my_robot) StderrLine: {'line': b'  "rclpy_DIR" to a directory containing one of the above files.  If "rclpy"\n'}
[0.617761] (my_robot) StderrLine: {'line': b'  provides a separate development package or SDK, be sure it has been\n'}
[0.618047] (my_robot) StderrLine: {'line': b'  installed.\n'}
[0.618321] (my_robot) StderrLine: {'line': b'\n'}
[0.618565] (my_robot) StderrLine: {'line': b'\x1b[0m\n'}
[0.618816] (my_robot) StdoutLine: {'line': b'-- Configuring incomplete, errors occurred!\n'}
[0.620839] (my_robot) CommandEnded: {'returncode': 1}
[0.676835] (my_robot) JobEnded: {'identifier': 'my_robot', 'rc': 1}
[0.687931] (-) EventReactorShutdown: {}
